22-08-2022 12:56:52.503 [Gauge] [INFO] Initializing concepts cache with 0 concepts
22-08-2022 12:56:52.504 [Gauge] [INFO] Initializing specs cache with 1 specs
22-08-2022 12:56:52.504 [Gauge] [DEBUG] Adding specs from /home/xs242-saykun/Desktop/Office/SmokeRegression/trail3/specs/example.spec
22-08-2022 12:56:52.504 [Gauge] [INFO] Initializing steps cache with 1 steps
22-08-2022 12:56:52.504 [Gauge] [INFO] Starting language runner
22-08-2022 12:56:52.505 [Gauge] [DEBUG] Watching directory: /home/xs242-saykun/Desktop/Office/SmokeRegression/trail3/specs
22-08-2022 12:56:52.505 [Gauge] [DEBUG] Found 1 files
22-08-2022 12:56:52.510 [java] [DEBUG] ***** Printing Properties/Env Values *****
22-08-2022 12:56:52.510 [java] [DEBUG] PATH: /home/xs242-saykun/bin:/usr/local/sbin:/usr/local/bin:/usr/sbin:/usr/bin:/sbin:/bin:/usr/games:/usr/local/games:/snap/bin:/home/xs242-saykun/.dotnet/tools:/home/xs242-saykun/.gauge/plugins/screenshot/0.1.0
22-08-2022 12:56:52.510 [java] [DEBUG] JAVA_HOME: 
22-08-2022 12:56:52.510 [java] [DEBUG] gauge_project_root: 
22-08-2022 12:56:52.510 [java] [DEBUG] gauge_parallel_streams_count: 
22-08-2022 12:56:52.510 [java] [DEBUG] gauge_reports_dir: reports
22-08-2022 12:56:52.510 [java] [DEBUG] overwrite_reports: true
22-08-2022 12:56:52.510 [java] [DEBUG] logs_directory: logs
22-08-2022 12:56:52.510 [java] [DEBUG] enable_multithreading: false
22-08-2022 12:56:52.510 [java] [DEBUG] gauge_specs_dir: specs
22-08-2022 12:56:52.510 [java] [DEBUG] csv_delimiter: ,
22-08-2022 12:56:52.510 [java] [DEBUG] gauge_java_home: 
22-08-2022 12:56:52.510 [java] [DEBUG] gauge_custom_build_path: 
22-08-2022 12:56:52.510 [java] [DEBUG] gauge_additional_libs: libs/*
22-08-2022 12:56:52.510 [java] [DEBUG] gauge_jvm_args: 
22-08-2022 12:56:52.510 [java] [DEBUG] gauge_custom_compile_dir: 
22-08-2022 12:56:52.510 [java] [DEBUG] gauge_clear_state_level: scenario
22-08-2022 12:56:52.510 [java] [DEBUG] ***** END *****
22-08-2022 12:56:53.544 [java] [ERROR] WARNING: An illegal reflective access operation has occurred
22-08-2022 12:56:53.544 [java] [ERROR] WARNING: Illegal reflective access by com.google.inject.internal.cglib.core.$ReflectUtils$1 (file:/usr/share/maven/lib/guice.jar) to method java.lang.ClassLoader.defineClass(java.lang.String,byte[],int,int,java.security.ProtectionDomain)
22-08-2022 12:56:53.544 [java] [ERROR] WARNING: Please consider reporting this to the maintainers of com.google.inject.internal.cglib.core.$ReflectUtils$1
22-08-2022 12:56:53.544 [java] [ERROR] WARNING: Use --illegal-access=warn to enable warnings of further illegal reflective access operations
22-08-2022 12:56:53.544 [java] [ERROR] WARNING: All illegal access operations will be denied in a future release
22-08-2022 12:56:55.911 [java] [ERROR] Installed version of gauge-java (0.9.1) does not match with dependency gauge-java (0.7.15) specified in pom.xml file
22-08-2022 12:56:55.911 [java] [DEBUG] classpath set to /home/xs242-saykun/Desktop/Office/SmokeRegression/trail3/target/test-classes:/home/xs242-saykun/Desktop/Office/SmokeRegression/trail3/target/classes:/home/xs242-saykun/.m2/repository/com/thoughtworks/gauge/gauge-java/0.7.15/gauge-java-0.7.15.jar:/home/xs242-saykun/.m2/repository/com/github/javaparser/javaparser-core/3.16.3/javaparser-core-3.16.3.jar:/home/xs242-saykun/.m2/repository/commons-io/commons-io/2.8.0/commons-io-2.8.0.jar:/home/xs242-saykun/.m2/repository/commons-lang/commons-lang/2.6/commons-lang-2.6.jar:/home/xs242-saykun/.m2/repository/org/json/json/20210307/json-20210307.jar:/home/xs242-saykun/.m2/repository/com/google/protobuf/protobuf-java/3.15.8/protobuf-java-3.15.8.jar:/home/xs242-saykun/.m2/repository/com/google/guava/guava/30.1.1-jre/guava-30.1.1-jre.jar:/home/xs242-saykun/.m2/repository/com/google/guava/failureaccess/1.0.1/failureaccess-1.0.1.jar:/home/xs242-saykun/.m2/repository/com/google/guava/listenablefuture/9999.0-empty-to-avoid-conflict-with-guava/listenablefuture-9999.0-empty-to-avoid-conflict-with-guava.jar:/home/xs242-saykun/.m2/repository/com/google/code/findbugs/jsr305/3.0.2/jsr305-3.0.2.jar:/home/xs242-saykun/.m2/repository/org/checkerframework/checker-qual/3.8.0/checker-qual-3.8.0.jar:/home/xs242-saykun/.m2/repository/com/google/errorprone/error_prone_annotations/2.5.1/error_prone_annotations-2.5.1.jar:/home/xs242-saykun/.m2/repository/com/google/j2objc/j2objc-annotations/1.3/j2objc-annotations-1.3.jar:/home/xs242-saykun/.m2/repository/io/grpc/grpc-netty-shaded/1.37.0/grpc-netty-shaded-1.37.0.jar:/home/xs242-saykun/.m2/repository/io/grpc/grpc-core/1.37.0/grpc-core-1.37.0.jar:/home/xs242-saykun/.m2/repository/com/google/android/annotations/4.1.1.4/annotations-4.1.1.4.jar:/home/xs242-saykun/.m2/repository/io/perfmark/perfmark-api/0.23.0/perfmark-api-0.23.0.jar:/home/xs242-saykun/.m2/repository/io/grpc/grpc-protobuf/1.37.0/grpc-protobuf-1.37.0.jar:/home/xs242-saykun/.m2/repository/io/grpc/grpc-api/1.37.0/grpc-api-1.37.0.jar:/home/xs242-saykun/.m2/repository/io/grpc/grpc-context/1.37.0/grpc-context-1.37.0.jar:/home/xs242-saykun/.m2/repository/com/google/api/grpc/proto-google-common-protos/2.0.1/proto-google-common-protos-2.0.1.jar:/home/xs242-saykun/.m2/repository/io/grpc/grpc-protobuf-lite/1.37.0/grpc-protobuf-lite-1.37.0.jar:/home/xs242-saykun/.m2/repository/org/codehaus/mojo/animal-sniffer-annotations/1.19/animal-sniffer-annotations-1.19.jar:/home/xs242-saykun/.m2/repository/io/grpc/grpc-stub/1.37.0/grpc-stub-1.37.0.jar:/home/xs242-saykun/.m2/repository/javax/annotation/javax.annotation-api/1.3.2/javax.annotation-api-1.3.2.jar:/home/xs242-saykun/.m2/repository/org/assertj/assertj-core/3.19.0/assertj-core-3.19.0.jar:/home/xs242-saykun/.m2/repository/org/seleniumhq/selenium/selenium-java/3.141.59/selenium-java-3.141.59.jar:/home/xs242-saykun/.m2/repository/org/seleniumhq/selenium/selenium-api/3.141.59/selenium-api-3.141.59.jar:/home/xs242-saykun/.m2/repository/org/seleniumhq/selenium/selenium-chrome-driver/3.141.59/selenium-chrome-driver-3.141.59.jar:/home/xs242-saykun/.m2/repository/org/seleniumhq/selenium/selenium-edge-driver/3.141.59/selenium-edge-driver-3.141.59.jar:/home/xs242-saykun/.m2/repository/org/seleniumhq/selenium/selenium-firefox-driver/3.141.59/selenium-firefox-driver-3.141.59.jar:/home/xs242-saykun/.m2/repository/org/seleniumhq/selenium/selenium-ie-driver/3.141.59/selenium-ie-driver-3.141.59.jar:/home/xs242-saykun/.m2/repository/org/seleniumhq/selenium/selenium-opera-driver/3.141.59/selenium-opera-driver-3.141.59.jar:/home/xs242-saykun/.m2/repository/org/seleniumhq/selenium/selenium-remote-driver/3.141.59/selenium-remote-driver-3.141.59.jar:/home/xs242-saykun/.m2/repository/org/seleniumhq/selenium/selenium-safari-driver/3.141.59/selenium-safari-driver-3.141.59.jar:/home/xs242-saykun/.m2/repository/org/seleniumhq/selenium/selenium-support/3.141.59/selenium-support-3.141.59.jar:/home/xs242-saykun/.m2/repository/net/bytebuddy/byte-buddy/1.8.15/byte-buddy-1.8.15.jar:/home/xs242-saykun/.m2/repository/org/apache/commons/commons-exec/1.3/commons-exec-1.3.jar:/home/xs242-saykun/.m2/repository/com/squareup/okhttp3/okhttp/3.11.0/okhttp-3.11.0.jar:/home/xs242-saykun/.m2/repository/com/squareup/okio/okio/1.14.0/okio-1.14.0.jar:/home/xs242-saykun/.m2/repository/io/github/bonigarcia/webdrivermanager/4.4.0/webdrivermanager-4.4.0.jar:/home/xs242-saykun/.m2/repository/org/slf4j/slf4j-api/1.7.30/slf4j-api-1.7.30.jar:/home/xs242-saykun/.m2/repository/com/google/code/gson/gson/2.8.6/gson-2.8.6.jar:/home/xs242-saykun/.m2/repository/org/apache/commons/commons-lang3/3.12.0/commons-lang3-3.12.0.jar:/home/xs242-saykun/.m2/repository/org/apache/httpcomponents/client5/httpclient5/5.0.3/httpclient5-5.0.3.jar:/home/xs242-saykun/.m2/repository/org/apache/httpcomponents/core5/httpcore5/5.0.2/httpcore5-5.0.2.jar:/home/xs242-saykun/.m2/repository/org/apache/httpcomponents/core5/httpcore5-h2/5.0.2/httpcore5-h2-5.0.2.jar:/home/xs242-saykun/.m2/repository/commons-codec/commons-codec/1.13/commons-codec-1.13.jar:/home/xs242-saykun/.m2/repository/org/rauschig/jarchivelib/1.1.0/jarchivelib-1.1.0.jar:/home/xs242-saykun/.m2/repository/org/apache/commons/commons-compress/1.20/commons-compress-1.20.jar:/home/xs242-saykun/.m2/repository/org/jsoup/jsoup/1.13.1/jsoup-1.13.1.jar:/home/xs242-saykun/.m2/repository/org/reflections/reflections/0.9.10/reflections-0.9.10.jar:/home/xs242-saykun/.m2/repository/org/javassist/javassist/3.19.0-GA/javassist-3.19.0-GA.jar:/home/xs242-saykun/.m2/repository/com/google/code/findbugs/annotations/2.0.1/annotations-2.0.1.jar
22-08-2022 12:56:55.911 [java] [DEBUG] found java executable in java
22-08-2022 12:56:55.911 [java] [DEBUG] running - java [-Dfile.encoding=UTF-8 com.thoughtworks.gauge.GaugeRuntime --start]
22-08-2022 12:56:55.911 [java] [DEBUG] stdout/stderr is logged to logs/1047660-java.out
22-08-2022 12:56:55.986 [java] [DEBUG] multithreading is set to false
22-08-2022 12:56:56.287 [java] [DEBUG] Using reflection to scan dependencies for gauge implementations...
22-08-2022 12:56:56.367 [java] [ERROR] SLF4J: Failed to load class "org.slf4j.impl.StaticLoggerBinder".
22-08-2022 12:56:56.367 [java] [ERROR] SLF4J: Defaulting to no-operation (NOP) logger implementation
22-08-2022 12:56:56.367 [java] [ERROR] SLF4J: See http://www.slf4j.org/codes.html#StaticLoggerBinder for further details.
22-08-2022 12:56:56.776 [java] [DEBUG] gauge-java took 789milliseconds to load and scan. This should be less than 'runner_connection_timeout' config value.
22-08-2022 12:56:56.777 [java] [DEBUG] run 'gauge config runner_connection_timeout' and verify that it is < 789
22-08-2022 12:56:56.777 [java] [DEBUG] starting gRPC server...
22-08-2022 12:56:56.956 [Gauge] [DEBUG] Attempting to connect to grpc server at port: 40075
22-08-2022 12:56:57.193 [Gauge] [DEBUG] Successfully made the connection with runner with port: 40075
22-08-2022 12:56:57.193 [Gauge] [INFO] LangServer: reading on stdin, writing on stdout
22-08-2022 12:57:00.105 [Gauge] [INFO] Initializing concepts cache with 0 concepts
22-08-2022 12:57:00.106 [Gauge] [INFO] Initializing specs cache with 1 specs
22-08-2022 12:57:00.106 [Gauge] [DEBUG] Adding specs from /home/xs242-saykun/Desktop/Office/SmokeRegression/trail3/specs/example.spec
22-08-2022 12:57:00.106 [Gauge] [INFO] Initializing steps cache with 1 steps
22-08-2022 12:57:00.106 [Gauge] [INFO] Starting language runner
22-08-2022 12:57:00.107 [Gauge] [DEBUG] Watching directory: /home/xs242-saykun/Desktop/Office/SmokeRegression/trail3/specs
22-08-2022 12:57:00.107 [Gauge] [DEBUG] Found 1 files
22-08-2022 12:57:00.117 [java] [DEBUG] ***** Printing Properties/Env Values *****
22-08-2022 12:57:00.117 [java] [DEBUG] PATH: /home/xs242-saykun/bin:/usr/local/sbin:/usr/local/bin:/usr/sbin:/usr/bin:/sbin:/bin:/usr/games:/usr/local/games:/snap/bin:/home/xs242-saykun/.dotnet/tools:/home/xs242-saykun/.gauge/plugins/screenshot/0.1.0
22-08-2022 12:57:00.117 [java] [DEBUG] JAVA_HOME: 
22-08-2022 12:57:00.117 [java] [DEBUG] gauge_project_root: 
22-08-2022 12:57:00.117 [java] [DEBUG] gauge_parallel_streams_count: 
22-08-2022 12:57:00.117 [java] [DEBUG] gauge_reports_dir: reports
22-08-2022 12:57:00.117 [java] [DEBUG] overwrite_reports: true
22-08-2022 12:57:00.117 [java] [DEBUG] logs_directory: logs
22-08-2022 12:57:00.117 [java] [DEBUG] enable_multithreading: false
22-08-2022 12:57:00.117 [java] [DEBUG] gauge_specs_dir: specs
22-08-2022 12:57:00.117 [java] [DEBUG] csv_delimiter: ,
22-08-2022 12:57:00.117 [java] [DEBUG] gauge_java_home: 
22-08-2022 12:57:00.117 [java] [DEBUG] gauge_custom_build_path: 
22-08-2022 12:57:00.117 [java] [DEBUG] gauge_additional_libs: libs/*
22-08-2022 12:57:00.117 [java] [DEBUG] gauge_jvm_args: 
22-08-2022 12:57:00.117 [java] [DEBUG] gauge_custom_compile_dir: 
22-08-2022 12:57:00.117 [java] [DEBUG] gauge_clear_state_level: scenario
22-08-2022 12:57:00.117 [java] [DEBUG] ***** END *****
22-08-2022 12:57:01.345 [java] [ERROR] WARNING: An illegal reflective access operation has occurred
22-08-2022 12:57:01.345 [java] [ERROR] WARNING: Illegal reflective access by com.google.inject.internal.cglib.core.$ReflectUtils$1 (file:/usr/share/maven/lib/guice.jar) to method java.lang.ClassLoader.defineClass(java.lang.String,byte[],int,int,java.security.ProtectionDomain)
22-08-2022 12:57:01.345 [java] [ERROR] WARNING: Please consider reporting this to the maintainers of com.google.inject.internal.cglib.core.$ReflectUtils$1
22-08-2022 12:57:01.346 [java] [ERROR] WARNING: Use --illegal-access=warn to enable warnings of further illegal reflective access operations
22-08-2022 12:57:01.346 [java] [ERROR] WARNING: All illegal access operations will be denied in a future release
22-08-2022 12:57:04.284 [java] [ERROR] Installed version of gauge-java (0.9.1) does not match with dependency gauge-java (0.7.15) specified in pom.xml file
22-08-2022 12:57:04.284 [java] [DEBUG] classpath set to /home/xs242-saykun/Desktop/Office/SmokeRegression/trail3/target/test-classes:/home/xs242-saykun/Desktop/Office/SmokeRegression/trail3/target/classes:/home/xs242-saykun/.m2/repository/com/thoughtworks/gauge/gauge-java/0.7.15/gauge-java-0.7.15.jar:/home/xs242-saykun/.m2/repository/com/github/javaparser/javaparser-core/3.16.3/javaparser-core-3.16.3.jar:/home/xs242-saykun/.m2/repository/commons-io/commons-io/2.8.0/commons-io-2.8.0.jar:/home/xs242-saykun/.m2/repository/commons-lang/commons-lang/2.6/commons-lang-2.6.jar:/home/xs242-saykun/.m2/repository/org/json/json/20210307/json-20210307.jar:/home/xs242-saykun/.m2/repository/com/google/protobuf/protobuf-java/3.15.8/protobuf-java-3.15.8.jar:/home/xs242-saykun/.m2/repository/com/google/guava/guava/30.1.1-jre/guava-30.1.1-jre.jar:/home/xs242-saykun/.m2/repository/com/google/guava/failureaccess/1.0.1/failureaccess-1.0.1.jar:/home/xs242-saykun/.m2/repository/com/google/guava/listenablefuture/9999.0-empty-to-avoid-conflict-with-guava/listenablefuture-9999.0-empty-to-avoid-conflict-with-guava.jar:/home/xs242-saykun/.m2/repository/com/google/code/findbugs/jsr305/3.0.2/jsr305-3.0.2.jar:/home/xs242-saykun/.m2/repository/org/checkerframework/checker-qual/3.8.0/checker-qual-3.8.0.jar:/home/xs242-saykun/.m2/repository/com/google/errorprone/error_prone_annotations/2.5.1/error_prone_annotations-2.5.1.jar:/home/xs242-saykun/.m2/repository/com/google/j2objc/j2objc-annotations/1.3/j2objc-annotations-1.3.jar:/home/xs242-saykun/.m2/repository/io/grpc/grpc-netty-shaded/1.37.0/grpc-netty-shaded-1.37.0.jar:/home/xs242-saykun/.m2/repository/io/grpc/grpc-core/1.37.0/grpc-core-1.37.0.jar:/home/xs242-saykun/.m2/repository/com/google/android/annotations/4.1.1.4/annotations-4.1.1.4.jar:/home/xs242-saykun/.m2/repository/io/perfmark/perfmark-api/0.23.0/perfmark-api-0.23.0.jar:/home/xs242-saykun/.m2/repository/io/grpc/grpc-protobuf/1.37.0/grpc-protobuf-1.37.0.jar:/home/xs242-saykun/.m2/repository/io/grpc/grpc-api/1.37.0/grpc-api-1.37.0.jar:/home/xs242-saykun/.m2/repository/io/grpc/grpc-context/1.37.0/grpc-context-1.37.0.jar:/home/xs242-saykun/.m2/repository/com/google/api/grpc/proto-google-common-protos/2.0.1/proto-google-common-protos-2.0.1.jar:/home/xs242-saykun/.m2/repository/io/grpc/grpc-protobuf-lite/1.37.0/grpc-protobuf-lite-1.37.0.jar:/home/xs242-saykun/.m2/repository/org/codehaus/mojo/animal-sniffer-annotations/1.19/animal-sniffer-annotations-1.19.jar:/home/xs242-saykun/.m2/repository/io/grpc/grpc-stub/1.37.0/grpc-stub-1.37.0.jar:/home/xs242-saykun/.m2/repository/javax/annotation/javax.annotation-api/1.3.2/javax.annotation-api-1.3.2.jar:/home/xs242-saykun/.m2/repository/org/assertj/assertj-core/3.19.0/assertj-core-3.19.0.jar:/home/xs242-saykun/.m2/repository/org/seleniumhq/selenium/selenium-java/3.141.59/selenium-java-3.141.59.jar:/home/xs242-saykun/.m2/repository/org/seleniumhq/selenium/selenium-api/3.141.59/selenium-api-3.141.59.jar:/home/xs242-saykun/.m2/repository/org/seleniumhq/selenium/selenium-chrome-driver/3.141.59/selenium-chrome-driver-3.141.59.jar:/home/xs242-saykun/.m2/repository/org/seleniumhq/selenium/selenium-edge-driver/3.141.59/selenium-edge-driver-3.141.59.jar:/home/xs242-saykun/.m2/repository/org/seleniumhq/selenium/selenium-firefox-driver/3.141.59/selenium-firefox-driver-3.141.59.jar:/home/xs242-saykun/.m2/repository/org/seleniumhq/selenium/selenium-ie-driver/3.141.59/selenium-ie-driver-3.141.59.jar:/home/xs242-saykun/.m2/repository/org/seleniumhq/selenium/selenium-opera-driver/3.141.59/selenium-opera-driver-3.141.59.jar:/home/xs242-saykun/.m2/repository/org/seleniumhq/selenium/selenium-remote-driver/3.141.59/selenium-remote-driver-3.141.59.jar:/home/xs242-saykun/.m2/repository/org/seleniumhq/selenium/selenium-safari-driver/3.141.59/selenium-safari-driver-3.141.59.jar:/home/xs242-saykun/.m2/repository/org/seleniumhq/selenium/selenium-support/3.141.59/selenium-support-3.141.59.jar:/home/xs242-saykun/.m2/repository/net/bytebuddy/byte-buddy/1.8.15/byte-buddy-1.8.15.jar:/home/xs242-saykun/.m2/repository/org/apache/commons/commons-exec/1.3/commons-exec-1.3.jar:/home/xs242-saykun/.m2/repository/com/squareup/okhttp3/okhttp/3.11.0/okhttp-3.11.0.jar:/home/xs242-saykun/.m2/repository/com/squareup/okio/okio/1.14.0/okio-1.14.0.jar:/home/xs242-saykun/.m2/repository/io/github/bonigarcia/webdrivermanager/4.4.0/webdrivermanager-4.4.0.jar:/home/xs242-saykun/.m2/repository/org/slf4j/slf4j-api/1.7.30/slf4j-api-1.7.30.jar:/home/xs242-saykun/.m2/repository/com/google/code/gson/gson/2.8.6/gson-2.8.6.jar:/home/xs242-saykun/.m2/repository/org/apache/commons/commons-lang3/3.12.0/commons-lang3-3.12.0.jar:/home/xs242-saykun/.m2/repository/org/apache/httpcomponents/client5/httpclient5/5.0.3/httpclient5-5.0.3.jar:/home/xs242-saykun/.m2/repository/org/apache/httpcomponents/core5/httpcore5/5.0.2/httpcore5-5.0.2.jar:/home/xs242-saykun/.m2/repository/org/apache/httpcomponents/core5/httpcore5-h2/5.0.2/httpcore5-h2-5.0.2.jar:/home/xs242-saykun/.m2/repository/commons-codec/commons-codec/1.13/commons-codec-1.13.jar:/home/xs242-saykun/.m2/repository/org/rauschig/jarchivelib/1.1.0/jarchivelib-1.1.0.jar:/home/xs242-saykun/.m2/repository/org/apache/commons/commons-compress/1.20/commons-compress-1.20.jar:/home/xs242-saykun/.m2/repository/org/jsoup/jsoup/1.13.1/jsoup-1.13.1.jar:/home/xs242-saykun/.m2/repository/org/reflections/reflections/0.9.10/reflections-0.9.10.jar:/home/xs242-saykun/.m2/repository/org/javassist/javassist/3.19.0-GA/javassist-3.19.0-GA.jar:/home/xs242-saykun/.m2/repository/com/google/code/findbugs/annotations/2.0.1/annotations-2.0.1.jar
22-08-2022 12:57:04.284 [java] [DEBUG] found java executable in java
22-08-2022 12:57:04.284 [java] [DEBUG] running - java [-Dfile.encoding=UTF-8 com.thoughtworks.gauge.GaugeRuntime --start]
22-08-2022 12:57:04.284 [java] [DEBUG] stdout/stderr is logged to logs/1047986-java.out
22-08-2022 12:57:04.444 [java] [DEBUG] multithreading is set to false
22-08-2022 12:57:04.986 [java] [DEBUG] Using reflection to scan dependencies for gauge implementations...
22-08-2022 12:57:05.100 [java] [ERROR] SLF4J: Failed to load class "org.slf4j.impl.StaticLoggerBinder".
22-08-2022 12:57:05.100 [java] [ERROR] SLF4J: Defaulting to no-operation (NOP) logger implementation
22-08-2022 12:57:05.100 [java] [ERROR] SLF4J: See http://www.slf4j.org/codes.html#StaticLoggerBinder for further details.
22-08-2022 12:57:05.591 [java] [DEBUG] gauge-java took 1147milliseconds to load and scan. This should be less than 'runner_connection_timeout' config value.
22-08-2022 12:57:05.604 [java] [DEBUG] run 'gauge config runner_connection_timeout' and verify that it is < 1147
22-08-2022 12:57:05.604 [java] [DEBUG] starting gRPC server...
22-08-2022 12:57:05.860 [Gauge] [DEBUG] Attempting to connect to grpc server at port: 37491
22-08-2022 12:57:06.181 [Gauge] [DEBUG] Successfully made the connection with runner with port: 37491
22-08-2022 12:57:06.181 [Gauge] [INFO] LangServer: reading on stdin, writing on stdout
22-08-2022 12:57:06.193 [Gauge] [DEBUG] Validation started.
22-08-2022 12:57:08.015 [java] [DEBUG] Scanning packages for steps
22-08-2022 12:57:08.025 [java] [DEBUG] Scanning packages for hooks
22-08-2022 12:57:08.032 [java] [DEBUG] Scanned steps (using static parsing + reflections): 
22-08-2022 12:57:08.032 [java] [DEBUG] 	Open the Gauge homepage : public void implementation1()
22-08-2022 12:57:08.033 [java] [DEBUG] 	Go to Gauge Get Started Page : public void gotoGetStartedPage() throws InterruptedException
22-08-2022 12:57:08.033 [java] [DEBUG] 	Ensure installation instructions are available : public void ensureInstallationInstructionsAreAvailable() throws InterruptedException
22-08-2022 12:57:09.174 [Gauge] [DEBUG] Validation completed.
22-08-2022 12:57:09.175 [Gauge] [DEBUG] Validation started.
22-08-2022 12:57:09.202 [Gauge] [DEBUG] Validation completed.
22-08-2022 12:58:23.450 [Gauge] [DEBUG] Validation started.
22-08-2022 12:58:23.459 [Gauge] [DEBUG] Validation completed.
22-08-2022 12:58:44.847 [Gauge] [DEBUG] Validation started.
22-08-2022 12:58:44.867 [Gauge] [DEBUG] Validation completed.
22-08-2022 12:58:50.469 [Gauge] [DEBUG] Validation started.
22-08-2022 12:58:50.494 [Gauge] [DEBUG] Validation completed.
22-08-2022 12:59:21.285 [Gauge] [DEBUG] Validation started.
22-08-2022 12:59:21.296 [Gauge] [DEBUG] Validation completed.
22-08-2022 12:59:27.047 [Gauge] [DEBUG] Validation started.
22-08-2022 12:59:27.060 [Gauge] [DEBUG] Validation completed.
22-08-2022 12:59:27.167 [Gauge] [DEBUG] Validation started.
22-08-2022 12:59:27.196 [Gauge] [DEBUG] Validation completed.
22-08-2022 12:59:34.284 [Gauge] [DEBUG] Validation started.
22-08-2022 12:59:34.290 [Gauge] [DEBUG] Validation completed.
22-08-2022 12:59:34.317 [Gauge] [DEBUG] Validation started.
22-08-2022 12:59:34.324 [Gauge] [DEBUG] Validation completed.
22-08-2022 12:59:38.323 [Gauge] [DEBUG] Validation started.
22-08-2022 12:59:38.340 [Gauge] [DEBUG] Validation completed.
22-08-2022 12:59:38.620 [Gauge] [DEBUG] Spec file added / modified: /home/xs242-saykun/Desktop/Office/SmokeRegression/trail3/specs/example.spec
22-08-2022 12:59:38.621 [Gauge] [DEBUG] Spec file added / modified: /home/xs242-saykun/Desktop/Office/SmokeRegression/trail3/specs/example.spec
22-08-2022 12:59:39.676 [Gauge] [DEBUG] Validation started.
22-08-2022 12:59:39.690 [Gauge] [DEBUG] Validation completed.
22-08-2022 12:59:39.980 [Gauge] [DEBUG] Spec file added / modified: /home/xs242-saykun/Desktop/Office/SmokeRegression/trail3/specs/example.spec
22-08-2022 12:59:39.980 [Gauge] [DEBUG] Spec file added / modified: /home/xs242-saykun/Desktop/Office/SmokeRegression/trail3/specs/example.spec
22-08-2022 12:59:40.225 [Gauge] [DEBUG] Validation started.
22-08-2022 12:59:40.234 [Gauge] [DEBUG] Validation completed.
22-08-2022 12:59:40.667 [Gauge] [DEBUG] Validation started.
22-08-2022 12:59:40.682 [Gauge] [DEBUG] Validation completed.
22-08-2022 12:59:41.298 [Gauge] [DEBUG] Validation started.
22-08-2022 12:59:41.320 [Gauge] [DEBUG] Validation completed.
22-08-2022 12:59:41.678 [Gauge] [DEBUG] Validation started.
22-08-2022 12:59:41.690 [Gauge] [DEBUG] Validation completed.
22-08-2022 12:59:42.012 [Gauge] [DEBUG] Validation started.
22-08-2022 12:59:42.018 [Gauge] [DEBUG] Validation completed.
22-08-2022 12:59:42.309 [Gauge] [DEBUG] Spec file added / modified: /home/xs242-saykun/Desktop/Office/SmokeRegression/trail3/specs/example.spec
22-08-2022 12:59:42.310 [Gauge] [DEBUG] Spec file added / modified: /home/xs242-saykun/Desktop/Office/SmokeRegression/trail3/specs/example.spec
22-08-2022 12:59:44.418 [Gauge] [DEBUG] Validation started.
22-08-2022 12:59:44.421 [Gauge] [DEBUG] Validation completed.
22-08-2022 12:59:44.714 [Gauge] [DEBUG] Spec file added / modified: /home/xs242-saykun/Desktop/Office/SmokeRegression/trail3/specs/example.spec
22-08-2022 12:59:44.714 [Gauge] [DEBUG] Spec file added / modified: /home/xs242-saykun/Desktop/Office/SmokeRegression/trail3/specs/example.spec
22-08-2022 12:59:50.655 [Gauge] [DEBUG] Validation started.
22-08-2022 12:59:50.666 [Gauge] [DEBUG] Validation completed.
22-08-2022 12:59:51.122 [Gauge] [DEBUG] Validation started.
22-08-2022 12:59:51.122 [Gauge] [DEBUG] Validation completed.
22-08-2022 12:59:51.152 [Gauge] [DEBUG] request #48: textDocument/codeLens: failed to parse /home/xs242-saykun/Desktop/Office/SmokeRegression/trail3/specs/example.spec
/home/xs242-saykun/Desktop/Office/SmokeRegression/trail3/specs/example.spec:16 Duplicate scenario definition 'Get Started' found in the same specification
/home/xs242-saykun/Desktop/Office/SmokeRegression/trail3/specs/example.spec:18 Tags can be defined only once per scenario
22-08-2022 12:59:51.245 [Gauge] [DEBUG] request #49: textDocument/documentSymbol: parsing failed for /home/xs242-saykun/Desktop/Office/SmokeRegression/trail3/specs/example.spec. [[ParseError] /home/xs242-saykun/Desktop/Office/SmokeRegression/trail3/specs/example.spec:16 Duplicate scenario definition 'Get Started' found in the same specification => 'Get Started' [ParseError] /home/xs242-saykun/Desktop/Office/SmokeRegression/trail3/specs/example.spec:18 Tags can be defined only once per scenario => 'tags: smoke']
22-08-2022 12:59:51.406 [Gauge] [DEBUG] Spec file added / modified: /home/xs242-saykun/Desktop/Office/SmokeRegression/trail3/specs/example.spec
22-08-2022 12:59:51.407 [Gauge] [DEBUG] Spec file added / modified: /home/xs242-saykun/Desktop/Office/SmokeRegression/trail3/specs/example.spec
22-08-2022 12:59:53.911 [Gauge] [DEBUG] Validation started.
22-08-2022 12:59:53.921 [Gauge] [DEBUG] Validation completed.
22-08-2022 12:59:55.095 [Gauge] [DEBUG] Validation started.
22-08-2022 12:59:55.095 [Gauge] [DEBUG] Validation completed.
22-08-2022 12:59:55.126 [Gauge] [DEBUG] request #56: textDocument/codeLens: failed to parse /home/xs242-saykun/Desktop/Office/SmokeRegression/trail3/specs/example.spec
/home/xs242-saykun/Desktop/Office/SmokeRegression/trail3/specs/example.spec:18 Tags can be defined only once per scenario
22-08-2022 12:59:55.221 [Gauge] [DEBUG] request #57: textDocument/documentSymbol: parsing failed for /home/xs242-saykun/Desktop/Office/SmokeRegression/trail3/specs/example.spec. [[ParseError] /home/xs242-saykun/Desktop/Office/SmokeRegression/trail3/specs/example.spec:18 Tags can be defined only once per scenario => 'tags: smoke']
22-08-2022 12:59:55.382 [Gauge] [DEBUG] Spec file added / modified: /home/xs242-saykun/Desktop/Office/SmokeRegression/trail3/specs/example.spec
22-08-2022 12:59:55.384 [Gauge] [DEBUG] Spec file added / modified: /home/xs242-saykun/Desktop/Office/SmokeRegression/trail3/specs/example.spec
22-08-2022 12:59:55.734 [Gauge] [DEBUG] Validation started.
22-08-2022 12:59:55.745 [Gauge] [DEBUG] Validation completed.
22-08-2022 12:59:56.217 [Gauge] [DEBUG] Validation started.
22-08-2022 12:59:56.226 [Gauge] [DEBUG] Validation completed.
22-08-2022 12:59:56.667 [Gauge] [DEBUG] Validation started.
22-08-2022 12:59:56.679 [Gauge] [DEBUG] Validation completed.
22-08-2022 12:59:56.966 [Gauge] [DEBUG] Spec file added / modified: /home/xs242-saykun/Desktop/Office/SmokeRegression/trail3/specs/example.spec
22-08-2022 12:59:56.969 [Gauge] [DEBUG] Spec file added / modified: /home/xs242-saykun/Desktop/Office/SmokeRegression/trail3/specs/example.spec
22-08-2022 12:59:57.712 [Gauge] [DEBUG] Validation started.
22-08-2022 12:59:57.722 [Gauge] [DEBUG] Validation completed.
22-08-2022 12:59:58.099 [Gauge] [DEBUG] Validation started.
22-08-2022 12:59:58.110 [Gauge] [DEBUG] Validation completed.
22-08-2022 12:59:58.464 [Gauge] [DEBUG] Validation started.
22-08-2022 12:59:58.474 [Gauge] [DEBUG] Validation completed.
22-08-2022 12:59:59.102 [Gauge] [DEBUG] Validation started.
22-08-2022 12:59:59.113 [Gauge] [DEBUG] Validation completed.
22-08-2022 12:59:59.392 [Gauge] [DEBUG] Spec file added / modified: /home/xs242-saykun/Desktop/Office/SmokeRegression/trail3/specs/example.spec
22-08-2022 12:59:59.393 [Gauge] [DEBUG] Spec file added / modified: /home/xs242-saykun/Desktop/Office/SmokeRegression/trail3/specs/example.spec
22-08-2022 13:00:02.441 [Gauge] [DEBUG] Validation started.
22-08-2022 13:00:02.441 [Gauge] [DEBUG] Validation completed.
22-08-2022 13:00:02.662 [Gauge] [DEBUG] request #73: textDocument/codeLens: failed to parse /home/xs242-saykun/Desktop/Office/SmokeRegression/trail3/specs/example.spec
/home/xs242-saykun/Desktop/Office/SmokeRegression/trail3/specs/example.spec:21 Step should not be blank
22-08-2022 13:00:02.758 [Gauge] [DEBUG] request #74: textDocument/documentSymbol: parsing failed for /home/xs242-saykun/Desktop/Office/SmokeRegression/trail3/specs/example.spec. [[ParseError] /home/xs242-saykun/Desktop/Office/SmokeRegression/trail3/specs/example.spec:21 Step should not be blank => '']
22-08-2022 13:00:02.922 [Gauge] [DEBUG] Spec file added / modified: /home/xs242-saykun/Desktop/Office/SmokeRegression/trail3/specs/example.spec
22-08-2022 13:00:02.924 [Gauge] [DEBUG] Spec file added / modified: /home/xs242-saykun/Desktop/Office/SmokeRegression/trail3/specs/example.spec
22-08-2022 13:00:06.459 [Gauge] [DEBUG] Validation started.
22-08-2022 13:00:06.460 [Gauge] [DEBUG] Validation completed.
22-08-2022 13:00:06.498 [Gauge] [DEBUG] request #76: textDocument/codeLens: failed to parse /home/xs242-saykun/Desktop/Office/SmokeRegression/trail3/specs/example.spec
/home/xs242-saykun/Desktop/Office/SmokeRegression/trail3/specs/example.spec:21 Step should not be blank
22-08-2022 13:00:06.590 [Gauge] [DEBUG] request #77: textDocument/documentSymbol: parsing failed for /home/xs242-saykun/Desktop/Office/SmokeRegression/trail3/specs/example.spec. [[ParseError] /home/xs242-saykun/Desktop/Office/SmokeRegression/trail3/specs/example.spec:21 Step should not be blank => '']
22-08-2022 13:00:07.778 [Gauge] [DEBUG] Validation started.
22-08-2022 13:00:07.778 [Gauge] [DEBUG] Validation completed.
22-08-2022 13:00:07.810 [Gauge] [DEBUG] request #79: textDocument/codeLens: failed to parse /home/xs242-saykun/Desktop/Office/SmokeRegression/trail3/specs/example.spec
/home/xs242-saykun/Desktop/Office/SmokeRegression/trail3/specs/example.spec:21 Step should not be blank
22-08-2022 13:00:07.909 [Gauge] [DEBUG] request #80: textDocument/documentSymbol: parsing failed for /home/xs242-saykun/Desktop/Office/SmokeRegression/trail3/specs/example.spec. [[ParseError] /home/xs242-saykun/Desktop/Office/SmokeRegression/trail3/specs/example.spec:21 Step should not be blank => '']
22-08-2022 13:00:08.067 [Gauge] [DEBUG] Spec file added / modified: /home/xs242-saykun/Desktop/Office/SmokeRegression/trail3/specs/example.spec
22-08-2022 13:00:08.068 [Gauge] [DEBUG] Spec file added / modified: /home/xs242-saykun/Desktop/Office/SmokeRegression/trail3/specs/example.spec
22-08-2022 13:00:08.142 [Gauge] [DEBUG] Validation started.
22-08-2022 13:00:08.142 [Gauge] [DEBUG] Validation completed.
22-08-2022 13:00:08.290 [Gauge] [DEBUG] Validation started.
22-08-2022 13:00:08.290 [Gauge] [DEBUG] Validation completed.
22-08-2022 13:00:08.345 [Gauge] [DEBUG] Validation started.
22-08-2022 13:00:08.345 [Gauge] [DEBUG] Validation completed.
22-08-2022 13:00:08.471 [Gauge] [DEBUG] Validation started.
22-08-2022 13:00:08.471 [Gauge] [DEBUG] Validation completed.
22-08-2022 13:00:08.579 [Gauge] [DEBUG] Validation started.
22-08-2022 13:00:08.579 [Gauge] [DEBUG] Validation completed.
22-08-2022 13:00:08.817 [Gauge] [DEBUG] request #87: textDocument/codeLens: failed to parse /home/xs242-saykun/Desktop/Office/SmokeRegression/trail3/specs/example.spec
/home/xs242-saykun/Desktop/Office/SmokeRegression/trail3/specs/example.spec:21 Step should not be blank
22-08-2022 13:00:08.916 [Gauge] [DEBUG] request #89: textDocument/documentSymbol: parsing failed for /home/xs242-saykun/Desktop/Office/SmokeRegression/trail3/specs/example.spec. [[ParseError] /home/xs242-saykun/Desktop/Office/SmokeRegression/trail3/specs/example.spec:21 Step should not be blank => '']
22-08-2022 13:00:09.100 [Gauge] [DEBUG] Spec file added / modified: /home/xs242-saykun/Desktop/Office/SmokeRegression/trail3/specs/example.spec
22-08-2022 13:00:09.100 [Gauge] [DEBUG] Spec file added / modified: /home/xs242-saykun/Desktop/Office/SmokeRegression/trail3/specs/example.spec
22-08-2022 13:00:09.740 [Gauge] [DEBUG] Validation started.
22-08-2022 13:00:10.008 [Gauge] [DEBUG] Validation started.
22-08-2022 13:00:10.401 [Gauge] [DEBUG] Validation started.
22-08-2022 13:00:10.686 [Gauge] [DEBUG] Validation started.
22-08-2022 13:00:10.904 [Gauge] [DEBUG] Validation started.
22-08-2022 13:00:11.045 [Gauge] [DEBUG] Validation started.
22-08-2022 13:00:11.369 [Gauge] [DEBUG] Validation started.
22-08-2022 13:00:11.650 [Gauge] [DEBUG] Validation started.
22-08-2022 13:00:12.136 [Gauge] [DEBUG] Spec file added / modified: /home/xs242-saykun/Desktop/Office/SmokeRegression/trail3/specs/example.spec
22-08-2022 13:00:12.137 [Gauge] [DEBUG] Spec file added / modified: /home/xs242-saykun/Desktop/Office/SmokeRegression/trail3/specs/example.spec
22-08-2022 13:00:12.626 [Gauge] [DEBUG] Validation started.
22-08-2022 13:00:12.927 [Gauge] [DEBUG] Spec file added / modified: /home/xs242-saykun/Desktop/Office/SmokeRegression/trail3/specs/example.spec
22-08-2022 13:00:12.928 [Gauge] [DEBUG] Spec file added / modified: /home/xs242-saykun/Desktop/Office/SmokeRegression/trail3/specs/example.spec
22-08-2022 13:00:13.111 [Gauge] [DEBUG] Validation started.
22-08-2022 13:00:13.645 [Gauge] [DEBUG] Validation started.
22-08-2022 13:00:13.949 [Gauge] [DEBUG] Spec file added / modified: /home/xs242-saykun/Desktop/Office/SmokeRegression/trail3/specs/example.spec
22-08-2022 13:00:13.949 [Gauge] [DEBUG] Spec file added / modified: /home/xs242-saykun/Desktop/Office/SmokeRegression/trail3/specs/example.spec
22-08-2022 13:00:14.531 [Gauge] [DEBUG] Validation started.
22-08-2022 13:00:15.025 [Gauge] [DEBUG] Spec file added / modified: /home/xs242-saykun/Desktop/Office/SmokeRegression/trail3/specs/example.spec
22-08-2022 13:00:15.027 [Gauge] [DEBUG] Spec file added / modified: /home/xs242-saykun/Desktop/Office/SmokeRegression/trail3/specs/example.spec
22-08-2022 13:00:26.838 [Gauge] [DEBUG] Validation started.
22-08-2022 13:00:27.205 [Gauge] [DEBUG] Validation started.
22-08-2022 13:00:31.528 [Gauge] [DEBUG] Validation started.
22-08-2022 13:00:31.793 [Gauge] [DEBUG] Validation started.
22-08-2022 13:00:36.524 [Gauge] [DEBUG] Validation started.
22-08-2022 13:00:36.903 [Gauge] [DEBUG] Validation started.
22-08-2022 13:00:37.406 [Gauge] [DEBUG] Validation started.
22-08-2022 13:00:37.679 [Gauge] [DEBUG] Validation started.
22-08-2022 13:00:37.998 [Gauge] [DEBUG] Validation started.
22-08-2022 13:00:38.239 [Gauge] [DEBUG] Validation started.
22-08-2022 13:00:38.486 [Gauge] [DEBUG] Validation started.
22-08-2022 13:00:39.127 [Gauge] [DEBUG] Validation started.
22-08-2022 13:00:39.903 [Gauge] [DEBUG] Validation started.
22-08-2022 13:00:41.431 [Gauge] [DEBUG] Validation started.
22-08-2022 13:00:42.504 [Gauge] [DEBUG] Validation started.
22-08-2022 13:00:43.167 [Gauge] [DEBUG] Validation started.
22-08-2022 13:00:44.041 [Gauge] [DEBUG] Validation started.
22-08-2022 13:00:48.065 [Gauge] [DEBUG] Validation started.
22-08-2022 13:00:49.110 [Gauge] [DEBUG] Validation started.
22-08-2022 13:00:49.532 [Gauge] [DEBUG] Validation started.
22-08-2022 13:00:52.247 [Gauge] [DEBUG] Validation started.
22-08-2022 13:00:52.881 [Gauge] [DEBUG] Validation started.
22-08-2022 13:00:53.780 [Gauge] [DEBUG] Validation started.
22-08-2022 13:00:55.371 [Gauge] [DEBUG] Validation started.
22-08-2022 13:00:56.833 [Gauge] [DEBUG] Validation started.
22-08-2022 13:00:59.576 [Gauge] [DEBUG] Validation started.
22-08-2022 13:01:01.042 [Gauge] [DEBUG] Validation started.
22-08-2022 13:01:01.324 [Gauge] [DEBUG] Validation started.
22-08-2022 13:01:02.038 [Gauge] [DEBUG] Validation started.
22-08-2022 13:01:02.421 [Gauge] [DEBUG] Validation started.
22-08-2022 13:01:03.305 [Gauge] [DEBUG] Validation started.
22-08-2022 13:01:17.040 [Gauge] [DEBUG] Validation started.
22-08-2022 13:01:17.412 [Gauge] [DEBUG] Validation started.
22-08-2022 13:01:26.239 [Gauge] [DEBUG] Validation started.
22-08-2022 13:01:26.257 [Gauge] [DEBUG] Validation completed.
22-08-2022 13:01:28.946 [Gauge] [DEBUG] Validation started.
22-08-2022 13:01:28.957 [Gauge] [DEBUG] Validation completed.
22-08-2022 13:01:29.179 [Gauge] [DEBUG] Validation started.
22-08-2022 13:01:29.188 [Gauge] [DEBUG] Validation completed.
22-08-2022 13:01:29.533 [Gauge] [DEBUG] Validation started.
22-08-2022 13:01:29.540 [Gauge] [DEBUG] Validation completed.
22-08-2022 13:01:29.759 [Gauge] [DEBUG] Validation started.
22-08-2022 13:01:29.775 [Gauge] [DEBUG] Validation completed.
22-08-2022 13:01:30.377 [Gauge] [DEBUG] Validation started.
22-08-2022 13:01:30.392 [Gauge] [DEBUG] Validation completed.
22-08-2022 13:01:31.108 [Gauge] [DEBUG] Validation started.
22-08-2022 13:01:32.045 [Gauge] [DEBUG] Validation started.
22-08-2022 13:01:32.474 [Gauge] [DEBUG] Validation started.
22-08-2022 13:01:32.765 [Gauge] [DEBUG] Validation started.
22-08-2022 13:01:34.196 [Gauge] [DEBUG] Validation started.
22-08-2022 13:01:35.020 [Gauge] [DEBUG] Validation started.
22-08-2022 13:01:37.466 [Gauge] [DEBUG] Validation started.
22-08-2022 13:01:38.284 [Gauge] [DEBUG] Validation started.
22-08-2022 13:01:38.482 [Gauge] [DEBUG] Validation started.
22-08-2022 13:01:39.976 [Gauge] [DEBUG] Validation started.
22-08-2022 13:01:40.316 [Gauge] [DEBUG] Validation started.
22-08-2022 13:01:40.702 [Gauge] [DEBUG] Validation started.
22-08-2022 13:01:41.037 [Gauge] [DEBUG] Validation started.
22-08-2022 13:01:41.278 [Gauge] [DEBUG] Validation started.
22-08-2022 13:01:41.292 [Gauge] [DEBUG] Validation completed.
22-08-2022 13:01:42.394 [Gauge] [DEBUG] Validation started.
22-08-2022 13:01:42.402 [Gauge] [DEBUG] Validation completed.
22-08-2022 13:01:43.224 [Gauge] [DEBUG] Validation started.
22-08-2022 13:01:43.244 [Gauge] [DEBUG] Validation completed.
22-08-2022 13:01:43.624 [Gauge] [DEBUG] Validation started.
22-08-2022 13:01:43.646 [Gauge] [DEBUG] Validation completed.
22-08-2022 13:01:44.460 [Gauge] [DEBUG] Validation started.
22-08-2022 13:01:44.490 [Gauge] [DEBUG] Validation completed.
22-08-2022 13:01:45.991 [Gauge] [DEBUG] Validation started.
22-08-2022 13:01:46.005 [Gauge] [DEBUG] Validation completed.
22-08-2022 13:01:46.528 [Gauge] [DEBUG] Validation started.
22-08-2022 13:01:46.541 [Gauge] [DEBUG] Validation completed.
22-08-2022 13:01:46.772 [Gauge] [DEBUG] Validation started.
22-08-2022 13:01:46.778 [Gauge] [DEBUG] Validation completed.
22-08-2022 13:01:47.017 [Gauge] [DEBUG] Validation started.
22-08-2022 13:01:47.028 [Gauge] [DEBUG] Validation completed.
22-08-2022 13:01:47.226 [Gauge] [DEBUG] Validation started.
22-08-2022 13:01:48.005 [Gauge] [DEBUG] Validation started.
22-08-2022 13:01:48.403 [Gauge] [DEBUG] Validation started.
22-08-2022 13:01:49.647 [Gauge] [DEBUG] Validation started.
22-08-2022 13:01:49.905 [Gauge] [DEBUG] Validation started.
22-08-2022 13:01:50.889 [Gauge] [DEBUG] Validation started.
22-08-2022 13:01:51.743 [Gauge] [DEBUG] Validation started.
22-08-2022 13:01:53.814 [Gauge] [DEBUG] Validation started.
22-08-2022 13:01:55.081 [Gauge] [DEBUG] Validation started.
22-08-2022 13:01:55.381 [Gauge] [DEBUG] Validation started.
22-08-2022 13:01:55.642 [Gauge] [DEBUG] Validation started.
22-08-2022 13:01:55.918 [Gauge] [DEBUG] Validation started.
22-08-2022 13:01:56.288 [Gauge] [DEBUG] Validation started.
22-08-2022 13:01:58.052 [Gauge] [DEBUG] Validation started.
22-08-2022 13:01:58.278 [Gauge] [DEBUG] Validation started.
22-08-2022 13:01:58.627 [Gauge] [DEBUG] Validation started.
22-08-2022 13:01:58.638 [Gauge] [DEBUG] Validation completed.
22-08-2022 13:02:00.485 [Gauge] [DEBUG] Validation started.
22-08-2022 13:02:00.497 [Gauge] [DEBUG] Validation completed.
22-08-2022 13:02:01.177 [Gauge] [DEBUG] Validation started.
22-08-2022 13:02:01.203 [Gauge] [DEBUG] Validation completed.
22-08-2022 13:02:01.777 [Gauge] [DEBUG] Validation started.
22-08-2022 13:02:01.782 [Gauge] [DEBUG] Validation completed.
22-08-2022 13:02:02.104 [Gauge] [DEBUG] Validation started.
22-08-2022 13:02:02.109 [Gauge] [DEBUG] Validation completed.
22-08-2022 13:02:02.656 [Gauge] [DEBUG] Validation started.
22-08-2022 13:02:02.660 [Gauge] [DEBUG] Validation completed.
22-08-2022 13:02:03.343 [Gauge] [DEBUG] Validation started.
22-08-2022 13:02:03.624 [Gauge] [DEBUG] Validation started.
22-08-2022 13:02:04.129 [Gauge] [DEBUG] Validation started.
22-08-2022 13:02:04.133 [Gauge] [DEBUG] Validation completed.
22-08-2022 13:02:05.016 [Gauge] [DEBUG] Validation started.
22-08-2022 13:02:05.036 [Gauge] [DEBUG] Validation completed.
22-08-2022 13:02:05.372 [Gauge] [DEBUG] Validation started.
22-08-2022 13:02:05.379 [Gauge] [DEBUG] Validation completed.
22-08-2022 13:02:07.621 [Gauge] [DEBUG] Validation started.
22-08-2022 13:02:07.624 [Gauge] [DEBUG] Validation completed.
22-08-2022 13:02:38.234 [Gauge] [DEBUG] Validation started.
22-08-2022 13:02:38.244 [Gauge] [DEBUG] Validation completed.
22-08-2022 13:02:38.643 [Gauge] [DEBUG] Validation started.
22-08-2022 13:02:38.652 [Gauge] [DEBUG] Validation completed.
22-08-2022 13:02:38.936 [Gauge] [DEBUG] Spec file added / modified: /home/xs242-saykun/Desktop/Office/SmokeRegression/trail3/specs/example.spec
22-08-2022 13:02:38.937 [Gauge] [DEBUG] Spec file added / modified: /home/xs242-saykun/Desktop/Office/SmokeRegression/trail3/specs/example.spec
22-08-2022 13:08:15.194 [Gauge] [DEBUG] Validation started.
22-08-2022 13:08:15.199 [Gauge] [DEBUG] Validation completed.
22-08-2022 13:08:15.397 [Gauge] [DEBUG] Validation started.
22-08-2022 13:08:15.405 [Gauge] [DEBUG] Validation completed.
22-08-2022 13:08:15.771 [Gauge] [DEBUG] Validation started.
22-08-2022 13:08:15.781 [Gauge] [DEBUG] Validation completed.
22-08-2022 13:08:15.997 [Gauge] [DEBUG] Validation started.
22-08-2022 13:08:16.005 [Gauge] [DEBUG] Validation completed.
22-08-2022 13:08:16.288 [Gauge] [DEBUG] Spec file added / modified: /home/xs242-saykun/Desktop/Office/SmokeRegression/trail3/specs/example.spec
22-08-2022 13:08:16.288 [Gauge] [DEBUG] Spec file added / modified: /home/xs242-saykun/Desktop/Office/SmokeRegression/trail3/specs/example.spec
22-08-2022 13:08:18.421 [Gauge] [DEBUG] Validation started.
22-08-2022 13:08:18.431 [Gauge] [DEBUG] Validation completed.
22-08-2022 13:08:18.698 [Gauge] [DEBUG] Spec file added / modified: /home/xs242-saykun/Desktop/Office/SmokeRegression/trail3/specs/example.spec
22-08-2022 13:08:18.700 [Gauge] [DEBUG] Spec file added / modified: /home/xs242-saykun/Desktop/Office/SmokeRegression/trail3/specs/example.spec
22-08-2022 13:08:19.972 [Gauge] [DEBUG] Validation started.
22-08-2022 13:08:19.976 [Gauge] [DEBUG] Validation completed.
22-08-2022 13:08:20.266 [Gauge] [DEBUG] Spec file added / modified: /home/xs242-saykun/Desktop/Office/SmokeRegression/trail3/specs/example.spec
22-08-2022 13:08:20.267 [Gauge] [DEBUG] Spec file added / modified: /home/xs242-saykun/Desktop/Office/SmokeRegression/trail3/specs/example.spec
22-08-2022 13:08:21.003 [Gauge] [DEBUG] Validation started.
22-08-2022 13:08:21.007 [Gauge] [DEBUG] Validation completed.
22-08-2022 13:08:21.451 [Gauge] [DEBUG] Validation started.
22-08-2022 13:08:21.459 [Gauge] [DEBUG] Validation completed.
22-08-2022 13:08:21.858 [Gauge] [DEBUG] Validation started.
22-08-2022 13:08:21.865 [Gauge] [DEBUG] Validation completed.
22-08-2022 13:08:22.139 [Gauge] [DEBUG] Spec file added / modified: /home/xs242-saykun/Desktop/Office/SmokeRegression/trail3/specs/example.spec
22-08-2022 13:08:22.140 [Gauge] [DEBUG] Spec file added / modified: /home/xs242-saykun/Desktop/Office/SmokeRegression/trail3/specs/example.spec
22-08-2022 13:08:31.463 [Gauge] [DEBUG] Validation started.
22-08-2022 13:08:31.474 [Gauge] [DEBUG] Validation completed.
22-08-2022 13:08:31.808 [Gauge] [DEBUG] Validation started.
22-08-2022 13:08:31.808 [Gauge] [DEBUG] Validation completed.
22-08-2022 13:08:31.837 [Gauge] [DEBUG] request #247: textDocument/codeLens: failed to parse /home/xs242-saykun/Desktop/Office/SmokeRegression/trail3/specs/example.spec
/home/xs242-saykun/Desktop/Office/SmokeRegression/trail3/specs/example.spec:22 Duplicate scenario definition 'Google Search' found in the same specification
/home/xs242-saykun/Desktop/Office/SmokeRegression/trail3/specs/example.spec:24 Tags can be defined only once per scenario
22-08-2022 13:08:31.929 [Gauge] [DEBUG] request #248: textDocument/documentSymbol: parsing failed for /home/xs242-saykun/Desktop/Office/SmokeRegression/trail3/specs/example.spec. [[ParseError] /home/xs242-saykun/Desktop/Office/SmokeRegression/trail3/specs/example.spec:22 Duplicate scenario definition 'Google Search' found in the same specification => 'Google Search' [ParseError] /home/xs242-saykun/Desktop/Office/SmokeRegression/trail3/specs/example.spec:24 Tags can be defined only once per scenario => 'tags: smoketest']
22-08-2022 13:08:32.080 [Gauge] [DEBUG] Spec file added / modified: /home/xs242-saykun/Desktop/Office/SmokeRegression/trail3/specs/example.spec
22-08-2022 13:08:32.080 [Gauge] [DEBUG] Spec file added / modified: /home/xs242-saykun/Desktop/Office/SmokeRegression/trail3/specs/example.spec
22-08-2022 13:08:34.067 [Gauge] [DEBUG] Validation started.
22-08-2022 13:08:34.075 [Gauge] [DEBUG] Validation completed.
22-08-2022 13:08:34.358 [Gauge] [DEBUG] Spec file added / modified: /home/xs242-saykun/Desktop/Office/SmokeRegression/trail3/specs/example.spec
22-08-2022 13:08:34.359 [Gauge] [DEBUG] Spec file added / modified: /home/xs242-saykun/Desktop/Office/SmokeRegression/trail3/specs/example.spec
22-08-2022 13:08:40.308 [Gauge] [DEBUG] Validation started.
22-08-2022 13:08:40.522 [Gauge] [DEBUG] Validation started.
22-08-2022 13:08:40.523 [Gauge] [DEBUG] Validation completed.
22-08-2022 13:08:40.567 [Gauge] [DEBUG] request #254: textDocument/codeLens: failed to parse /home/xs242-saykun/Desktop/Office/SmokeRegression/trail3/specs/example.spec
/home/xs242-saykun/Desktop/Office/SmokeRegression/trail3/specs/example.spec:26 Step should not be blank
22-08-2022 13:08:40.667 [Gauge] [DEBUG] request #255: textDocument/documentSymbol: parsing failed for /home/xs242-saykun/Desktop/Office/SmokeRegression/trail3/specs/example.spec. [[ParseError] /home/xs242-saykun/Desktop/Office/SmokeRegression/trail3/specs/example.spec:26 Step should not be blank => '']
22-08-2022 13:08:40.820 [Gauge] [DEBUG] Spec file added / modified: /home/xs242-saykun/Desktop/Office/SmokeRegression/trail3/specs/example.spec
22-08-2022 13:08:40.821 [Gauge] [DEBUG] Spec file added / modified: /home/xs242-saykun/Desktop/Office/SmokeRegression/trail3/specs/example.spec
22-08-2022 13:08:41.814 [Gauge] [DEBUG] Validation started.
22-08-2022 13:08:41.814 [Gauge] [DEBUG] Validation completed.
22-08-2022 13:08:41.855 [Gauge] [DEBUG] request #256: textDocument/codeLens: failed to parse /home/xs242-saykun/Desktop/Office/SmokeRegression/trail3/specs/example.spec
/home/xs242-saykun/Desktop/Office/SmokeRegression/trail3/specs/example.spec:26 Step should not be blank
22-08-2022 13:08:41.960 [Gauge] [DEBUG] request #257: textDocument/documentSymbol: parsing failed for /home/xs242-saykun/Desktop/Office/SmokeRegression/trail3/specs/example.spec. [[ParseError] /home/xs242-saykun/Desktop/Office/SmokeRegression/trail3/specs/example.spec:26 Step should not be blank => '']
22-08-2022 13:08:42.105 [Gauge] [DEBUG] Spec file added / modified: /home/xs242-saykun/Desktop/Office/SmokeRegression/trail3/specs/example.spec
22-08-2022 13:08:42.105 [Gauge] [DEBUG] Spec file added / modified: /home/xs242-saykun/Desktop/Office/SmokeRegression/trail3/specs/example.spec
22-08-2022 13:08:42.265 [Gauge] [DEBUG] Validation started.
22-08-2022 13:08:42.265 [Gauge] [DEBUG] Validation completed.
22-08-2022 13:08:42.520 [Gauge] [DEBUG] request #261: textDocument/codeLens: failed to parse /home/xs242-saykun/Desktop/Office/SmokeRegression/trail3/specs/example.spec
/home/xs242-saykun/Desktop/Office/SmokeRegression/trail3/specs/example.spec:26 Step should not be blank
22-08-2022 13:08:42.606 [Gauge] [DEBUG] request #262: textDocument/documentSymbol: parsing failed for /home/xs242-saykun/Desktop/Office/SmokeRegression/trail3/specs/example.spec. [[ParseError] /home/xs242-saykun/Desktop/Office/SmokeRegression/trail3/specs/example.spec:26 Step should not be blank => '']
22-08-2022 13:08:42.769 [Gauge] [DEBUG] Spec file added / modified: /home/xs242-saykun/Desktop/Office/SmokeRegression/trail3/specs/example.spec
22-08-2022 13:08:42.771 [Gauge] [DEBUG] Spec file added / modified: /home/xs242-saykun/Desktop/Office/SmokeRegression/trail3/specs/example.spec
22-08-2022 13:08:43.379 [Gauge] [DEBUG] Validation started.
22-08-2022 13:08:43.550 [Gauge] [DEBUG] Validation started.
22-08-2022 13:08:43.607 [Gauge] [DEBUG] Validation started.
22-08-2022 13:08:43.754 [Gauge] [DEBUG] Validation started.
22-08-2022 13:08:43.948 [Gauge] [DEBUG] Validation started.
22-08-2022 13:08:44.469 [Gauge] [DEBUG] Spec file added / modified: /home/xs242-saykun/Desktop/Office/SmokeRegression/trail3/specs/example.spec
22-08-2022 13:08:44.470 [Gauge] [DEBUG] Spec file added / modified: /home/xs242-saykun/Desktop/Office/SmokeRegression/trail3/specs/example.spec
22-08-2022 13:08:44.493 [Gauge] [DEBUG] Validation started.
22-08-2022 13:08:45.005 [Gauge] [DEBUG] Validation started.
22-08-2022 13:08:45.243 [Gauge] [DEBUG] Validation started.
22-08-2022 13:08:45.568 [Gauge] [DEBUG] Validation started.
22-08-2022 13:08:45.731 [Gauge] [DEBUG] Validation started.
22-08-2022 13:08:46.008 [Gauge] [DEBUG] Validation started.
22-08-2022 13:08:46.195 [Gauge] [DEBUG] Validation started.
22-08-2022 13:08:46.702 [Gauge] [DEBUG] Spec file added / modified: /home/xs242-saykun/Desktop/Office/SmokeRegression/trail3/specs/example.spec
22-08-2022 13:08:46.704 [Gauge] [DEBUG] Spec file added / modified: /home/xs242-saykun/Desktop/Office/SmokeRegression/trail3/specs/example.spec
22-08-2022 13:08:49.181 [Gauge] [DEBUG] Validation started.
22-08-2022 13:08:49.668 [Gauge] [DEBUG] Spec file added / modified: /home/xs242-saykun/Desktop/Office/SmokeRegression/trail3/specs/example.spec
22-08-2022 13:08:49.669 [Gauge] [DEBUG] Spec file added / modified: /home/xs242-saykun/Desktop/Office/SmokeRegression/trail3/specs/example.spec
22-08-2022 13:08:50.002 [Gauge] [DEBUG] Validation started.
22-08-2022 13:08:50.174 [Gauge] [DEBUG] Validation started.
22-08-2022 13:08:50.363 [Gauge] [DEBUG] Validation started.
22-08-2022 13:08:50.588 [Gauge] [DEBUG] Validation started.
22-08-2022 13:08:51.078 [Gauge] [DEBUG] Spec file added / modified: /home/xs242-saykun/Desktop/Office/SmokeRegression/trail3/specs/example.spec
22-08-2022 13:08:51.079 [Gauge] [DEBUG] Spec file added / modified: /home/xs242-saykun/Desktop/Office/SmokeRegression/trail3/specs/example.spec
22-08-2022 13:08:56.597 [Gauge] [DEBUG] Validation started.
22-08-2022 13:08:59.678 [Gauge] [DEBUG] Validation started.
22-08-2022 13:08:59.965 [Gauge] [DEBUG] Validation started.
22-08-2022 13:09:07.260 [Gauge] [DEBUG] Validation started.
22-08-2022 13:09:09.866 [Gauge] [DEBUG] Validation started.
22-08-2022 13:09:11.145 [Gauge] [DEBUG] Validation started.
22-08-2022 13:09:12.031 [Gauge] [DEBUG] Validation started.
22-08-2022 13:09:12.334 [Gauge] [DEBUG] Validation started.
22-08-2022 13:09:13.270 [Gauge] [DEBUG] Validation started.
22-08-2022 13:09:14.613 [Gauge] [DEBUG] Validation started.
22-08-2022 13:09:15.043 [Gauge] [DEBUG] Validation started.
22-08-2022 13:09:15.479 [Gauge] [DEBUG] Validation started.
22-08-2022 13:09:16.605 [Gauge] [DEBUG] Validation started.
22-08-2022 13:09:19.025 [Gauge] [DEBUG] Validation started.
22-08-2022 13:09:19.943 [Gauge] [DEBUG] Validation started.
22-08-2022 13:09:20.754 [Gauge] [DEBUG] Validation started.
22-08-2022 13:09:21.870 [Gauge] [DEBUG] Validation started.
22-08-2022 13:09:22.835 [Gauge] [DEBUG] Validation started.
22-08-2022 13:09:23.902 [Gauge] [DEBUG] Validation started.
22-08-2022 13:09:25.161 [Gauge] [DEBUG] Validation started.
22-08-2022 13:09:25.417 [Gauge] [DEBUG] Validation started.
22-08-2022 13:09:26.010 [Gauge] [DEBUG] Validation started.
22-08-2022 13:09:26.700 [Gauge] [DEBUG] Validation started.
22-08-2022 13:09:27.376 [Gauge] [DEBUG] Validation started.
22-08-2022 13:09:28.066 [Gauge] [DEBUG] Validation started.
22-08-2022 13:09:28.562 [Gauge] [DEBUG] Validation started.
22-08-2022 13:09:35.035 [Gauge] [DEBUG] Validation started.
22-08-2022 13:09:35.045 [Gauge] [DEBUG] Validation started.
22-08-2022 13:09:40.084 [Gauge] [DEBUG] Validation started.
22-08-2022 13:09:40.524 [Gauge] [DEBUG] Validation started.
22-08-2022 13:09:40.978 [Gauge] [DEBUG] Validation started.
22-08-2022 13:09:48.154 [Gauge] [DEBUG] Validation started.
22-08-2022 13:10:00.627 [Gauge] [DEBUG] Validation started.
22-08-2022 13:10:00.643 [Gauge] [DEBUG] Validation completed.
22-08-2022 13:10:06.205 [Gauge] [DEBUG] Validation started.
22-08-2022 13:10:07.883 [Gauge] [DEBUG] Validation started.
22-08-2022 13:10:08.219 [Gauge] [DEBUG] Validation started.
22-08-2022 13:10:08.247 [Gauge] [DEBUG] Validation completed.
22-08-2022 13:10:08.868 [Gauge] [DEBUG] Validation started.
22-08-2022 13:10:08.871 [Gauge] [DEBUG] Validation completed.
22-08-2022 13:10:09.121 [Gauge] [DEBUG] Validation started.
22-08-2022 13:10:09.125 [Gauge] [DEBUG] Validation completed.
22-08-2022 13:10:15.924 [Gauge] [DEBUG] Validation started.
22-08-2022 13:10:15.932 [Gauge] [DEBUG] Validation completed.
22-08-2022 13:10:15.933 [Gauge] [DEBUG] Validation started.
22-08-2022 13:10:15.938 [Gauge] [DEBUG] Validation completed.
22-08-2022 13:10:16.185 [Gauge] [DEBUG] Validation started.
22-08-2022 13:10:16.188 [Gauge] [DEBUG] Validation completed.
22-08-2022 13:10:16.189 [Gauge] [DEBUG] Validation started.
22-08-2022 13:10:16.195 [Gauge] [DEBUG] Validation completed.
22-08-2022 13:10:16.438 [Gauge] [DEBUG] Validation started.
22-08-2022 13:10:16.446 [Gauge] [DEBUG] Validation completed.
22-08-2022 13:10:19.777 [Gauge] [DEBUG] Validation started.
22-08-2022 13:10:22.358 [Gauge] [DEBUG] Validation started.
22-08-2022 13:10:22.371 [Gauge] [DEBUG] Validation completed.
22-08-2022 13:10:22.761 [Gauge] [DEBUG] Validation started.
22-08-2022 13:10:22.780 [Gauge] [DEBUG] Validation completed.
22-08-2022 13:10:23.235 [Gauge] [DEBUG] Validation started.
22-08-2022 13:10:23.249 [Gauge] [DEBUG] Validation completed.
22-08-2022 13:10:23.511 [Gauge] [DEBUG] Validation started.
22-08-2022 13:10:23.539 [Gauge] [DEBUG] Validation completed.
22-08-2022 13:11:14.203 [Gauge] [DEBUG] Validation started.
22-08-2022 13:11:14.207 [Gauge] [DEBUG] Validation completed.
22-08-2022 13:11:14.530 [Gauge] [DEBUG] Validation started.
22-08-2022 13:11:14.538 [Gauge] [DEBUG] Validation completed.
22-08-2022 13:11:14.822 [Gauge] [DEBUG] Spec file added / modified: /home/xs242-saykun/Desktop/Office/SmokeRegression/trail3/specs/example.spec
22-08-2022 13:11:14.823 [Gauge] [DEBUG] Spec file added / modified: /home/xs242-saykun/Desktop/Office/SmokeRegression/trail3/specs/example.spec
22-08-2022 13:11:21.958 [Gauge] [DEBUG] Validation started.
22-08-2022 13:11:21.964 [Gauge] [DEBUG] Validation completed.
22-08-2022 13:11:25.494 [Gauge] [DEBUG] Validation started.
22-08-2022 13:11:25.506 [Gauge] [DEBUG] Validation completed.
22-08-2022 13:11:25.807 [Gauge] [DEBUG] Validation started.
22-08-2022 13:11:25.817 [Gauge] [DEBUG] Validation completed.
22-08-2022 13:11:27.955 [Gauge] [DEBUG] Validation started.
22-08-2022 13:11:27.964 [Gauge] [DEBUG] Validation completed.
22-08-2022 13:11:28.237 [Gauge] [DEBUG] Validation started.
22-08-2022 13:11:28.240 [Gauge] [DEBUG] Validation completed.
22-08-2022 13:12:52.860 [Gauge] [DEBUG] Validation started.
22-08-2022 13:12:52.870 [Gauge] [DEBUG] Validation completed.
22-08-2022 13:12:53.621 [Gauge] [DEBUG] Validation started.
22-08-2022 13:12:53.639 [Gauge] [DEBUG] Validation completed.
22-08-2022 13:14:31.278 [Gauge] [DEBUG] Validation started.
22-08-2022 13:14:31.284 [Gauge] [DEBUG] Validation completed.
22-08-2022 13:14:31.574 [Gauge] [DEBUG] Spec file added / modified: /home/xs242-saykun/Desktop/Office/SmokeRegression/trail3/specs/example.spec
22-08-2022 13:14:31.575 [Gauge] [DEBUG] Spec file added / modified: /home/xs242-saykun/Desktop/Office/SmokeRegression/trail3/specs/example.spec
22-08-2022 13:14:36.787 [Gauge] [DEBUG] Validation started.
22-08-2022 13:14:39.457 [Gauge] [DEBUG] Validation started.
22-08-2022 13:14:42.693 [Gauge] [DEBUG] Validation started.
22-08-2022 13:14:42.693 [Gauge] [DEBUG] Validation completed.
22-08-2022 13:14:42.725 [Gauge] [DEBUG] request #396: textDocument/codeLens: failed to parse /home/xs242-saykun/Desktop/Office/SmokeRegression/trail3/specs/example.spec
/home/xs242-saykun/Desktop/Office/SmokeRegression/trail3/specs/example.spec:1 Spec does not have any elements
22-08-2022 13:14:42.822 [Gauge] [DEBUG] request #397: textDocument/documentSymbol: parsing failed for /home/xs242-saykun/Desktop/Office/SmokeRegression/trail3/specs/example.spec. [[ParseError] /home/xs242-saykun/Desktop/Office/SmokeRegression/trail3/specs/example.spec:1 Spec does not have any elements => '']
22-08-2022 13:14:42.978 [Gauge] [DEBUG] Spec file added / modified: /home/xs242-saykun/Desktop/Office/SmokeRegression/trail3/specs/example.spec
22-08-2022 13:14:45.507 [Gauge] [DEBUG] Validation started.
22-08-2022 13:14:45.507 [Gauge] [DEBUG] Validation completed.
22-08-2022 13:14:45.545 [Gauge] [DEBUG] request #398: textDocument/codeLens: failed to parse /home/xs242-saykun/Desktop/Office/SmokeRegression/trail3/specs/example.spec
/home/xs242-saykun/Desktop/Office/SmokeRegression/trail3/specs/example.spec:1 Spec does not have any elements
22-08-2022 13:14:45.790 [Gauge] [DEBUG] Validation started.
22-08-2022 13:14:45.790 [Gauge] [DEBUG] Validation completed.
22-08-2022 13:14:45.835 [Gauge] [DEBUG] request #399: textDocument/codeLens: failed to parse /home/xs242-saykun/Desktop/Office/SmokeRegression/trail3/specs/example.spec
/home/xs242-saykun/Desktop/Office/SmokeRegression/trail3/specs/example.spec:1 Spec does not have any elements
22-08-2022 13:14:45.935 [Gauge] [DEBUG] request #400: textDocument/documentSymbol: parsing failed for /home/xs242-saykun/Desktop/Office/SmokeRegression/trail3/specs/example.spec. [[ParseError] /home/xs242-saykun/Desktop/Office/SmokeRegression/trail3/specs/example.spec:1 Spec does not have any elements => '']
22-08-2022 13:14:46.097 [Gauge] [DEBUG] Spec file added / modified: /home/xs242-saykun/Desktop/Office/SmokeRegression/trail3/specs/example.spec
22-08-2022 13:14:46.098 [Gauge] [DEBUG] Spec file added / modified: /home/xs242-saykun/Desktop/Office/SmokeRegression/trail3/specs/example.spec
22-08-2022 13:14:47.936 [Gauge] [DEBUG] Validation started.
22-08-2022 13:14:47.936 [Gauge] [DEBUG] Validation completed.
22-08-2022 13:14:47.976 [Gauge] [DEBUG] request #401: textDocument/codeLens: failed to parse /home/xs242-saykun/Desktop/Office/SmokeRegression/trail3/specs/example.spec
/home/xs242-saykun/Desktop/Office/SmokeRegression/trail3/specs/example.spec:1 Spec does not have any elements
22-08-2022 13:14:48.070 [Gauge] [DEBUG] request #402: textDocument/documentSymbol: parsing failed for /home/xs242-saykun/Desktop/Office/SmokeRegression/trail3/specs/example.spec. [[ParseError] /home/xs242-saykun/Desktop/Office/SmokeRegression/trail3/specs/example.spec:1 Spec does not have any elements => '']
22-08-2022 13:14:48.631 [Gauge] [DEBUG] Validation started.
22-08-2022 13:14:48.631 [Gauge] [DEBUG] Validation completed.
22-08-2022 13:14:48.667 [Gauge] [DEBUG] request #403: textDocument/codeLens: failed to parse /home/xs242-saykun/Desktop/Office/SmokeRegression/trail3/specs/example.spec
/home/xs242-saykun/Desktop/Office/SmokeRegression/trail3/specs/example.spec:1 Spec does not have any elements
22-08-2022 13:14:48.767 [Gauge] [DEBUG] request #404: textDocument/documentSymbol: parsing failed for /home/xs242-saykun/Desktop/Office/SmokeRegression/trail3/specs/example.spec. [[ParseError] /home/xs242-saykun/Desktop/Office/SmokeRegression/trail3/specs/example.spec:1 Spec does not have any elements => '']
22-08-2022 13:14:49.126 [Gauge] [DEBUG] Validation started.
22-08-2022 13:14:49.127 [Gauge] [DEBUG] Validation completed.
22-08-2022 13:14:49.162 [Gauge] [DEBUG] request #405: textDocument/codeLens: failed to parse /home/xs242-saykun/Desktop/Office/SmokeRegression/trail3/specs/example.spec
/home/xs242-saykun/Desktop/Office/SmokeRegression/trail3/specs/example.spec:1 Spec does not have any elements
22-08-2022 13:14:49.261 [Gauge] [DEBUG] request #406: textDocument/documentSymbol: parsing failed for /home/xs242-saykun/Desktop/Office/SmokeRegression/trail3/specs/example.spec. [[ParseError] /home/xs242-saykun/Desktop/Office/SmokeRegression/trail3/specs/example.spec:1 Spec does not have any elements => '']
22-08-2022 13:14:49.628 [Gauge] [DEBUG] Validation started.
22-08-2022 13:14:49.628 [Gauge] [DEBUG] Validation completed.
22-08-2022 13:14:49.663 [Gauge] [DEBUG] request #408: textDocument/codeLens: failed to parse /home/xs242-saykun/Desktop/Office/SmokeRegression/trail3/specs/example.spec
/home/xs242-saykun/Desktop/Office/SmokeRegression/trail3/specs/example.spec:1 Spec does not have any elements
22-08-2022 13:14:49.762 [Gauge] [DEBUG] request #409: textDocument/documentSymbol: parsing failed for /home/xs242-saykun/Desktop/Office/SmokeRegression/trail3/specs/example.spec. [[ParseError] /home/xs242-saykun/Desktop/Office/SmokeRegression/trail3/specs/example.spec:1 Spec does not have any elements => '']
22-08-2022 13:14:49.918 [Gauge] [DEBUG] Spec file added / modified: /home/xs242-saykun/Desktop/Office/SmokeRegression/trail3/specs/example.spec
22-08-2022 13:14:49.919 [Gauge] [DEBUG] Spec file added / modified: /home/xs242-saykun/Desktop/Office/SmokeRegression/trail3/specs/example.spec
22-08-2022 13:14:50.386 [Gauge] [DEBUG] Validation started.
22-08-2022 13:14:50.386 [Gauge] [DEBUG] Validation completed.
22-08-2022 13:14:50.432 [Gauge] [DEBUG] request #410: textDocument/codeLens: failed to parse /home/xs242-saykun/Desktop/Office/SmokeRegression/trail3/specs/example.spec
/home/xs242-saykun/Desktop/Office/SmokeRegression/trail3/specs/example.spec:1 Spec should have atleast one scenario
22-08-2022 13:14:50.529 [Gauge] [DEBUG] request #411: textDocument/documentSymbol: parsing failed for /home/xs242-saykun/Desktop/Office/SmokeRegression/trail3/specs/example.spec. [[ParseError] /home/xs242-saykun/Desktop/Office/SmokeRegression/trail3/specs/example.spec:1 Spec should have atleast one scenario => '']
22-08-2022 13:14:50.689 [Gauge] [DEBUG] Spec file added / modified: /home/xs242-saykun/Desktop/Office/SmokeRegression/trail3/specs/example.spec
22-08-2022 13:14:50.690 [Gauge] [DEBUG] Spec file added / modified: /home/xs242-saykun/Desktop/Office/SmokeRegression/trail3/specs/example.spec
22-08-2022 13:14:50.813 [Gauge] [DEBUG] Validation started.
22-08-2022 13:14:50.813 [Gauge] [DEBUG] Validation completed.
22-08-2022 13:14:50.978 [Gauge] [DEBUG] Validation started.
22-08-2022 13:14:50.978 [Gauge] [DEBUG] Validation completed.
22-08-2022 13:14:51.380 [Gauge] [DEBUG] Validation started.
22-08-2022 13:14:51.380 [Gauge] [DEBUG] Validation completed.
22-08-2022 13:14:51.414 [Gauge] [DEBUG] request #414: textDocument/codeLens: failed to parse /home/xs242-saykun/Desktop/Office/SmokeRegression/trail3/specs/example.spec
/home/xs242-saykun/Desktop/Office/SmokeRegression/trail3/specs/example.spec:1 Spec should have atleast one scenario
22-08-2022 13:14:51.512 [Gauge] [DEBUG] request #415: textDocument/documentSymbol: parsing failed for /home/xs242-saykun/Desktop/Office/SmokeRegression/trail3/specs/example.spec. [[ParseError] /home/xs242-saykun/Desktop/Office/SmokeRegression/trail3/specs/example.spec:1 Spec should have atleast one scenario => '']
22-08-2022 13:14:51.576 [Gauge] [DEBUG] Validation started.
22-08-2022 13:14:51.576 [Gauge] [DEBUG] Validation completed.
22-08-2022 13:14:51.724 [Gauge] [DEBUG] Validation started.
22-08-2022 13:14:51.724 [Gauge] [DEBUG] Validation completed.
22-08-2022 13:14:52.068 [Gauge] [DEBUG] Validation started.
22-08-2022 13:14:52.068 [Gauge] [DEBUG] Validation completed.
22-08-2022 13:14:52.308 [Gauge] [DEBUG] request #419: textDocument/codeLens: failed to parse /home/xs242-saykun/Desktop/Office/SmokeRegression/trail3/specs/example.spec
/home/xs242-saykun/Desktop/Office/SmokeRegression/trail3/specs/example.spec:1 Spec should have atleast one scenario
22-08-2022 13:14:52.408 [Gauge] [DEBUG] request #420: textDocument/documentSymbol: parsing failed for /home/xs242-saykun/Desktop/Office/SmokeRegression/trail3/specs/example.spec. [[ParseError] /home/xs242-saykun/Desktop/Office/SmokeRegression/trail3/specs/example.spec:1 Spec should have atleast one scenario => '']
22-08-2022 13:14:52.712 [Gauge] [DEBUG] Validation started.
22-08-2022 13:14:52.712 [Gauge] [DEBUG] Validation completed.
22-08-2022 13:14:52.841 [Gauge] [DEBUG] Validation started.
22-08-2022 13:14:52.841 [Gauge] [DEBUG] Validation completed.
22-08-2022 13:14:53.064 [Gauge] [DEBUG] Validation started.
22-08-2022 13:14:53.064 [Gauge] [DEBUG] Validation completed.
22-08-2022 13:14:53.177 [Gauge] [DEBUG] Validation started.
22-08-2022 13:14:53.177 [Gauge] [DEBUG] Validation completed.
22-08-2022 13:14:53.290 [Gauge] [DEBUG] Validation started.
22-08-2022 13:14:53.290 [Gauge] [DEBUG] Validation completed.
22-08-2022 13:14:53.522 [Gauge] [DEBUG] request #426: textDocument/codeLens: failed to parse /home/xs242-saykun/Desktop/Office/SmokeRegression/trail3/specs/example.spec
/home/xs242-saykun/Desktop/Office/SmokeRegression/trail3/specs/example.spec:1 Spec should have atleast one scenario
22-08-2022 13:14:53.621 [Gauge] [DEBUG] request #428: textDocument/documentSymbol: parsing failed for /home/xs242-saykun/Desktop/Office/SmokeRegression/trail3/specs/example.spec. [[ParseError] /home/xs242-saykun/Desktop/Office/SmokeRegression/trail3/specs/example.spec:1 Spec should have atleast one scenario => '']
22-08-2022 13:14:53.779 [Gauge] [DEBUG] Spec file added / modified: /home/xs242-saykun/Desktop/Office/SmokeRegression/trail3/specs/example.spec
22-08-2022 13:14:53.780 [Gauge] [DEBUG] Spec file added / modified: /home/xs242-saykun/Desktop/Office/SmokeRegression/trail3/specs/example.spec
22-08-2022 13:14:54.460 [Gauge] [DEBUG] Validation started.
22-08-2022 13:14:54.460 [Gauge] [DEBUG] Validation completed.
22-08-2022 13:14:54.495 [Gauge] [DEBUG] request #429: textDocument/codeLens: failed to parse /home/xs242-saykun/Desktop/Office/SmokeRegression/trail3/specs/example.spec
/home/xs242-saykun/Desktop/Office/SmokeRegression/trail3/specs/example.spec:1 Spec should have atleast one scenario
22-08-2022 13:14:54.591 [Gauge] [DEBUG] request #430: textDocument/documentSymbol: parsing failed for /home/xs242-saykun/Desktop/Office/SmokeRegression/trail3/specs/example.spec. [[ParseError] /home/xs242-saykun/Desktop/Office/SmokeRegression/trail3/specs/example.spec:1 Spec should have atleast one scenario => '']
22-08-2022 13:14:54.748 [Gauge] [DEBUG] Spec file added / modified: /home/xs242-saykun/Desktop/Office/SmokeRegression/trail3/specs/example.spec
22-08-2022 13:14:54.749 [Gauge] [DEBUG] Spec file added / modified: /home/xs242-saykun/Desktop/Office/SmokeRegression/trail3/specs/example.spec
22-08-2022 13:14:55.667 [Gauge] [DEBUG] Validation started.
22-08-2022 13:14:55.667 [Gauge] [DEBUG] Validation completed.
22-08-2022 13:14:55.704 [Gauge] [DEBUG] request #431: textDocument/codeLens: failed to parse /home/xs242-saykun/Desktop/Office/SmokeRegression/trail3/specs/example.spec
/home/xs242-saykun/Desktop/Office/SmokeRegression/trail3/specs/example.spec:1 Spec should have atleast one scenario
22-08-2022 13:14:55.800 [Gauge] [DEBUG] request #432: textDocument/documentSymbol: parsing failed for /home/xs242-saykun/Desktop/Office/SmokeRegression/trail3/specs/example.spec. [[ParseError] /home/xs242-saykun/Desktop/Office/SmokeRegression/trail3/specs/example.spec:1 Spec should have atleast one scenario => '']
22-08-2022 13:14:55.960 [Gauge] [DEBUG] Spec file added / modified: /home/xs242-saykun/Desktop/Office/SmokeRegression/trail3/specs/example.spec
22-08-2022 13:14:55.961 [Gauge] [DEBUG] Spec file added / modified: /home/xs242-saykun/Desktop/Office/SmokeRegression/trail3/specs/example.spec
22-08-2022 13:14:56.507 [Gauge] [DEBUG] Validation started.
22-08-2022 13:14:56.507 [Gauge] [DEBUG] Validation completed.
22-08-2022 13:14:56.544 [Gauge] [DEBUG] request #433: textDocument/codeLens: failed to parse /home/xs242-saykun/Desktop/Office/SmokeRegression/trail3/specs/example.spec
/home/xs242-saykun/Desktop/Office/SmokeRegression/trail3/specs/example.spec:5 Scenario heading should have at least one character
/home/xs242-saykun/Desktop/Office/SmokeRegression/trail3/specs/example.spec:5 Scenario should have atleast one step
22-08-2022 13:14:56.644 [Gauge] [DEBUG] request #434: textDocument/documentSymbol: parsing failed for /home/xs242-saykun/Desktop/Office/SmokeRegression/trail3/specs/example.spec. [[ParseError] /home/xs242-saykun/Desktop/Office/SmokeRegression/trail3/specs/example.spec:5 Scenario heading should have at least one character => '' [ParseError] /home/xs242-saykun/Desktop/Office/SmokeRegression/trail3/specs/example.spec:5 Scenario should have atleast one step => '']
22-08-2022 13:14:56.920 [Gauge] [DEBUG] Validation started.
22-08-2022 13:14:56.920 [Gauge] [DEBUG] Validation completed.
22-08-2022 13:14:57.495 [Gauge] [DEBUG] Validation started.
22-08-2022 13:14:57.495 [Gauge] [DEBUG] Validation completed.
22-08-2022 13:14:57.530 [Gauge] [DEBUG] request #435: textDocument/codeLens: failed to parse /home/xs242-saykun/Desktop/Office/SmokeRegression/trail3/specs/example.spec
/home/xs242-saykun/Desktop/Office/SmokeRegression/trail3/specs/example.spec:5 Scenario should have atleast one step
22-08-2022 13:14:57.629 [Gauge] [DEBUG] request #436: textDocument/documentSymbol: parsing failed for /home/xs242-saykun/Desktop/Office/SmokeRegression/trail3/specs/example.spec. [[ParseError] /home/xs242-saykun/Desktop/Office/SmokeRegression/trail3/specs/example.spec:5 Scenario should have atleast one step => '']
22-08-2022 13:14:57.919 [Gauge] [DEBUG] Validation started.
22-08-2022 13:14:57.919 [Gauge] [DEBUG] Validation completed.
22-08-2022 13:14:57.954 [Gauge] [DEBUG] request #437: textDocument/codeLens: failed to parse /home/xs242-saykun/Desktop/Office/SmokeRegression/trail3/specs/example.spec
/home/xs242-saykun/Desktop/Office/SmokeRegression/trail3/specs/example.spec:5 Scenario should have atleast one step
22-08-2022 13:14:58.369 [Gauge] [DEBUG] Validation started.
22-08-2022 13:14:58.370 [Gauge] [DEBUG] Validation completed.
22-08-2022 13:14:58.861 [Gauge] [DEBUG] Validation started.
22-08-2022 13:14:58.861 [Gauge] [DEBUG] Validation completed.
22-08-2022 13:15:00.329 [Gauge] [DEBUG] Validation started.
22-08-2022 13:15:00.329 [Gauge] [DEBUG] Validation completed.
22-08-2022 13:15:00.362 [Gauge] [DEBUG] request #438: textDocument/codeLens: failed to parse /home/xs242-saykun/Desktop/Office/SmokeRegression/trail3/specs/example.spec
/home/xs242-saykun/Desktop/Office/SmokeRegression/trail3/specs/example.spec:5 Scenario should have atleast one step
22-08-2022 13:15:00.461 [Gauge] [DEBUG] request #439: textDocument/documentSymbol: parsing failed for /home/xs242-saykun/Desktop/Office/SmokeRegression/trail3/specs/example.spec. [[ParseError] /home/xs242-saykun/Desktop/Office/SmokeRegression/trail3/specs/example.spec:5 Scenario should have atleast one step => '']
22-08-2022 13:15:00.612 [Gauge] [DEBUG] Spec file added / modified: /home/xs242-saykun/Desktop/Office/SmokeRegression/trail3/specs/example.spec
22-08-2022 13:15:00.612 [Gauge] [DEBUG] Spec file added / modified: /home/xs242-saykun/Desktop/Office/SmokeRegression/trail3/specs/example.spec
22-08-2022 13:15:01.465 [Gauge] [DEBUG] Validation started.
22-08-2022 13:15:01.465 [Gauge] [DEBUG] Validation completed.
22-08-2022 13:15:01.509 [Gauge] [DEBUG] request #441: textDocument/codeLens: failed to parse /home/xs242-saykun/Desktop/Office/SmokeRegression/trail3/specs/example.spec
/home/xs242-saykun/Desktop/Office/SmokeRegression/trail3/specs/example.spec:5 Scenario should have atleast one step
22-08-2022 13:15:01.603 [Gauge] [DEBUG] request #442: textDocument/documentSymbol: parsing failed for /home/xs242-saykun/Desktop/Office/SmokeRegression/trail3/specs/example.spec. [[ParseError] /home/xs242-saykun/Desktop/Office/SmokeRegression/trail3/specs/example.spec:5 Scenario should have atleast one step => '']
22-08-2022 13:15:02.554 [Gauge] [DEBUG] Validation started.
22-08-2022 13:15:02.554 [Gauge] [DEBUG] Validation completed.
22-08-2022 13:15:02.808 [Gauge] [DEBUG] Validation started.
22-08-2022 13:15:02.808 [Gauge] [DEBUG] Validation completed.
22-08-2022 13:15:02.844 [Gauge] [DEBUG] request #444: textDocument/codeLens: failed to parse /home/xs242-saykun/Desktop/Office/SmokeRegression/trail3/specs/example.spec
/home/xs242-saykun/Desktop/Office/SmokeRegression/trail3/specs/example.spec:5 Scenario should have atleast one step
22-08-2022 13:15:02.942 [Gauge] [DEBUG] request #445: textDocument/documentSymbol: parsing failed for /home/xs242-saykun/Desktop/Office/SmokeRegression/trail3/specs/example.spec. [[ParseError] /home/xs242-saykun/Desktop/Office/SmokeRegression/trail3/specs/example.spec:5 Scenario should have atleast one step => '']
22-08-2022 13:15:03.100 [Gauge] [DEBUG] Spec file added / modified: /home/xs242-saykun/Desktop/Office/SmokeRegression/trail3/specs/example.spec
22-08-2022 13:15:03.100 [Gauge] [DEBUG] Spec file added / modified: /home/xs242-saykun/Desktop/Office/SmokeRegression/trail3/specs/example.spec
22-08-2022 13:15:03.695 [Gauge] [DEBUG] Validation started.
22-08-2022 13:15:03.695 [Gauge] [DEBUG] Validation completed.
22-08-2022 13:15:03.740 [Gauge] [DEBUG] request #446: textDocument/codeLens: failed to parse /home/xs242-saykun/Desktop/Office/SmokeRegression/trail3/specs/example.spec
/home/xs242-saykun/Desktop/Office/SmokeRegression/trail3/specs/example.spec:5 Scenario should have atleast one step
22-08-2022 13:15:03.853 [Gauge] [DEBUG] request #447: textDocument/documentSymbol: parsing failed for /home/xs242-saykun/Desktop/Office/SmokeRegression/trail3/specs/example.spec. [[ParseError] /home/xs242-saykun/Desktop/Office/SmokeRegression/trail3/specs/example.spec:7 Step should not be blank => '']
22-08-2022 13:15:03.855 [Gauge] [DEBUG] Validation started.
22-08-2022 13:15:03.855 [Gauge] [DEBUG] Validation completed.
22-08-2022 13:15:04.244 [Gauge] [DEBUG] Validation started.
22-08-2022 13:15:04.245 [Gauge] [DEBUG] Validation completed.
22-08-2022 13:15:04.268 [Gauge] [DEBUG] request #450: textDocument/codeLens: failed to parse /home/xs242-saykun/Desktop/Office/SmokeRegression/trail3/specs/example.spec
/home/xs242-saykun/Desktop/Office/SmokeRegression/trail3/specs/example.spec:7 Step should not be blank
22-08-2022 13:15:04.585 [Gauge] [DEBUG] Validation started.
22-08-2022 13:15:04.641 [Gauge] [DEBUG] Validation started.
22-08-2022 13:15:04.971 [Gauge] [DEBUG] Validation started.
22-08-2022 13:15:05.253 [Gauge] [DEBUG] Validation started.
22-08-2022 13:15:05.683 [Gauge] [DEBUG] Validation started.
22-08-2022 13:15:05.716 [Gauge] [DEBUG] Validation started.
22-08-2022 13:15:05.955 [Gauge] [DEBUG] Validation started.
22-08-2022 13:15:06.346 [Gauge] [DEBUG] Validation started.
22-08-2022 13:15:06.882 [Gauge] [DEBUG] Validation started.
22-08-2022 13:15:07.203 [Gauge] [DEBUG] Validation started.
22-08-2022 13:15:07.570 [Gauge] [DEBUG] Validation started.
22-08-2022 13:15:07.855 [Gauge] [DEBUG] Spec file added / modified: /home/xs242-saykun/Desktop/Office/SmokeRegression/trail3/specs/example.spec
22-08-2022 13:15:07.857 [Gauge] [DEBUG] Spec file added / modified: /home/xs242-saykun/Desktop/Office/SmokeRegression/trail3/specs/example.spec
22-08-2022 13:15:08.468 [Gauge] [DEBUG] Validation started.
22-08-2022 13:15:08.767 [Gauge] [DEBUG] Spec file added / modified: /home/xs242-saykun/Desktop/Office/SmokeRegression/trail3/specs/example.spec
22-08-2022 13:15:08.768 [Gauge] [DEBUG] Spec file added / modified: /home/xs242-saykun/Desktop/Office/SmokeRegression/trail3/specs/example.spec
22-08-2022 13:15:14.040 [Gauge] [DEBUG] Validation started.
22-08-2022 13:15:14.325 [Gauge] [DEBUG] Spec file added / modified: /home/xs242-saykun/Desktop/Office/SmokeRegression/trail3/specs/example.spec
22-08-2022 13:15:14.326 [Gauge] [DEBUG] Spec file added / modified: /home/xs242-saykun/Desktop/Office/SmokeRegression/trail3/specs/example.spec
22-08-2022 13:15:15.218 [Gauge] [DEBUG] Validation started.
22-08-2022 13:15:15.510 [Gauge] [DEBUG] Spec file added / modified: /home/xs242-saykun/Desktop/Office/SmokeRegression/trail3/specs/example.spec
22-08-2022 13:15:15.511 [Gauge] [DEBUG] Spec file added / modified: /home/xs242-saykun/Desktop/Office/SmokeRegression/trail3/specs/example.spec
22-08-2022 13:15:15.750 [Gauge] [DEBUG] Validation started.
22-08-2022 13:15:16.802 [Gauge] [DEBUG] Validation started.
22-08-2022 13:15:17.093 [Gauge] [DEBUG] Validation started.
22-08-2022 13:15:17.389 [Gauge] [DEBUG] Spec file added / modified: /home/xs242-saykun/Desktop/Office/SmokeRegression/trail3/specs/example.spec
22-08-2022 13:15:17.389 [Gauge] [DEBUG] Spec file added / modified: /home/xs242-saykun/Desktop/Office/SmokeRegression/trail3/specs/example.spec
22-08-2022 13:15:17.642 [Gauge] [DEBUG] Validation started.
22-08-2022 13:15:17.953 [Gauge] [DEBUG] Spec file added / modified: /home/xs242-saykun/Desktop/Office/SmokeRegression/trail3/specs/example.spec
22-08-2022 13:15:17.954 [Gauge] [DEBUG] Spec file added / modified: /home/xs242-saykun/Desktop/Office/SmokeRegression/trail3/specs/example.spec
22-08-2022 13:15:19.487 [Gauge] [DEBUG] Validation started.
22-08-2022 13:15:19.694 [Gauge] [DEBUG] Validation started.
22-08-2022 13:15:19.974 [Gauge] [DEBUG] Spec file added / modified: /home/xs242-saykun/Desktop/Office/SmokeRegression/trail3/specs/example.spec
22-08-2022 13:15:19.975 [Gauge] [DEBUG] Spec file added / modified: /home/xs242-saykun/Desktop/Office/SmokeRegression/trail3/specs/example.spec
22-08-2022 13:15:22.479 [Gauge] [DEBUG] Validation started.
22-08-2022 13:15:22.803 [Gauge] [DEBUG] Validation started.
22-08-2022 13:15:23.094 [Gauge] [DEBUG] Spec file added / modified: /home/xs242-saykun/Desktop/Office/SmokeRegression/trail3/specs/example.spec
22-08-2022 13:15:23.095 [Gauge] [DEBUG] Spec file added / modified: /home/xs242-saykun/Desktop/Office/SmokeRegression/trail3/specs/example.spec
22-08-2022 13:15:24.107 [Gauge] [DEBUG] Validation started.
22-08-2022 13:15:24.107 [Gauge] [DEBUG] Validation completed.
22-08-2022 13:15:24.139 [Gauge] [DEBUG] request #493: textDocument/codeLens: failed to parse /home/xs242-saykun/Desktop/Office/SmokeRegression/trail3/specs/example.spec
/home/xs242-saykun/Desktop/Office/SmokeRegression/trail3/specs/example.spec:10 Scenario heading should have at least one character
/home/xs242-saykun/Desktop/Office/SmokeRegression/trail3/specs/example.spec:10 Scenario should have atleast one step
22-08-2022 13:15:24.239 [Gauge] [DEBUG] request #494: textDocument/documentSymbol: parsing failed for /home/xs242-saykun/Desktop/Office/SmokeRegression/trail3/specs/example.spec. [[ParseError] /home/xs242-saykun/Desktop/Office/SmokeRegression/trail3/specs/example.spec:10 Scenario heading should have at least one character => '' [ParseError] /home/xs242-saykun/Desktop/Office/SmokeRegression/trail3/specs/example.spec:10 Scenario should have atleast one step => '']
22-08-2022 13:15:24.390 [Gauge] [DEBUG] Spec file added / modified: /home/xs242-saykun/Desktop/Office/SmokeRegression/trail3/specs/example.spec
22-08-2022 13:15:24.390 [Gauge] [DEBUG] Spec file added / modified: /home/xs242-saykun/Desktop/Office/SmokeRegression/trail3/specs/example.spec
22-08-2022 13:15:25.190 [Gauge] [DEBUG] Validation started.
22-08-2022 13:15:25.190 [Gauge] [DEBUG] Validation completed.
22-08-2022 13:15:25.223 [Gauge] [DEBUG] request #496: textDocument/codeLens: failed to parse /home/xs242-saykun/Desktop/Office/SmokeRegression/trail3/specs/example.spec
/home/xs242-saykun/Desktop/Office/SmokeRegression/trail3/specs/example.spec:10 Scenario heading should have at least one character
/home/xs242-saykun/Desktop/Office/SmokeRegression/trail3/specs/example.spec:10 Scenario should have atleast one step
22-08-2022 13:15:25.318 [Gauge] [DEBUG] request #497: textDocument/documentSymbol: parsing failed for /home/xs242-saykun/Desktop/Office/SmokeRegression/trail3/specs/example.spec. [[ParseError] /home/xs242-saykun/Desktop/Office/SmokeRegression/trail3/specs/example.spec:10 Scenario heading should have at least one character => '' [ParseError] /home/xs242-saykun/Desktop/Office/SmokeRegression/trail3/specs/example.spec:10 Scenario should have atleast one step => '']
22-08-2022 13:15:25.477 [Gauge] [DEBUG] Spec file added / modified: /home/xs242-saykun/Desktop/Office/SmokeRegression/trail3/specs/example.spec
22-08-2022 13:15:25.478 [Gauge] [DEBUG] Spec file added / modified: /home/xs242-saykun/Desktop/Office/SmokeRegression/trail3/specs/example.spec
22-08-2022 13:15:28.266 [Gauge] [DEBUG] Validation started.
22-08-2022 13:15:28.266 [Gauge] [DEBUG] Validation completed.
22-08-2022 13:15:28.305 [Gauge] [DEBUG] request #498: textDocument/codeLens: failed to parse /home/xs242-saykun/Desktop/Office/SmokeRegression/trail3/specs/example.spec
/home/xs242-saykun/Desktop/Office/SmokeRegression/trail3/specs/example.spec:10 Scenario should have atleast one step
22-08-2022 13:15:28.602 [Gauge] [DEBUG] Validation started.
22-08-2022 13:15:28.602 [Gauge] [DEBUG] Validation completed.
22-08-2022 13:15:28.645 [Gauge] [DEBUG] request #499: textDocument/codeLens: failed to parse /home/xs242-saykun/Desktop/Office/SmokeRegression/trail3/specs/example.spec
/home/xs242-saykun/Desktop/Office/SmokeRegression/trail3/specs/example.spec:10 Scenario should have atleast one step
22-08-2022 13:15:28.744 [Gauge] [DEBUG] request #500: textDocument/documentSymbol: parsing failed for /home/xs242-saykun/Desktop/Office/SmokeRegression/trail3/specs/example.spec. [[ParseError] /home/xs242-saykun/Desktop/Office/SmokeRegression/trail3/specs/example.spec:10 Scenario should have atleast one step => '']
22-08-2022 13:15:28.904 [Gauge] [DEBUG] Spec file added / modified: /home/xs242-saykun/Desktop/Office/SmokeRegression/trail3/specs/example.spec
22-08-2022 13:15:28.904 [Gauge] [DEBUG] Spec file added / modified: /home/xs242-saykun/Desktop/Office/SmokeRegression/trail3/specs/example.spec
22-08-2022 13:15:28.935 [Gauge] [DEBUG] Validation started.
22-08-2022 13:15:28.935 [Gauge] [DEBUG] Validation completed.
22-08-2022 13:15:29.458 [Gauge] [DEBUG] Validation started.
22-08-2022 13:15:29.458 [Gauge] [DEBUG] Validation completed.
22-08-2022 13:15:29.496 [Gauge] [DEBUG] request #502: textDocument/codeLens: failed to parse /home/xs242-saykun/Desktop/Office/SmokeRegression/trail3/specs/example.spec
/home/xs242-saykun/Desktop/Office/SmokeRegression/trail3/specs/example.spec:10 Scenario heading should have at least one character
/home/xs242-saykun/Desktop/Office/SmokeRegression/trail3/specs/example.spec:10 Scenario should have atleast one step
22-08-2022 13:15:29.594 [Gauge] [DEBUG] request #503: textDocument/documentSymbol: parsing failed for /home/xs242-saykun/Desktop/Office/SmokeRegression/trail3/specs/example.spec. [[ParseError] /home/xs242-saykun/Desktop/Office/SmokeRegression/trail3/specs/example.spec:10 Scenario heading should have at least one character => '' [ParseError] /home/xs242-saykun/Desktop/Office/SmokeRegression/trail3/specs/example.spec:10 Scenario should have atleast one step => '']
22-08-2022 13:15:29.751 [Gauge] [DEBUG] Spec file added / modified: /home/xs242-saykun/Desktop/Office/SmokeRegression/trail3/specs/example.spec
22-08-2022 13:15:29.752 [Gauge] [DEBUG] Spec file added / modified: /home/xs242-saykun/Desktop/Office/SmokeRegression/trail3/specs/example.spec
22-08-2022 13:15:30.462 [Gauge] [DEBUG] Validation started.
22-08-2022 13:15:30.462 [Gauge] [DEBUG] Validation completed.
22-08-2022 13:15:30.511 [Gauge] [DEBUG] request #504: textDocument/codeLens: failed to parse /home/xs242-saykun/Desktop/Office/SmokeRegression/trail3/specs/example.spec
/home/xs242-saykun/Desktop/Office/SmokeRegression/trail3/specs/example.spec:10 Scenario should have atleast one step
22-08-2022 13:15:30.608 [Gauge] [DEBUG] request #505: textDocument/documentSymbol: parsing failed for /home/xs242-saykun/Desktop/Office/SmokeRegression/trail3/specs/example.spec. [[ParseError] /home/xs242-saykun/Desktop/Office/SmokeRegression/trail3/specs/example.spec:10 Scenario should have atleast one step => '']
22-08-2022 13:15:31.055 [Gauge] [DEBUG] Validation started.
22-08-2022 13:15:31.055 [Gauge] [DEBUG] Validation completed.
22-08-2022 13:15:31.282 [Gauge] [DEBUG] Validation started.
22-08-2022 13:15:31.282 [Gauge] [DEBUG] Validation completed.
22-08-2022 13:15:31.505 [Gauge] [DEBUG] Validation started.
22-08-2022 13:15:31.505 [Gauge] [DEBUG] Validation completed.
22-08-2022 13:15:31.539 [Gauge] [DEBUG] request #506: textDocument/codeLens: failed to parse /home/xs242-saykun/Desktop/Office/SmokeRegression/trail3/specs/example.spec
/home/xs242-saykun/Desktop/Office/SmokeRegression/trail3/specs/example.spec:10 Scenario should have atleast one step
22-08-2022 13:15:31.638 [Gauge] [DEBUG] request #507: textDocument/documentSymbol: parsing failed for /home/xs242-saykun/Desktop/Office/SmokeRegression/trail3/specs/example.spec. [[ParseError] /home/xs242-saykun/Desktop/Office/SmokeRegression/trail3/specs/example.spec:10 Scenario should have atleast one step => '']
22-08-2022 13:15:31.795 [Gauge] [DEBUG] Spec file added / modified: /home/xs242-saykun/Desktop/Office/SmokeRegression/trail3/specs/example.spec
22-08-2022 13:15:31.796 [Gauge] [DEBUG] Spec file added / modified: /home/xs242-saykun/Desktop/Office/SmokeRegression/trail3/specs/example.spec
22-08-2022 13:15:32.101 [Gauge] [DEBUG] Validation started.
22-08-2022 13:15:32.101 [Gauge] [DEBUG] Validation completed.
22-08-2022 13:15:32.149 [Gauge] [DEBUG] request #509: textDocument/codeLens: failed to parse /home/xs242-saykun/Desktop/Office/SmokeRegression/trail3/specs/example.spec
/home/xs242-saykun/Desktop/Office/SmokeRegression/trail3/specs/example.spec:10 Scenario should have atleast one step
22-08-2022 13:15:32.248 [Gauge] [DEBUG] request #510: textDocument/documentSymbol: parsing failed for /home/xs242-saykun/Desktop/Office/SmokeRegression/trail3/specs/example.spec. [[ParseError] /home/xs242-saykun/Desktop/Office/SmokeRegression/trail3/specs/example.spec:10 Scenario should have atleast one step => '']
22-08-2022 13:15:32.555 [Gauge] [DEBUG] Validation started.
22-08-2022 13:15:32.555 [Gauge] [DEBUG] Validation completed.
22-08-2022 13:15:32.809 [Gauge] [DEBUG] Validation started.
22-08-2022 13:15:32.809 [Gauge] [DEBUG] Validation completed.
22-08-2022 13:15:32.843 [Gauge] [DEBUG] request #511: textDocument/codeLens: failed to parse /home/xs242-saykun/Desktop/Office/SmokeRegression/trail3/specs/example.spec
/home/xs242-saykun/Desktop/Office/SmokeRegression/trail3/specs/example.spec:10 Scenario should have atleast one step
22-08-2022 13:15:32.942 [Gauge] [DEBUG] request #512: textDocument/documentSymbol: parsing failed for /home/xs242-saykun/Desktop/Office/SmokeRegression/trail3/specs/example.spec. [[ParseError] /home/xs242-saykun/Desktop/Office/SmokeRegression/trail3/specs/example.spec:10 Scenario should have atleast one step => '']
22-08-2022 13:15:33.534 [Gauge] [DEBUG] Validation started.
22-08-2022 13:15:33.534 [Gauge] [DEBUG] Validation completed.
22-08-2022 13:15:33.570 [Gauge] [DEBUG] request #513: textDocument/codeLens: failed to parse /home/xs242-saykun/Desktop/Office/SmokeRegression/trail3/specs/example.spec
/home/xs242-saykun/Desktop/Office/SmokeRegression/trail3/specs/example.spec:10 Scenario should have atleast one step
22-08-2022 13:15:33.890 [Gauge] [DEBUG] Validation started.
22-08-2022 13:15:33.890 [Gauge] [DEBUG] Validation completed.
22-08-2022 13:15:33.925 [Gauge] [DEBUG] request #514: textDocument/codeLens: failed to parse /home/xs242-saykun/Desktop/Office/SmokeRegression/trail3/specs/example.spec
/home/xs242-saykun/Desktop/Office/SmokeRegression/trail3/specs/example.spec:10 Scenario should have atleast one step
22-08-2022 13:15:34.023 [Gauge] [DEBUG] request #515: textDocument/documentSymbol: parsing failed for /home/xs242-saykun/Desktop/Office/SmokeRegression/trail3/specs/example.spec. [[ParseError] /home/xs242-saykun/Desktop/Office/SmokeRegression/trail3/specs/example.spec:10 Scenario should have atleast one step => '']
22-08-2022 13:15:34.181 [Gauge] [DEBUG] Spec file added / modified: /home/xs242-saykun/Desktop/Office/SmokeRegression/trail3/specs/example.spec
22-08-2022 13:15:34.182 [Gauge] [DEBUG] Spec file added / modified: /home/xs242-saykun/Desktop/Office/SmokeRegression/trail3/specs/example.spec
22-08-2022 13:15:34.358 [Gauge] [DEBUG] Validation started.
22-08-2022 13:15:34.358 [Gauge] [DEBUG] Validation completed.
22-08-2022 13:15:34.535 [Gauge] [DEBUG] Validation started.
22-08-2022 13:15:34.535 [Gauge] [DEBUG] Validation completed.
22-08-2022 13:15:34.763 [Gauge] [DEBUG] request #519: textDocument/codeLens: failed to parse /home/xs242-saykun/Desktop/Office/SmokeRegression/trail3/specs/example.spec
/home/xs242-saykun/Desktop/Office/SmokeRegression/trail3/specs/example.spec:11 Step should not be blank
22-08-2022 13:15:34.861 [Gauge] [DEBUG] request #520: textDocument/documentSymbol: parsing failed for /home/xs242-saykun/Desktop/Office/SmokeRegression/trail3/specs/example.spec. [[ParseError] /home/xs242-saykun/Desktop/Office/SmokeRegression/trail3/specs/example.spec:11 Step should not be blank => '']
22-08-2022 13:15:35.022 [Gauge] [DEBUG] Spec file added / modified: /home/xs242-saykun/Desktop/Office/SmokeRegression/trail3/specs/example.spec
22-08-2022 13:15:35.022 [Gauge] [DEBUG] Spec file added / modified: /home/xs242-saykun/Desktop/Office/SmokeRegression/trail3/specs/example.spec
22-08-2022 13:15:38.296 [Gauge] [DEBUG] Validation started.
22-08-2022 13:15:38.575 [Gauge] [DEBUG] Spec file added / modified: /home/xs242-saykun/Desktop/Office/SmokeRegression/trail3/specs/example.spec
22-08-2022 13:15:38.752 [Gauge] [DEBUG] Spec file added / modified: /home/xs242-saykun/Desktop/Office/SmokeRegression/trail3/specs/example.spec
22-08-2022 13:15:39.742 [Gauge] [DEBUG] Validation started.
22-08-2022 13:15:39.992 [Gauge] [DEBUG] Validation started.
22-08-2022 13:15:40.059 [Gauge] [DEBUG] Validation started.
22-08-2022 13:15:40.557 [Gauge] [DEBUG] Spec file added / modified: /home/xs242-saykun/Desktop/Office/SmokeRegression/trail3/specs/example.spec
22-08-2022 13:15:40.558 [Gauge] [DEBUG] Spec file added / modified: /home/xs242-saykun/Desktop/Office/SmokeRegression/trail3/specs/example.spec
22-08-2022 13:15:41.108 [Gauge] [DEBUG] Validation started.
22-08-2022 13:15:41.596 [Gauge] [DEBUG] Spec file added / modified: /home/xs242-saykun/Desktop/Office/SmokeRegression/trail3/specs/example.spec
22-08-2022 13:15:41.596 [Gauge] [DEBUG] Spec file added / modified: /home/xs242-saykun/Desktop/Office/SmokeRegression/trail3/specs/example.spec
22-08-2022 13:15:42.401 [Gauge] [DEBUG] Validation started.
22-08-2022 13:15:42.764 [Gauge] [DEBUG] Validation started.
22-08-2022 13:15:43.052 [Gauge] [DEBUG] Spec file added / modified: /home/xs242-saykun/Desktop/Office/SmokeRegression/trail3/specs/example.spec
22-08-2022 13:15:43.053 [Gauge] [DEBUG] Spec file added / modified: /home/xs242-saykun/Desktop/Office/SmokeRegression/trail3/specs/example.spec
22-08-2022 13:15:43.322 [Gauge] [DEBUG] Validation started.
22-08-2022 13:15:43.323 [Gauge] [DEBUG] Validation completed.
22-08-2022 13:15:43.685 [Gauge] [DEBUG] Validation started.
22-08-2022 13:15:43.685 [Gauge] [DEBUG] Validation completed.
22-08-2022 13:15:43.718 [Gauge] [DEBUG] request #538: textDocument/codeLens: failed to parse /home/xs242-saykun/Desktop/Office/SmokeRegression/trail3/specs/example.spec
/home/xs242-saykun/Desktop/Office/SmokeRegression/trail3/specs/example.spec:12 Step should not be blank
22-08-2022 13:15:43.817 [Gauge] [DEBUG] request #539: textDocument/documentSymbol: parsing failed for /home/xs242-saykun/Desktop/Office/SmokeRegression/trail3/specs/example.spec. [[ParseError] /home/xs242-saykun/Desktop/Office/SmokeRegression/trail3/specs/example.spec:12 Step should not be blank => '']
22-08-2022 13:15:43.977 [Gauge] [DEBUG] Spec file added / modified: /home/xs242-saykun/Desktop/Office/SmokeRegression/trail3/specs/example.spec
22-08-2022 13:15:43.978 [Gauge] [DEBUG] Spec file added / modified: /home/xs242-saykun/Desktop/Office/SmokeRegression/trail3/specs/example.spec
22-08-2022 13:15:45.605 [Gauge] [DEBUG] Validation started.
22-08-2022 13:15:45.903 [Gauge] [DEBUG] Spec file added / modified: /home/xs242-saykun/Desktop/Office/SmokeRegression/trail3/specs/example.spec
22-08-2022 13:15:45.903 [Gauge] [DEBUG] Spec file added / modified: /home/xs242-saykun/Desktop/Office/SmokeRegression/trail3/specs/example.spec
22-08-2022 13:15:46.651 [Gauge] [DEBUG] Validation started.
22-08-2022 13:15:46.854 [Gauge] [DEBUG] Validation started.
22-08-2022 13:15:47.069 [Gauge] [DEBUG] Validation started.
22-08-2022 13:15:47.244 [Gauge] [DEBUG] Validation started.
22-08-2022 13:15:47.292 [Gauge] [DEBUG] Validation started.
22-08-2022 13:15:47.491 [Gauge] [DEBUG] Validation started.
22-08-2022 13:15:47.996 [Gauge] [DEBUG] Validation started.
22-08-2022 13:15:48.230 [Gauge] [DEBUG] Validation started.
22-08-2022 13:15:48.365 [Gauge] [DEBUG] Validation started.
22-08-2022 13:15:48.650 [Gauge] [DEBUG] Validation started.
22-08-2022 13:15:48.764 [Gauge] [DEBUG] Validation started.
22-08-2022 13:15:48.931 [Gauge] [DEBUG] Validation started.
22-08-2022 13:15:49.083 [Gauge] [DEBUG] Validation started.
22-08-2022 13:15:49.461 [Gauge] [DEBUG] Validation started.
22-08-2022 13:15:49.910 [Gauge] [DEBUG] Validation started.
22-08-2022 13:15:50.302 [Gauge] [DEBUG] Validation started.
22-08-2022 13:15:50.588 [Gauge] [DEBUG] Spec file added / modified: /home/xs242-saykun/Desktop/Office/SmokeRegression/trail3/specs/example.spec
22-08-2022 13:15:50.589 [Gauge] [DEBUG] Spec file added / modified: /home/xs242-saykun/Desktop/Office/SmokeRegression/trail3/specs/example.spec
22-08-2022 13:15:51.526 [Gauge] [DEBUG] Validation started.
22-08-2022 13:15:51.818 [Gauge] [DEBUG] Spec file added / modified: /home/xs242-saykun/Desktop/Office/SmokeRegression/trail3/specs/example.spec
22-08-2022 13:15:51.818 [Gauge] [DEBUG] Spec file added / modified: /home/xs242-saykun/Desktop/Office/SmokeRegression/trail3/specs/example.spec
22-08-2022 13:15:54.840 [Gauge] [DEBUG] Validation started.
22-08-2022 13:15:55.127 [Gauge] [DEBUG] Spec file added / modified: /home/xs242-saykun/Desktop/Office/SmokeRegression/trail3/specs/example.spec
22-08-2022 13:15:55.128 [Gauge] [DEBUG] Spec file added / modified: /home/xs242-saykun/Desktop/Office/SmokeRegression/trail3/specs/example.spec
22-08-2022 13:15:55.971 [Gauge] [DEBUG] Validation started.
22-08-2022 13:15:56.260 [Gauge] [DEBUG] Spec file added / modified: /home/xs242-saykun/Desktop/Office/SmokeRegression/trail3/specs/example.spec
22-08-2022 13:15:56.261 [Gauge] [DEBUG] Spec file added / modified: /home/xs242-saykun/Desktop/Office/SmokeRegression/trail3/specs/example.spec
22-08-2022 13:15:56.430 [Gauge] [DEBUG] Validation started.
22-08-2022 13:15:57.127 [Gauge] [DEBUG] Validation started.
22-08-2022 13:15:57.371 [Gauge] [DEBUG] Validation started.
22-08-2022 13:15:57.779 [Gauge] [DEBUG] Validation started.
22-08-2022 13:15:58.074 [Gauge] [DEBUG] Spec file added / modified: /home/xs242-saykun/Desktop/Office/SmokeRegression/trail3/specs/example.spec
22-08-2022 13:15:58.074 [Gauge] [DEBUG] Spec file added / modified: /home/xs242-saykun/Desktop/Office/SmokeRegression/trail3/specs/example.spec
22-08-2022 13:15:58.131 [Gauge] [DEBUG] Validation started.
22-08-2022 13:15:58.624 [Gauge] [DEBUG] Validation started.
22-08-2022 13:15:58.916 [Gauge] [DEBUG] Spec file added / modified: /home/xs242-saykun/Desktop/Office/SmokeRegression/trail3/specs/example.spec
22-08-2022 13:15:58.917 [Gauge] [DEBUG] Spec file added / modified: /home/xs242-saykun/Desktop/Office/SmokeRegression/trail3/specs/example.spec
22-08-2022 13:16:01.011 [Gauge] [DEBUG] Validation started.
22-08-2022 13:16:01.297 [Gauge] [DEBUG] Spec file added / modified: /home/xs242-saykun/Desktop/Office/SmokeRegression/trail3/specs/example.spec
22-08-2022 13:16:01.298 [Gauge] [DEBUG] Spec file added / modified: /home/xs242-saykun/Desktop/Office/SmokeRegression/trail3/specs/example.spec
22-08-2022 13:16:06.302 [Gauge] [DEBUG] Validation started.
22-08-2022 13:16:06.599 [Gauge] [DEBUG] Spec file added / modified: /home/xs242-saykun/Desktop/Office/SmokeRegression/trail3/specs/example.spec
22-08-2022 13:16:06.600 [Gauge] [DEBUG] Spec file added / modified: /home/xs242-saykun/Desktop/Office/SmokeRegression/trail3/specs/example.spec
22-08-2022 13:16:11.669 [Gauge] [DEBUG] Validation started.
22-08-2022 13:16:11.979 [Gauge] [DEBUG] Validation started.
22-08-2022 13:16:13.450 [Gauge] [DEBUG] Validation started.
22-08-2022 13:16:13.941 [Gauge] [DEBUG] Validation started.
22-08-2022 13:16:13.947 [Gauge] [DEBUG] Validation started.
22-08-2022 13:16:17.641 [Gauge] [DEBUG] Validation started.
22-08-2022 13:16:22.526 [Gauge] [DEBUG] Validation started.
22-08-2022 13:16:22.795 [Gauge] [DEBUG] Validation started.
22-08-2022 13:16:23.028 [Gauge] [DEBUG] Validation started.
22-08-2022 13:16:23.422 [Gauge] [DEBUG] Validation started.
22-08-2022 13:16:23.839 [Gauge] [DEBUG] Validation started.
22-08-2022 13:16:24.979 [Gauge] [DEBUG] Validation started.
22-08-2022 13:16:25.282 [Gauge] [DEBUG] Validation started.
22-08-2022 13:16:26.636 [Gauge] [DEBUG] Validation started.
22-08-2022 13:16:26.900 [Gauge] [DEBUG] Validation started.
22-08-2022 13:16:27.757 [Gauge] [DEBUG] Validation started.
22-08-2022 13:16:32.074 [Gauge] [DEBUG] Validation started.
22-08-2022 13:16:40.266 [Gauge] [DEBUG] Validation started.
22-08-2022 13:16:43.941 [Gauge] [DEBUG] Validation started.
22-08-2022 13:16:44.199 [Gauge] [DEBUG] Validation started.
22-08-2022 13:16:45.125 [Gauge] [DEBUG] Validation started.
22-08-2022 13:16:46.008 [Gauge] [DEBUG] Validation started.
22-08-2022 13:16:46.496 [Gauge] [DEBUG] Validation started.
22-08-2022 13:16:47.115 [Gauge] [DEBUG] Validation started.
22-08-2022 13:16:47.385 [Gauge] [DEBUG] Validation started.
22-08-2022 13:16:47.811 [Gauge] [DEBUG] Validation started.
22-08-2022 13:16:48.197 [Gauge] [DEBUG] Validation started.
22-08-2022 13:16:48.596 [Gauge] [DEBUG] Validation started.
22-08-2022 13:16:48.996 [Gauge] [DEBUG] Validation started.
22-08-2022 13:16:50.241 [Gauge] [DEBUG] Validation started.
22-08-2022 13:16:51.127 [Gauge] [DEBUG] Validation started.
22-08-2022 13:16:53.336 [Gauge] [DEBUG] Validation started.
22-08-2022 13:16:54.376 [Gauge] [DEBUG] Validation started.
22-08-2022 13:16:55.926 [Gauge] [DEBUG] Validation started.
22-08-2022 13:16:56.154 [Gauge] [DEBUG] Validation started.
22-08-2022 13:16:56.518 [Gauge] [DEBUG] Validation started.
22-08-2022 13:16:57.273 [Gauge] [DEBUG] Validation started.
22-08-2022 13:16:58.400 [Gauge] [DEBUG] Validation started.
22-08-2022 13:16:58.633 [Gauge] [DEBUG] Validation started.
22-08-2022 13:16:59.323 [Gauge] [DEBUG] Validation started.
22-08-2022 13:17:02.233 [Gauge] [DEBUG] Validation started.
22-08-2022 13:17:03.202 [Gauge] [DEBUG] Validation started.
22-08-2022 13:17:03.656 [Gauge] [DEBUG] Validation started.
22-08-2022 13:17:04.361 [Gauge] [DEBUG] Validation started.
22-08-2022 13:17:04.690 [Gauge] [DEBUG] Validation started.
22-08-2022 13:17:05.081 [Gauge] [DEBUG] Validation started.
22-08-2022 13:17:05.746 [Gauge] [DEBUG] Validation started.
22-08-2022 13:17:06.137 [Gauge] [DEBUG] Validation started.
22-08-2022 13:17:06.666 [Gauge] [DEBUG] Validation started.
22-08-2022 13:17:07.053 [Gauge] [DEBUG] Validation started.
22-08-2022 13:17:08.417 [Gauge] [DEBUG] Validation started.
22-08-2022 13:17:09.014 [Gauge] [DEBUG] Validation started.
22-08-2022 13:17:09.343 [Gauge] [DEBUG] Validation started.
22-08-2022 13:17:09.735 [Gauge] [DEBUG] Validation started.
22-08-2022 13:17:10.251 [Gauge] [DEBUG] Validation started.
22-08-2022 13:17:10.857 [Gauge] [DEBUG] Validation started.
22-08-2022 13:17:11.769 [Gauge] [DEBUG] Validation started.
22-08-2022 13:17:12.025 [Gauge] [DEBUG] Validation started.
22-08-2022 13:17:12.950 [Gauge] [DEBUG] Validation started.
22-08-2022 13:17:22.003 [Gauge] [DEBUG] Validation started.
22-08-2022 13:17:23.806 [Gauge] [DEBUG] Validation started.
22-08-2022 13:17:25.833 [Gauge] [DEBUG] Validation started.
22-08-2022 13:17:27.103 [Gauge] [DEBUG] Validation started.
22-08-2022 13:17:29.135 [Gauge] [DEBUG] Validation started.
22-08-2022 13:17:34.604 [Gauge] [DEBUG] Validation started.
22-08-2022 13:17:34.889 [Gauge] [DEBUG] Spec file added / modified: /home/xs242-saykun/Desktop/Office/SmokeRegression/trail3/specs/example.spec
22-08-2022 13:17:34.890 [Gauge] [DEBUG] Spec file added / modified: /home/xs242-saykun/Desktop/Office/SmokeRegression/trail3/specs/example.spec
22-08-2022 13:17:40.628 [Gauge] [DEBUG] Validation started.
22-08-2022 13:17:44.099 [Gauge] [DEBUG] Validation started.
22-08-2022 13:17:49.322 [Gauge] [DEBUG] Validation started.
22-08-2022 13:17:49.573 [Gauge] [DEBUG] Validation started.
22-08-2022 13:17:50.829 [Gauge] [DEBUG] Validation started.
22-08-2022 13:17:51.388 [Gauge] [DEBUG] Validation started.
22-08-2022 13:17:51.713 [Gauge] [DEBUG] Validation started.
22-08-2022 13:17:52.186 [Gauge] [DEBUG] Validation started.
22-08-2022 13:17:52.577 [Gauge] [DEBUG] Validation started.
22-08-2022 13:17:52.902 [Gauge] [DEBUG] Validation started.
22-08-2022 13:17:54.219 [Gauge] [DEBUG] Validation started.
22-08-2022 13:17:54.647 [Gauge] [DEBUG] Validation started.
22-08-2022 13:17:55.320 [Gauge] [DEBUG] Validation started.
22-08-2022 13:17:55.870 [Gauge] [DEBUG] Validation started.
22-08-2022 13:17:56.412 [Gauge] [DEBUG] Validation started.
22-08-2022 13:18:07.810 [Gauge] [DEBUG] Validation started.
22-08-2022 13:18:09.713 [Gauge] [DEBUG] Validation started.
22-08-2022 13:18:10.632 [Gauge] [DEBUG] Validation started.
22-08-2022 13:18:11.412 [Gauge] [DEBUG] Validation started.
22-08-2022 13:18:11.818 [Gauge] [DEBUG] Validation started.
22-08-2022 13:18:12.375 [Gauge] [DEBUG] Validation started.
22-08-2022 13:18:13.326 [Gauge] [DEBUG] Validation started.
22-08-2022 13:18:18.249 [Gauge] [DEBUG] Validation started.
22-08-2022 13:18:18.753 [Gauge] [DEBUG] Validation started.
22-08-2022 13:18:20.319 [Gauge] [DEBUG] Validation started.
22-08-2022 13:18:20.653 [Gauge] [DEBUG] Validation started.
22-08-2022 13:18:22.149 [Gauge] [DEBUG] Validation started.
22-08-2022 13:18:22.402 [Gauge] [DEBUG] Validation started.
22-08-2022 13:18:23.304 [Gauge] [DEBUG] Validation started.
22-08-2022 13:18:23.938 [Gauge] [DEBUG] Validation started.
22-08-2022 13:18:24.197 [Gauge] [DEBUG] Validation started.
22-08-2022 13:18:24.930 [Gauge] [DEBUG] Validation started.
22-08-2022 13:18:25.401 [Gauge] [DEBUG] Validation started.
22-08-2022 13:18:26.029 [Gauge] [DEBUG] Validation started.
22-08-2022 13:18:26.695 [Gauge] [DEBUG] Validation started.
22-08-2022 13:18:27.251 [Gauge] [DEBUG] Validation started.
22-08-2022 13:18:28.520 [Gauge] [DEBUG] Validation started.
22-08-2022 13:18:30.131 [Gauge] [DEBUG] Validation started.
22-08-2022 13:18:30.929 [Gauge] [DEBUG] Validation started.
22-08-2022 13:18:31.257 [Gauge] [DEBUG] Validation started.
22-08-2022 13:18:31.465 [Gauge] [DEBUG] Validation started.
22-08-2022 13:18:34.072 [Gauge] [DEBUG] Validation started.
22-08-2022 13:18:35.890 [Gauge] [DEBUG] Validation started.
22-08-2022 13:18:44.205 [Gauge] [DEBUG] Validation started.
22-08-2022 13:18:44.938 [Gauge] [DEBUG] Validation started.
22-08-2022 13:18:45.198 [Gauge] [DEBUG] Validation started.
22-08-2022 13:18:45.860 [Gauge] [DEBUG] Validation started.
22-08-2022 13:18:48.197 [Gauge] [DEBUG] Validation started.
22-08-2022 13:18:49.207 [Gauge] [DEBUG] Validation started.
22-08-2022 13:18:49.489 [Gauge] [DEBUG] Validation started.
22-08-2022 13:18:52.457 [Gauge] [DEBUG] Validation started.
22-08-2022 13:18:53.050 [Gauge] [DEBUG] Validation started.
22-08-2022 13:18:54.017 [Gauge] [DEBUG] Validation started.
22-08-2022 13:18:54.508 [Gauge] [DEBUG] Validation started.
22-08-2022 13:18:54.925 [Gauge] [DEBUG] Validation started.
22-08-2022 13:18:55.139 [Gauge] [DEBUG] Validation started.
22-08-2022 13:18:55.987 [Gauge] [DEBUG] Validation started.
22-08-2022 13:18:57.303 [Gauge] [DEBUG] Validation started.
22-08-2022 13:18:57.517 [Gauge] [DEBUG] Validation started.
22-08-2022 13:18:58.851 [Gauge] [DEBUG] Validation started.
22-08-2022 13:19:00.101 [Gauge] [DEBUG] Validation started.
22-08-2022 13:19:00.535 [Gauge] [DEBUG] Validation started.
22-08-2022 13:19:00.999 [Gauge] [DEBUG] Validation started.
22-08-2022 13:19:01.851 [Gauge] [DEBUG] Validation started.
22-08-2022 13:19:02.054 [Gauge] [DEBUG] Validation started.
22-08-2022 13:19:02.808 [Gauge] [DEBUG] Validation started.
22-08-2022 13:19:03.304 [Gauge] [DEBUG] Validation started.
22-08-2022 13:19:04.302 [Gauge] [DEBUG] Validation started.
22-08-2022 13:19:06.653 [Gauge] [DEBUG] Validation started.
22-08-2022 13:19:07.782 [Gauge] [DEBUG] Validation started.
22-08-2022 13:19:08.700 [Gauge] [DEBUG] Validation started.
22-08-2022 13:19:11.754 [Gauge] [DEBUG] Validation started.
22-08-2022 13:19:12.810 [Gauge] [DEBUG] Validation started.
22-08-2022 13:19:13.042 [Gauge] [DEBUG] Validation started.
22-08-2022 13:19:13.248 [Gauge] [DEBUG] Validation started.
22-08-2022 13:19:14.128 [Gauge] [DEBUG] Validation started.
22-08-2022 13:19:29.137 [Gauge] [DEBUG] Validation started.
22-08-2022 13:19:29.693 [Gauge] [DEBUG] Validation started.
22-08-2022 13:19:30.470 [Gauge] [DEBUG] Validation started.
22-08-2022 13:19:30.866 [Gauge] [DEBUG] Validation started.
22-08-2022 13:19:31.734 [Gauge] [DEBUG] Validation started.
22-08-2022 13:19:32.364 [Gauge] [DEBUG] Validation started.
22-08-2022 13:19:32.770 [Gauge] [DEBUG] Validation started.
22-08-2022 13:19:33.085 [Gauge] [DEBUG] Validation started.
22-08-2022 13:19:33.367 [Gauge] [DEBUG] Validation started.
22-08-2022 13:19:33.785 [Gauge] [DEBUG] Validation started.
22-08-2022 13:19:34.779 [Gauge] [DEBUG] Validation started.
22-08-2022 13:19:35.148 [Gauge] [DEBUG] Validation started.
22-08-2022 13:19:37.165 [Gauge] [DEBUG] Validation started.
22-08-2022 13:19:37.670 [Gauge] [DEBUG] Validation started.
22-08-2022 13:19:39.691 [Gauge] [DEBUG] Validation started.
22-08-2022 13:19:40.568 [Gauge] [DEBUG] Validation started.
22-08-2022 13:19:41.593 [Gauge] [DEBUG] Validation started.
22-08-2022 13:19:41.899 [Gauge] [DEBUG] Validation started.
22-08-2022 13:19:43.977 [Gauge] [DEBUG] Validation started.
22-08-2022 13:19:44.326 [Gauge] [DEBUG] Validation started.
22-08-2022 13:19:44.949 [Gauge] [DEBUG] Validation started.
22-08-2022 13:19:45.763 [Gauge] [DEBUG] Validation started.
22-08-2022 13:19:47.752 [Gauge] [DEBUG] Validation started.
22-08-2022 13:19:48.049 [Gauge] [DEBUG] Validation started.
22-08-2022 13:19:48.292 [Gauge] [DEBUG] Validation started.
22-08-2022 13:19:48.928 [Gauge] [DEBUG] Validation started.
22-08-2022 13:19:49.158 [Gauge] [DEBUG] Validation started.
22-08-2022 13:19:49.949 [Gauge] [DEBUG] Validation started.
22-08-2022 13:19:50.278 [Gauge] [DEBUG] Validation started.
22-08-2022 13:19:55.713 [Gauge] [DEBUG] Validation started.
22-08-2022 13:19:57.715 [Gauge] [DEBUG] Validation started.
22-08-2022 13:19:58.480 [Gauge] [DEBUG] Validation started.
22-08-2022 13:19:59.264 [Gauge] [DEBUG] Validation started.
22-08-2022 13:19:59.840 [Gauge] [DEBUG] Validation started.
22-08-2022 13:20:00.450 [Gauge] [DEBUG] Validation started.
22-08-2022 13:20:01.013 [Gauge] [DEBUG] Validation started.
22-08-2022 13:20:01.739 [Gauge] [DEBUG] Validation started.
22-08-2022 13:20:02.551 [Gauge] [DEBUG] Validation started.
22-08-2022 13:20:02.893 [Gauge] [DEBUG] Validation started.
22-08-2022 13:20:03.207 [Gauge] [DEBUG] Validation started.
22-08-2022 13:20:04.341 [Gauge] [DEBUG] Validation started.
22-08-2022 13:20:06.306 [Gauge] [DEBUG] Validation started.
22-08-2022 13:20:06.814 [Gauge] [DEBUG] Validation started.
22-08-2022 13:20:07.880 [Gauge] [DEBUG] Validation started.
22-08-2022 13:20:08.198 [Gauge] [DEBUG] Validation started.
22-08-2022 13:20:09.414 [Gauge] [DEBUG] Validation started.
22-08-2022 13:20:10.303 [Gauge] [DEBUG] Validation started.
22-08-2022 13:20:10.684 [Gauge] [DEBUG] Validation started.
22-08-2022 13:20:11.070 [Gauge] [DEBUG] Validation started.
22-08-2022 13:20:11.492 [Gauge] [DEBUG] Validation started.
22-08-2022 13:20:26.438 [Gauge] [DEBUG] Validation started.
22-08-2022 13:20:26.452 [Gauge] [DEBUG] Validation completed.
22-08-2022 13:20:29.428 [Gauge] [DEBUG] Validation started.
22-08-2022 13:20:29.431 [Gauge] [DEBUG] Validation completed.
22-08-2022 13:20:29.648 [Gauge] [DEBUG] Validation started.
22-08-2022 13:20:29.652 [Gauge] [DEBUG] Validation completed.
22-08-2022 13:20:38.861 [Gauge] [DEBUG] Validation started.
22-08-2022 13:20:38.868 [Gauge] [DEBUG] Validation completed.
22-08-2022 13:20:41.883 [Gauge] [DEBUG] Validation started.
22-08-2022 13:20:41.886 [Gauge] [DEBUG] Validation completed.
22-08-2022 13:20:42.681 [Gauge] [DEBUG] Validation started.
22-08-2022 13:20:42.683 [Gauge] [DEBUG] Validation completed.
22-08-2022 13:21:44.361 [Gauge] [DEBUG] Validation started.
22-08-2022 13:21:44.374 [Gauge] [DEBUG] Validation completed.
22-08-2022 13:22:15.041 [Gauge] [DEBUG] Validation started.
22-08-2022 13:22:15.045 [Gauge] [DEBUG] Validation completed.
22-08-2022 13:22:15.345 [Gauge] [DEBUG] Validation started.
22-08-2022 13:22:15.351 [Gauge] [DEBUG] Validation completed.
22-08-2022 13:23:10.112 [Gauge] [DEBUG] Validation started.
22-08-2022 13:23:10.135 [Gauge] [DEBUG] Validation completed.
22-08-2022 13:23:10.777 [Gauge] [DEBUG] Validation started.
22-08-2022 13:23:10.780 [Gauge] [DEBUG] Validation completed.
22-08-2022 13:23:11.327 [Gauge] [DEBUG] Validation started.
22-08-2022 13:23:11.350 [Gauge] [DEBUG] Validation completed.
22-08-2022 13:23:11.697 [Gauge] [DEBUG] Validation started.
22-08-2022 13:23:11.701 [Gauge] [DEBUG] Validation completed.
22-08-2022 13:23:11.986 [Gauge] [DEBUG] Validation started.
22-08-2022 13:23:11.991 [Gauge] [DEBUG] Validation completed.
22-08-2022 13:23:13.017 [Gauge] [DEBUG] Validation started.
22-08-2022 13:23:13.377 [Gauge] [DEBUG] Validation started.
22-08-2022 13:23:14.447 [Gauge] [DEBUG] Validation started.
22-08-2022 13:23:14.453 [Gauge] [DEBUG] Validation completed.
22-08-2022 13:23:15.170 [Gauge] [DEBUG] Validation started.
22-08-2022 13:23:15.176 [Gauge] [DEBUG] Validation completed.
22-08-2022 13:23:15.466 [Gauge] [DEBUG] Validation started.
22-08-2022 13:23:15.477 [Gauge] [DEBUG] Validation completed.
22-08-2022 13:23:19.252 [Gauge] [DEBUG] Validation started.
22-08-2022 13:23:19.258 [Gauge] [DEBUG] Validation completed.
22-08-2022 13:23:22.304 [Gauge] [DEBUG] Validation started.
22-08-2022 13:23:22.305 [Gauge] [DEBUG] Validation completed.
22-08-2022 13:23:57.575 [Gauge] [DEBUG] Validation started.
22-08-2022 13:23:57.576 [Gauge] [DEBUG] Validation completed.
22-08-2022 13:23:58.608 [Gauge] [DEBUG] Validation started.
22-08-2022 13:23:58.616 [Gauge] [DEBUG] Validation completed.
22-08-2022 13:23:59.124 [Gauge] [DEBUG] Validation started.
22-08-2022 13:23:59.129 [Gauge] [DEBUG] Validation completed.
22-08-2022 13:24:02.548 [Gauge] [DEBUG] Validation started.
22-08-2022 13:24:02.549 [Gauge] [DEBUG] Validation completed.
22-08-2022 13:24:04.241 [Gauge] [DEBUG] Validation started.
22-08-2022 13:24:04.245 [Gauge] [DEBUG] Validation completed.
22-08-2022 13:24:04.627 [Gauge] [DEBUG] Validation started.
22-08-2022 13:24:04.632 [Gauge] [DEBUG] Validation completed.
22-08-2022 13:24:06.918 [Gauge] [DEBUG] Validation started.
22-08-2022 13:24:06.927 [Gauge] [DEBUG] Validation completed.
22-08-2022 13:24:09.359 [Gauge] [DEBUG] Validation started.
22-08-2022 13:24:09.363 [Gauge] [DEBUG] Validation completed.
22-08-2022 13:24:09.851 [Gauge] [DEBUG] Validation started.
22-08-2022 13:24:09.858 [Gauge] [DEBUG] Validation completed.
22-08-2022 13:24:14.701 [Gauge] [DEBUG] Validation started.
22-08-2022 13:24:14.704 [Gauge] [DEBUG] Validation completed.
22-08-2022 13:24:53.595 [Gauge] [DEBUG] Validation started.
22-08-2022 13:24:53.595 [Gauge] [DEBUG] Validation completed.
22-08-2022 13:24:53.646 [Gauge] [DEBUG] request #839: textDocument/codeLens: failed to parse /home/xs242-saykun/Desktop/Office/SmokeRegression/trail3/specs/example.spec
/home/xs242-saykun/Desktop/Office/SmokeRegression/trail3/specs/example.spec:1 Spec heading not found
/home/xs242-saykun/Desktop/Office/SmokeRegression/trail3/specs/example.spec:3 Scenario should be defined after the spec heading
22-08-2022 13:24:53.737 [Gauge] [DEBUG] request #840: textDocument/documentSymbol: parsing failed for /home/xs242-saykun/Desktop/Office/SmokeRegression/trail3/specs/example.spec. [[ParseError] /home/xs242-saykun/Desktop/Office/SmokeRegression/trail3/specs/example.spec:1 Spec heading not found => '' [ParseError] /home/xs242-saykun/Desktop/Office/SmokeRegression/trail3/specs/example.spec:3 Scenario should be defined after the spec heading => '## XenonStack']
22-08-2022 13:24:53.890 [Gauge] [DEBUG] Spec file added / modified: /home/xs242-saykun/Desktop/Office/SmokeRegression/trail3/specs/example.spec
22-08-2022 13:24:53.891 [Gauge] [DEBUG] Spec file added / modified: /home/xs242-saykun/Desktop/Office/SmokeRegression/trail3/specs/example.spec
22-08-2022 13:24:58.028 [Gauge] [DEBUG] Validation started.
22-08-2022 13:24:58.028 [Gauge] [DEBUG] Validation completed.
22-08-2022 13:24:58.066 [Gauge] [DEBUG] request #842: textDocument/codeLens: failed to parse /home/xs242-saykun/Desktop/Office/SmokeRegression/trail3/specs/example.spec
/home/xs242-saykun/Desktop/Office/SmokeRegression/trail3/specs/example.spec:1 Spec heading should have at least one character
22-08-2022 13:24:58.156 [Gauge] [DEBUG] request #843: textDocument/documentSymbol: parsing failed for /home/xs242-saykun/Desktop/Office/SmokeRegression/trail3/specs/example.spec. [[ParseError] /home/xs242-saykun/Desktop/Office/SmokeRegression/trail3/specs/example.spec:1 Spec heading should have at least one character => '']
22-08-2022 13:24:58.312 [Gauge] [DEBUG] Spec file added / modified: /home/xs242-saykun/Desktop/Office/SmokeRegression/trail3/specs/example.spec
22-08-2022 13:24:58.314 [Gauge] [DEBUG] Spec file added / modified: /home/xs242-saykun/Desktop/Office/SmokeRegression/trail3/specs/example.spec
22-08-2022 13:25:00.713 [Gauge] [DEBUG] Validation started.
22-08-2022 13:25:00.716 [Gauge] [DEBUG] Validation completed.
22-08-2022 13:25:01.486 [Gauge] [DEBUG] Validation started.
22-08-2022 13:25:01.489 [Gauge] [DEBUG] Validation completed.
22-08-2022 13:25:01.777 [Gauge] [DEBUG] Spec file added / modified: /home/xs242-saykun/Desktop/Office/SmokeRegression/trail3/specs/example.spec
22-08-2022 13:25:01.778 [Gauge] [DEBUG] Spec file added / modified: /home/xs242-saykun/Desktop/Office/SmokeRegression/trail3/specs/example.spec
22-08-2022 13:25:03.519 [Gauge] [DEBUG] Validation started.
22-08-2022 13:25:03.522 [Gauge] [DEBUG] Validation completed.
22-08-2022 13:25:03.811 [Gauge] [DEBUG] Spec file added / modified: /home/xs242-saykun/Desktop/Office/SmokeRegression/trail3/specs/example.spec
22-08-2022 13:25:03.812 [Gauge] [DEBUG] Spec file added / modified: /home/xs242-saykun/Desktop/Office/SmokeRegression/trail3/specs/example.spec
22-08-2022 13:25:05.200 [Gauge] [DEBUG] Validation started.
22-08-2022 13:25:05.202 [Gauge] [DEBUG] Validation completed.
22-08-2022 13:25:05.493 [Gauge] [DEBUG] Spec file added / modified: /home/xs242-saykun/Desktop/Office/SmokeRegression/trail3/specs/example.spec
22-08-2022 13:25:05.494 [Gauge] [DEBUG] Spec file added / modified: /home/xs242-saykun/Desktop/Office/SmokeRegression/trail3/specs/example.spec
22-08-2022 13:25:06.291 [Gauge] [DEBUG] Validation started.
22-08-2022 13:25:06.293 [Gauge] [DEBUG] Validation completed.
22-08-2022 13:25:06.572 [Gauge] [DEBUG] Spec file added / modified: /home/xs242-saykun/Desktop/Office/SmokeRegression/trail3/specs/example.spec
22-08-2022 13:25:06.572 [Gauge] [DEBUG] Spec file added / modified: /home/xs242-saykun/Desktop/Office/SmokeRegression/trail3/specs/example.spec
22-08-2022 13:25:08.564 [Gauge] [DEBUG] Validation started.
22-08-2022 13:25:08.564 [Gauge] [DEBUG] Validation completed.
22-08-2022 13:25:08.598 [Gauge] [DEBUG] request #856: textDocument/codeLens: failed to parse /home/xs242-saykun/Desktop/Office/SmokeRegression/trail3/specs/example.spec
/home/xs242-saykun/Desktop/Office/SmokeRegression/trail3/specs/example.spec:3 Scenario heading should have at least one character
/home/xs242-saykun/Desktop/Office/SmokeRegression/trail3/specs/example.spec:3 Scenario should have atleast one step
22-08-2022 13:25:08.698 [Gauge] [DEBUG] request #857: textDocument/documentSymbol: parsing failed for /home/xs242-saykun/Desktop/Office/SmokeRegression/trail3/specs/example.spec. [[ParseError] /home/xs242-saykun/Desktop/Office/SmokeRegression/trail3/specs/example.spec:3 Scenario heading should have at least one character => '' [ParseError] /home/xs242-saykun/Desktop/Office/SmokeRegression/trail3/specs/example.spec:3 Scenario should have atleast one step => '']
22-08-2022 13:25:08.856 [Gauge] [DEBUG] Spec file added / modified: /home/xs242-saykun/Desktop/Office/SmokeRegression/trail3/specs/example.spec
22-08-2022 13:25:08.856 [Gauge] [DEBUG] Spec file added / modified: /home/xs242-saykun/Desktop/Office/SmokeRegression/trail3/specs/example.spec
22-08-2022 13:25:09.862 [Gauge] [DEBUG] Validation started.
22-08-2022 13:25:09.862 [Gauge] [DEBUG] Validation completed.
22-08-2022 13:25:09.896 [Gauge] [DEBUG] request #859: textDocument/codeLens: failed to parse /home/xs242-saykun/Desktop/Office/SmokeRegression/trail3/specs/example.spec
/home/xs242-saykun/Desktop/Office/SmokeRegression/trail3/specs/example.spec:3 Scenario heading should have at least one character
/home/xs242-saykun/Desktop/Office/SmokeRegression/trail3/specs/example.spec:3 Scenario should have atleast one step
22-08-2022 13:25:09.994 [Gauge] [DEBUG] request #860: textDocument/documentSymbol: parsing failed for /home/xs242-saykun/Desktop/Office/SmokeRegression/trail3/specs/example.spec. [[ParseError] /home/xs242-saykun/Desktop/Office/SmokeRegression/trail3/specs/example.spec:3 Scenario heading should have at least one character => '' [ParseError] /home/xs242-saykun/Desktop/Office/SmokeRegression/trail3/specs/example.spec:3 Scenario should have atleast one step => '']
22-08-2022 13:25:10.155 [Gauge] [DEBUG] Spec file added / modified: /home/xs242-saykun/Desktop/Office/SmokeRegression/trail3/specs/example.spec
22-08-2022 13:25:10.156 [Gauge] [DEBUG] Spec file added / modified: /home/xs242-saykun/Desktop/Office/SmokeRegression/trail3/specs/example.spec
22-08-2022 13:25:10.736 [Gauge] [DEBUG] Validation started.
22-08-2022 13:25:10.736 [Gauge] [DEBUG] Validation completed.
22-08-2022 13:25:11.260 [Gauge] [DEBUG] Validation started.
22-08-2022 13:25:11.260 [Gauge] [DEBUG] Validation completed.
22-08-2022 13:25:11.295 [Gauge] [DEBUG] request #861: textDocument/codeLens: failed to parse /home/xs242-saykun/Desktop/Office/SmokeRegression/trail3/specs/example.spec
/home/xs242-saykun/Desktop/Office/SmokeRegression/trail3/specs/example.spec:3 Scenario should have atleast one step
22-08-2022 13:25:11.394 [Gauge] [DEBUG] request #862: textDocument/documentSymbol: parsing failed for /home/xs242-saykun/Desktop/Office/SmokeRegression/trail3/specs/example.spec. [[ParseError] /home/xs242-saykun/Desktop/Office/SmokeRegression/trail3/specs/example.spec:3 Scenario should have atleast one step => '']
22-08-2022 13:25:11.552 [Gauge] [DEBUG] Spec file added / modified: /home/xs242-saykun/Desktop/Office/SmokeRegression/trail3/specs/example.spec
22-08-2022 13:25:11.553 [Gauge] [DEBUG] Spec file added / modified: /home/xs242-saykun/Desktop/Office/SmokeRegression/trail3/specs/example.spec
22-08-2022 13:25:11.584 [Gauge] [DEBUG] Validation started.
22-08-2022 13:25:11.585 [Gauge] [DEBUG] Validation completed.
22-08-2022 13:25:11.982 [Gauge] [DEBUG] Validation started.
22-08-2022 13:25:11.982 [Gauge] [DEBUG] Validation completed.
22-08-2022 13:25:12.018 [Gauge] [DEBUG] request #864: textDocument/codeLens: failed to parse /home/xs242-saykun/Desktop/Office/SmokeRegression/trail3/specs/example.spec
/home/xs242-saykun/Desktop/Office/SmokeRegression/trail3/specs/example.spec:3 Scenario should have atleast one step
22-08-2022 13:25:12.116 [Gauge] [DEBUG] request #865: textDocument/documentSymbol: parsing failed for /home/xs242-saykun/Desktop/Office/SmokeRegression/trail3/specs/example.spec. [[ParseError] /home/xs242-saykun/Desktop/Office/SmokeRegression/trail3/specs/example.spec:3 Scenario should have atleast one step => '']
22-08-2022 13:25:12.356 [Gauge] [DEBUG] Validation started.
22-08-2022 13:25:12.356 [Gauge] [DEBUG] Validation completed.
22-08-2022 13:25:12.394 [Gauge] [DEBUG] request #866: textDocument/codeLens: failed to parse /home/xs242-saykun/Desktop/Office/SmokeRegression/trail3/specs/example.spec
/home/xs242-saykun/Desktop/Office/SmokeRegression/trail3/specs/example.spec:3 Scenario should have atleast one step
22-08-2022 13:25:12.494 [Gauge] [DEBUG] request #867: textDocument/documentSymbol: parsing failed for /home/xs242-saykun/Desktop/Office/SmokeRegression/trail3/specs/example.spec. [[ParseError] /home/xs242-saykun/Desktop/Office/SmokeRegression/trail3/specs/example.spec:3 Scenario should have atleast one step => '']
22-08-2022 13:25:12.653 [Gauge] [DEBUG] Spec file added / modified: /home/xs242-saykun/Desktop/Office/SmokeRegression/trail3/specs/example.spec
22-08-2022 13:25:12.653 [Gauge] [DEBUG] Spec file added / modified: /home/xs242-saykun/Desktop/Office/SmokeRegression/trail3/specs/example.spec
22-08-2022 13:25:13.856 [Gauge] [DEBUG] Validation started.
22-08-2022 13:25:13.856 [Gauge] [DEBUG] Validation completed.
22-08-2022 13:25:14.175 [Gauge] [DEBUG] Validation started.
22-08-2022 13:25:14.603 [Gauge] [DEBUG] Validation started.
22-08-2022 13:25:15.035 [Gauge] [DEBUG] Validation started.
22-08-2022 13:25:15.036 [Gauge] [DEBUG] Validation completed.
22-08-2022 13:25:15.053 [Gauge] [DEBUG] request #872: textDocument/codeLens: failed to parse /home/xs242-saykun/Desktop/Office/SmokeRegression/trail3/specs/example.spec
/home/xs242-saykun/Desktop/Office/SmokeRegression/trail3/specs/example.spec:4 Step should not be blank
22-08-2022 13:25:15.151 [Gauge] [DEBUG] request #873: textDocument/documentSymbol: parsing failed for /home/xs242-saykun/Desktop/Office/SmokeRegression/trail3/specs/example.spec. [[ParseError] /home/xs242-saykun/Desktop/Office/SmokeRegression/trail3/specs/example.spec:4 Step should not be blank => '']
22-08-2022 13:25:15.311 [Gauge] [DEBUG] Spec file added / modified: /home/xs242-saykun/Desktop/Office/SmokeRegression/trail3/specs/example.spec
22-08-2022 13:25:15.312 [Gauge] [DEBUG] Spec file added / modified: /home/xs242-saykun/Desktop/Office/SmokeRegression/trail3/specs/example.spec
22-08-2022 13:25:16.080 [Gauge] [DEBUG] Validation started.
22-08-2022 13:25:16.083 [Gauge] [DEBUG] Validation completed.
22-08-2022 13:25:16.367 [Gauge] [DEBUG] Spec file added / modified: /home/xs242-saykun/Desktop/Office/SmokeRegression/trail3/specs/example.spec
22-08-2022 13:25:16.367 [Gauge] [DEBUG] Spec file added / modified: /home/xs242-saykun/Desktop/Office/SmokeRegression/trail3/specs/example.spec
22-08-2022 13:25:17.702 [Gauge] [DEBUG] Validation started.
22-08-2022 13:25:17.704 [Gauge] [DEBUG] Validation completed.
22-08-2022 13:25:17.987 [Gauge] [DEBUG] Spec file added / modified: /home/xs242-saykun/Desktop/Office/SmokeRegression/trail3/specs/example.spec
22-08-2022 13:25:17.988 [Gauge] [DEBUG] Spec file added / modified: /home/xs242-saykun/Desktop/Office/SmokeRegression/trail3/specs/example.spec
22-08-2022 13:25:18.732 [Gauge] [DEBUG] Validation started.
22-08-2022 13:25:18.732 [Gauge] [DEBUG] Validation completed.
22-08-2022 13:25:19.132 [Gauge] [DEBUG] Validation started.
22-08-2022 13:25:19.132 [Gauge] [DEBUG] Validation completed.
22-08-2022 13:25:19.166 [Gauge] [DEBUG] request #881: textDocument/codeLens: failed to parse /home/xs242-saykun/Desktop/Office/SmokeRegression/trail3/specs/example.spec
/home/xs242-saykun/Desktop/Office/SmokeRegression/trail3/specs/example.spec:5 Step should not be blank
22-08-2022 13:25:19.265 [Gauge] [DEBUG] request #882: textDocument/documentSymbol: parsing failed for /home/xs242-saykun/Desktop/Office/SmokeRegression/trail3/specs/example.spec. [[ParseError] /home/xs242-saykun/Desktop/Office/SmokeRegression/trail3/specs/example.spec:5 Step should not be blank => '']
22-08-2022 13:25:19.424 [Gauge] [DEBUG] Spec file added / modified: /home/xs242-saykun/Desktop/Office/SmokeRegression/trail3/specs/example.spec
22-08-2022 13:25:19.425 [Gauge] [DEBUG] Spec file added / modified: /home/xs242-saykun/Desktop/Office/SmokeRegression/trail3/specs/example.spec
22-08-2022 13:25:21.190 [Gauge] [DEBUG] Validation started.
22-08-2022 13:25:21.194 [Gauge] [DEBUG] Validation completed.
22-08-2022 13:25:21.478 [Gauge] [DEBUG] Spec file added / modified: /home/xs242-saykun/Desktop/Office/SmokeRegression/trail3/specs/example.spec
22-08-2022 13:25:21.479 [Gauge] [DEBUG] Spec file added / modified: /home/xs242-saykun/Desktop/Office/SmokeRegression/trail3/specs/example.spec
22-08-2022 13:25:46.214 [Gauge] [DEBUG] Validation started.
22-08-2022 13:25:46.230 [Gauge] [DEBUG] Validation completed.
22-08-2022 13:25:46.240 [Gauge] [DEBUG] request #894: textDocument/codeLens: failed to parse /home/xs242-saykun/Desktop/Office/SmokeRegression/trail3/specs/example.spec
/home/xs242-saykun/Desktop/Office/SmokeRegression/trail3/specs/example.spec:3 Scenario heading should have at least one character
/home/xs242-saykun/Desktop/Office/SmokeRegression/trail3/specs/example.spec:3 Scenario should have atleast one step
22-08-2022 13:25:46.342 [Gauge] [DEBUG] request #895: textDocument/documentSymbol: parsing failed for /home/xs242-saykun/Desktop/Office/SmokeRegression/trail3/specs/example.spec. [[ParseError] /home/xs242-saykun/Desktop/Office/SmokeRegression/trail3/specs/example.spec:3 Scenario heading should have at least one character => '' [ParseError] /home/xs242-saykun/Desktop/Office/SmokeRegression/trail3/specs/example.spec:3 Scenario should have atleast one step => '']
22-08-2022 13:25:46.496 [Gauge] [DEBUG] Spec file added / modified: /home/xs242-saykun/Desktop/Office/SmokeRegression/trail3/specs/example.spec
22-08-2022 13:25:46.498 [Gauge] [DEBUG] Spec file added / modified: /home/xs242-saykun/Desktop/Office/SmokeRegression/trail3/specs/example.spec
22-08-2022 13:25:51.781 [Gauge] [DEBUG] Validation started.
22-08-2022 13:25:51.781 [Gauge] [DEBUG] Validation completed.
22-08-2022 13:25:52.067 [Gauge] [DEBUG] Validation started.
22-08-2022 13:25:52.067 [Gauge] [DEBUG] Validation completed.
22-08-2022 13:25:52.575 [Gauge] [DEBUG] Validation started.
22-08-2022 13:25:52.575 [Gauge] [DEBUG] Validation completed.
22-08-2022 13:25:58.310 [Gauge] [DEBUG] request #901: textDocument/codeLens: failed to parse /home/xs242-saykun/Desktop/Office/SmokeRegression/trail3/specs/example.spec
/home/xs242-saykun/Desktop/Office/SmokeRegression/trail3/specs/example.spec:3 Scenario heading should have at least one character
/home/xs242-saykun/Desktop/Office/SmokeRegression/trail3/specs/example.spec:3 Scenario should have atleast one step
22-08-2022 13:25:59.005 [Gauge] [DEBUG] Validation started.
22-08-2022 13:25:59.005 [Gauge] [DEBUG] Validation completed.
22-08-2022 13:25:59.402 [Gauge] [DEBUG] Validation started.
22-08-2022 13:25:59.404 [Gauge] [DEBUG] Validation completed.
22-08-2022 13:25:59.770 [Gauge] [DEBUG] Validation started.
22-08-2022 13:25:59.771 [Gauge] [DEBUG] Validation completed.
22-08-2022 13:26:00.061 [Gauge] [DEBUG] Spec file added / modified: /home/xs242-saykun/Desktop/Office/SmokeRegression/trail3/specs/example.spec
22-08-2022 13:26:00.062 [Gauge] [DEBUG] Spec file added / modified: /home/xs242-saykun/Desktop/Office/SmokeRegression/trail3/specs/example.spec
22-08-2022 13:26:00.392 [Gauge] [DEBUG] Validation started.
22-08-2022 13:26:00.394 [Gauge] [DEBUG] Validation completed.
22-08-2022 13:26:00.679 [Gauge] [DEBUG] Spec file added / modified: /home/xs242-saykun/Desktop/Office/SmokeRegression/trail3/specs/example.spec
22-08-2022 13:26:00.680 [Gauge] [DEBUG] Spec file added / modified: /home/xs242-saykun/Desktop/Office/SmokeRegression/trail3/specs/example.spec
22-08-2022 13:26:26.182 [Gauge] [DEBUG] Validation started.
22-08-2022 13:26:26.184 [Gauge] [DEBUG] Validation completed.
22-08-2022 13:26:26.477 [Gauge] [DEBUG] Spec file added / modified: /home/xs242-saykun/Desktop/Office/SmokeRegression/trail3/specs/example.spec
22-08-2022 13:26:26.478 [Gauge] [DEBUG] Spec file added / modified: /home/xs242-saykun/Desktop/Office/SmokeRegression/trail3/specs/example.spec
22-08-2022 13:26:27.447 [Gauge] [DEBUG] Validation started.
22-08-2022 13:26:27.447 [Gauge] [DEBUG] Validation completed.
22-08-2022 13:26:27.673 [Gauge] [DEBUG] Validation started.
22-08-2022 13:26:27.673 [Gauge] [DEBUG] Validation completed.
22-08-2022 13:26:27.707 [Gauge] [DEBUG] request #918: textDocument/codeLens: failed to parse /home/xs242-saykun/Desktop/Office/SmokeRegression/trail3/specs/example.spec
/home/xs242-saykun/Desktop/Office/SmokeRegression/trail3/specs/example.spec:11 Scenario heading should have at least one character
/home/xs242-saykun/Desktop/Office/SmokeRegression/trail3/specs/example.spec:11 Scenario should have atleast one step
22-08-2022 13:26:27.806 [Gauge] [DEBUG] request #919: textDocument/documentSymbol: parsing failed for /home/xs242-saykun/Desktop/Office/SmokeRegression/trail3/specs/example.spec. [[ParseError] /home/xs242-saykun/Desktop/Office/SmokeRegression/trail3/specs/example.spec:11 Scenario heading should have at least one character => '' [ParseError] /home/xs242-saykun/Desktop/Office/SmokeRegression/trail3/specs/example.spec:11 Scenario should have atleast one step => '']
22-08-2022 13:26:27.962 [Gauge] [DEBUG] Spec file added / modified: /home/xs242-saykun/Desktop/Office/SmokeRegression/trail3/specs/example.spec
22-08-2022 13:26:27.962 [Gauge] [DEBUG] Spec file added / modified: /home/xs242-saykun/Desktop/Office/SmokeRegression/trail3/specs/example.spec
22-08-2022 13:26:40.681 [Gauge] [DEBUG] request #920: textDocument/codeLens: failed to parse /home/xs242-saykun/Desktop/Office/SmokeRegression/trail3/specs/example.spec
/home/xs242-saykun/Desktop/Office/SmokeRegression/trail3/specs/example.spec:11 Scenario heading should have at least one character
/home/xs242-saykun/Desktop/Office/SmokeRegression/trail3/specs/example.spec:11 Scenario should have atleast one step
22-08-2022 13:26:49.370 [Gauge] [DEBUG] Validation started.
22-08-2022 13:26:49.370 [Gauge] [DEBUG] Validation completed.
22-08-2022 13:26:49.404 [Gauge] [DEBUG] request #921: textDocument/codeLens: failed to parse /home/xs242-saykun/Desktop/Office/SmokeRegression/trail3/specs/example.spec
/home/xs242-saykun/Desktop/Office/SmokeRegression/trail3/specs/example.spec:11 Scenario heading should have at least one character
/home/xs242-saykun/Desktop/Office/SmokeRegression/trail3/specs/example.spec:11 Scenario should have atleast one step
22-08-2022 13:26:49.656 [Gauge] [DEBUG] Validation started.
22-08-2022 13:26:49.656 [Gauge] [DEBUG] Validation completed.
22-08-2022 13:26:49.699 [Gauge] [DEBUG] request #922: textDocument/codeLens: failed to parse /home/xs242-saykun/Desktop/Office/SmokeRegression/trail3/specs/example.spec
/home/xs242-saykun/Desktop/Office/SmokeRegression/trail3/specs/example.spec:11 Scenario heading should have at least one character
/home/xs242-saykun/Desktop/Office/SmokeRegression/trail3/specs/example.spec:11 Scenario should have atleast one step
22-08-2022 13:26:49.799 [Gauge] [DEBUG] request #923: textDocument/documentSymbol: parsing failed for /home/xs242-saykun/Desktop/Office/SmokeRegression/trail3/specs/example.spec. [[ParseError] /home/xs242-saykun/Desktop/Office/SmokeRegression/trail3/specs/example.spec:11 Scenario heading should have at least one character => '' [ParseError] /home/xs242-saykun/Desktop/Office/SmokeRegression/trail3/specs/example.spec:11 Scenario should have atleast one step => '']
22-08-2022 13:26:49.961 [Gauge] [DEBUG] Spec file added / modified: /home/xs242-saykun/Desktop/Office/SmokeRegression/trail3/specs/example.spec
22-08-2022 13:26:49.962 [Gauge] [DEBUG] Spec file added / modified: /home/xs242-saykun/Desktop/Office/SmokeRegression/trail3/specs/example.spec
22-08-2022 13:28:22.609 [Gauge] [DEBUG] request #927: textDocument/codeLens: failed to parse /home/xs242-saykun/Desktop/Office/SmokeRegression/trail3/specs/example.spec
/home/xs242-saykun/Desktop/Office/SmokeRegression/trail3/specs/example.spec:11 Scenario heading should have at least one character
/home/xs242-saykun/Desktop/Office/SmokeRegression/trail3/specs/example.spec:11 Scenario should have atleast one step
22-08-2022 13:28:31.785 [Gauge] [DEBUG] Validation started.
22-08-2022 13:28:31.785 [Gauge] [DEBUG] Validation completed.
22-08-2022 13:29:02.201 [Gauge] [DEBUG] Validation started.
22-08-2022 13:29:02.202 [Gauge] [DEBUG] Validation completed.
22-08-2022 13:29:06.873 [Gauge] [DEBUG] Validation started.
22-08-2022 13:29:06.873 [Gauge] [DEBUG] Validation completed.
22-08-2022 13:29:13.001 [Gauge] [DEBUG] Validation started.
22-08-2022 13:29:13.002 [Gauge] [DEBUG] Validation completed.
22-08-2022 13:29:13.514 [Gauge] [DEBUG] Validation started.
22-08-2022 13:29:13.514 [Gauge] [DEBUG] Validation completed.
22-08-2022 13:29:14.084 [Gauge] [DEBUG] Validation started.
22-08-2022 13:29:14.084 [Gauge] [DEBUG] Validation completed.
22-08-2022 13:29:14.846 [Gauge] [DEBUG] Validation started.
22-08-2022 13:29:14.846 [Gauge] [DEBUG] Validation completed.
22-08-2022 13:29:15.819 [Gauge] [DEBUG] Validation started.
22-08-2022 13:29:15.819 [Gauge] [DEBUG] Validation completed.
22-08-2022 13:29:16.878 [Gauge] [DEBUG] Validation started.
22-08-2022 13:29:16.879 [Gauge] [DEBUG] Validation completed.
22-08-2022 13:29:23.004 [Gauge] [DEBUG] Validation started.
22-08-2022 13:29:23.005 [Gauge] [DEBUG] Validation completed.
22-08-2022 13:29:23.214 [Gauge] [DEBUG] Validation started.
22-08-2022 13:29:23.214 [Gauge] [DEBUG] Validation completed.
22-08-2022 13:29:25.334 [Gauge] [DEBUG] Validation started.
22-08-2022 13:29:25.335 [Gauge] [DEBUG] Validation completed.
22-08-2022 13:29:25.767 [Gauge] [DEBUG] Validation started.
22-08-2022 13:29:25.767 [Gauge] [DEBUG] Validation completed.
22-08-2022 13:29:26.496 [Gauge] [DEBUG] Validation started.
22-08-2022 13:29:26.496 [Gauge] [DEBUG] Validation completed.
22-08-2022 13:29:27.254 [Gauge] [DEBUG] Validation started.
22-08-2022 13:29:27.255 [Gauge] [DEBUG] Validation completed.
22-08-2022 13:29:27.864 [Gauge] [DEBUG] Validation started.
22-08-2022 13:29:27.864 [Gauge] [DEBUG] Validation completed.
22-08-2022 13:29:30.585 [Gauge] [DEBUG] Validation started.
22-08-2022 13:29:30.585 [Gauge] [DEBUG] Validation completed.
22-08-2022 13:29:30.879 [Gauge] [DEBUG] Validation started.
22-08-2022 13:29:30.879 [Gauge] [DEBUG] Validation completed.
22-08-2022 13:29:31.248 [Gauge] [DEBUG] Validation started.
22-08-2022 13:29:31.248 [Gauge] [DEBUG] Validation completed.
22-08-2022 13:29:31.824 [Gauge] [DEBUG] Validation started.
22-08-2022 13:29:31.824 [Gauge] [DEBUG] Validation completed.
22-08-2022 13:29:39.654 [Gauge] [DEBUG] Validation started.
22-08-2022 13:29:39.655 [Gauge] [DEBUG] Validation completed.
22-08-2022 13:29:42.096 [Gauge] [DEBUG] Validation started.
22-08-2022 13:29:42.096 [Gauge] [DEBUG] Validation completed.
22-08-2022 13:29:42.716 [Gauge] [DEBUG] Validation started.
22-08-2022 13:29:42.716 [Gauge] [DEBUG] Validation completed.
22-08-2022 13:29:45.723 [Gauge] [DEBUG] Validation started.
22-08-2022 13:29:45.723 [Gauge] [DEBUG] Validation completed.
22-08-2022 13:29:47.747 [Gauge] [DEBUG] Validation started.
22-08-2022 13:29:47.747 [Gauge] [DEBUG] Validation completed.
22-08-2022 13:29:49.075 [Gauge] [DEBUG] Validation started.
22-08-2022 13:29:49.075 [Gauge] [DEBUG] Validation completed.
22-08-2022 13:29:52.125 [Gauge] [DEBUG] Validation started.
22-08-2022 13:29:52.125 [Gauge] [DEBUG] Validation completed.
22-08-2022 13:30:01.212 [Gauge] [DEBUG] Validation started.
22-08-2022 13:30:01.224 [Gauge] [DEBUG] Validation completed.
22-08-2022 13:30:02.878 [Gauge] [DEBUG] Validation started.
22-08-2022 13:30:02.878 [Gauge] [DEBUG] Validation completed.
22-08-2022 13:30:04.702 [Gauge] [DEBUG] Validation started.
22-08-2022 13:30:04.702 [Gauge] [DEBUG] Validation completed.
22-08-2022 13:30:05.454 [Gauge] [DEBUG] Validation started.
22-08-2022 13:30:05.454 [Gauge] [DEBUG] Validation completed.
22-08-2022 13:30:07.503 [Gauge] [DEBUG] Validation started.
22-08-2022 13:30:07.503 [Gauge] [DEBUG] Validation completed.
22-08-2022 13:30:08.946 [Gauge] [DEBUG] Validation started.
22-08-2022 13:30:08.946 [Gauge] [DEBUG] Validation completed.
22-08-2022 13:30:09.264 [Gauge] [DEBUG] Validation started.
22-08-2022 13:30:09.264 [Gauge] [DEBUG] Validation completed.
22-08-2022 13:30:13.489 [Gauge] [DEBUG] Validation started.
22-08-2022 13:30:13.490 [Gauge] [DEBUG] Validation completed.
22-08-2022 13:30:20.364 [Gauge] [DEBUG] request #964: textDocument/codeLens: failed to parse /home/xs242-saykun/Desktop/Office/SmokeRegression/trail3/specs/example.spec
/home/xs242-saykun/Desktop/Office/SmokeRegression/trail3/specs/example.spec:11 Scenario heading should have at least one character
/home/xs242-saykun/Desktop/Office/SmokeRegression/trail3/specs/example.spec:11 Scenario should have atleast one step
22-08-2022 13:30:22.608 [Gauge] [DEBUG] Validation started.
22-08-2022 13:30:22.608 [Gauge] [DEBUG] Validation completed.
22-08-2022 13:30:23.057 [Gauge] [DEBUG] Validation started.
22-08-2022 13:30:23.057 [Gauge] [DEBUG] Validation completed.
22-08-2022 13:30:23.287 [Gauge] [DEBUG] Validation started.
22-08-2022 13:30:23.287 [Gauge] [DEBUG] Validation completed.
22-08-2022 13:30:23.506 [Gauge] [DEBUG] Validation started.
22-08-2022 13:30:23.506 [Gauge] [DEBUG] Validation completed.
22-08-2022 13:30:23.544 [Gauge] [DEBUG] request #965: textDocument/codeLens: failed to parse /home/xs242-saykun/Desktop/Office/SmokeRegression/trail3/specs/example.spec
/home/xs242-saykun/Desktop/Office/SmokeRegression/trail3/specs/example.spec:11 Scenario should have atleast one step
22-08-2022 13:30:23.643 [Gauge] [DEBUG] request #966: textDocument/documentSymbol: parsing failed for /home/xs242-saykun/Desktop/Office/SmokeRegression/trail3/specs/example.spec. [[ParseError] /home/xs242-saykun/Desktop/Office/SmokeRegression/trail3/specs/example.spec:11 Scenario should have atleast one step => '']
22-08-2022 13:30:23.803 [Gauge] [DEBUG] Spec file added / modified: /home/xs242-saykun/Desktop/Office/SmokeRegression/trail3/specs/example.spec
22-08-2022 13:30:23.803 [Gauge] [DEBUG] Spec file added / modified: /home/xs242-saykun/Desktop/Office/SmokeRegression/trail3/specs/example.spec
22-08-2022 13:30:24.638 [Gauge] [DEBUG] Validation started.
22-08-2022 13:30:24.638 [Gauge] [DEBUG] Validation completed.
22-08-2022 13:30:25.208 [Gauge] [DEBUG] Validation started.
22-08-2022 13:30:25.208 [Gauge] [DEBUG] Validation completed.
22-08-2022 13:30:25.243 [Gauge] [DEBUG] request #968: textDocument/codeLens: failed to parse /home/xs242-saykun/Desktop/Office/SmokeRegression/trail3/specs/example.spec
/home/xs242-saykun/Desktop/Office/SmokeRegression/trail3/specs/example.spec:11 Scenario should have atleast one step
22-08-2022 13:30:25.342 [Gauge] [DEBUG] request #969: textDocument/documentSymbol: parsing failed for /home/xs242-saykun/Desktop/Office/SmokeRegression/trail3/specs/example.spec. [[ParseError] /home/xs242-saykun/Desktop/Office/SmokeRegression/trail3/specs/example.spec:11 Scenario should have atleast one step => '']
22-08-2022 13:30:25.499 [Gauge] [DEBUG] Spec file added / modified: /home/xs242-saykun/Desktop/Office/SmokeRegression/trail3/specs/example.spec
22-08-2022 13:30:25.500 [Gauge] [DEBUG] Spec file added / modified: /home/xs242-saykun/Desktop/Office/SmokeRegression/trail3/specs/example.spec
22-08-2022 13:30:29.369 [Gauge] [DEBUG] request #971: textDocument/codeLens: failed to parse /home/xs242-saykun/Desktop/Office/SmokeRegression/trail3/specs/example.spec
/home/xs242-saykun/Desktop/Office/SmokeRegression/trail3/specs/example.spec:11 Scenario should have atleast one step
22-08-2022 13:30:30.319 [Gauge] [DEBUG] Validation started.
22-08-2022 13:30:30.319 [Gauge] [DEBUG] Validation completed.
22-08-2022 13:30:30.353 [Gauge] [DEBUG] request #972: textDocument/codeLens: failed to parse /home/xs242-saykun/Desktop/Office/SmokeRegression/trail3/specs/example.spec
/home/xs242-saykun/Desktop/Office/SmokeRegression/trail3/specs/example.spec:11 Scenario should have atleast one step
22-08-2022 13:30:30.450 [Gauge] [DEBUG] request #973: textDocument/documentSymbol: parsing failed for /home/xs242-saykun/Desktop/Office/SmokeRegression/trail3/specs/example.spec. [[ParseError] /home/xs242-saykun/Desktop/Office/SmokeRegression/trail3/specs/example.spec:11 Scenario should have atleast one step => '']
22-08-2022 13:30:30.801 [Gauge] [DEBUG] Validation started.
22-08-2022 13:30:30.801 [Gauge] [DEBUG] Validation completed.
22-08-2022 13:30:30.844 [Gauge] [DEBUG] request #974: textDocument/codeLens: failed to parse /home/xs242-saykun/Desktop/Office/SmokeRegression/trail3/specs/example.spec
/home/xs242-saykun/Desktop/Office/SmokeRegression/trail3/specs/example.spec:11 Scenario should have atleast one step
22-08-2022 13:30:30.944 [Gauge] [DEBUG] request #975: textDocument/documentSymbol: parsing failed for /home/xs242-saykun/Desktop/Office/SmokeRegression/trail3/specs/example.spec. [[ParseError] /home/xs242-saykun/Desktop/Office/SmokeRegression/trail3/specs/example.spec:11 Scenario should have atleast one step => '']
22-08-2022 13:30:31.098 [Gauge] [DEBUG] Spec file added / modified: /home/xs242-saykun/Desktop/Office/SmokeRegression/trail3/specs/example.spec
22-08-2022 13:30:31.128 [Gauge] [DEBUG] Spec file added / modified: /home/xs242-saykun/Desktop/Office/SmokeRegression/trail3/specs/example.spec
22-08-2022 13:30:35.725 [Gauge] [DEBUG] Validation started.
22-08-2022 13:30:35.725 [Gauge] [DEBUG] Validation completed.
22-08-2022 13:30:36.068 [Gauge] [DEBUG] Validation started.
22-08-2022 13:30:36.069 [Gauge] [DEBUG] Validation completed.
22-08-2022 13:30:36.113 [Gauge] [DEBUG] request #979: textDocument/codeLens: failed to parse /home/xs242-saykun/Desktop/Office/SmokeRegression/trail3/specs/example.spec
/home/xs242-saykun/Desktop/Office/SmokeRegression/trail3/specs/example.spec:13 Step should not be blank
22-08-2022 13:30:36.317 [Gauge] [DEBUG] Validation started.
22-08-2022 13:30:36.853 [Gauge] [DEBUG] Validation started.
22-08-2022 13:30:37.459 [Gauge] [DEBUG] Validation started.
22-08-2022 13:30:37.694 [Gauge] [DEBUG] Validation started.
22-08-2022 13:30:38.356 [Gauge] [DEBUG] Validation started.
22-08-2022 13:30:38.627 [Gauge] [DEBUG] Spec file added / modified: /home/xs242-saykun/Desktop/Office/SmokeRegression/trail3/specs/example.spec
22-08-2022 13:30:38.628 [Gauge] [DEBUG] Spec file added / modified: /home/xs242-saykun/Desktop/Office/SmokeRegression/trail3/specs/example.spec
22-08-2022 13:30:38.915 [Gauge] [DEBUG] Validation started.
22-08-2022 13:30:39.093 [Gauge] [DEBUG] Validation started.
22-08-2022 13:30:39.364 [Gauge] [DEBUG] Validation started.
22-08-2022 13:30:39.680 [Gauge] [DEBUG] Validation started.
22-08-2022 13:30:40.180 [Gauge] [DEBUG] Spec file added / modified: /home/xs242-saykun/Desktop/Office/SmokeRegression/trail3/specs/example.spec
22-08-2022 13:30:40.180 [Gauge] [DEBUG] Spec file added / modified: /home/xs242-saykun/Desktop/Office/SmokeRegression/trail3/specs/example.spec
22-08-2022 13:30:43.535 [Gauge] [DEBUG] Validation started.
22-08-2022 13:30:43.835 [Gauge] [DEBUG] Spec file added / modified: /home/xs242-saykun/Desktop/Office/SmokeRegression/trail3/specs/example.spec
22-08-2022 13:30:43.835 [Gauge] [DEBUG] Spec file added / modified: /home/xs242-saykun/Desktop/Office/SmokeRegression/trail3/specs/example.spec
22-08-2022 13:30:47.718 [Gauge] [DEBUG] Validation started.
22-08-2022 13:30:47.733 [Gauge] [DEBUG] Validation completed.
22-08-2022 13:30:51.675 [Gauge] [DEBUG] Validation started.
22-08-2022 13:30:51.678 [Gauge] [DEBUG] Validation completed.
22-08-2022 13:30:51.963 [Gauge] [DEBUG] Validation started.
22-08-2022 13:30:51.966 [Gauge] [DEBUG] Validation completed.
22-08-2022 13:30:53.430 [Gauge] [DEBUG] Validation started.
22-08-2022 13:30:53.450 [Gauge] [DEBUG] Validation completed.
22-08-2022 13:30:53.922 [Gauge] [DEBUG] Validation started.
22-08-2022 13:30:53.928 [Gauge] [DEBUG] Validation completed.
22-08-2022 13:30:54.171 [Gauge] [DEBUG] Validation started.
22-08-2022 13:30:54.655 [Gauge] [DEBUG] Validation started.
22-08-2022 13:30:54.910 [Gauge] [DEBUG] Validation started.
22-08-2022 13:30:56.559 [Gauge] [DEBUG] Validation started.
22-08-2022 13:30:56.846 [Gauge] [DEBUG] Validation started.
22-08-2022 13:30:56.847 [Gauge] [DEBUG] Validation completed.
22-08-2022 13:30:57.521 [Gauge] [DEBUG] Validation started.
22-08-2022 13:30:57.524 [Gauge] [DEBUG] Validation completed.
22-08-2022 13:30:58.084 [Gauge] [DEBUG] Validation started.
22-08-2022 13:30:58.091 [Gauge] [DEBUG] Validation completed.
22-08-2022 13:30:59.521 [Gauge] [DEBUG] Validation started.
22-08-2022 13:30:59.527 [Gauge] [DEBUG] Validation completed.
22-08-2022 13:31:00.212 [Gauge] [DEBUG] Validation started.
22-08-2022 13:31:00.214 [Gauge] [DEBUG] Validation completed.
22-08-2022 13:31:00.611 [Gauge] [DEBUG] Validation started.
22-08-2022 13:31:00.614 [Gauge] [DEBUG] Validation completed.
22-08-2022 13:31:01.161 [Gauge] [DEBUG] Validation started.
22-08-2022 13:31:01.166 [Gauge] [DEBUG] Validation completed.
22-08-2022 13:31:01.888 [Gauge] [DEBUG] Validation started.
22-08-2022 13:31:01.892 [Gauge] [DEBUG] Validation completed.
22-08-2022 13:31:02.266 [Gauge] [DEBUG] Validation started.
22-08-2022 13:31:02.268 [Gauge] [DEBUG] Validation completed.
22-08-2022 13:31:02.614 [Gauge] [DEBUG] Validation started.
22-08-2022 13:31:03.050 [Gauge] [DEBUG] Validation started.
22-08-2022 13:31:03.341 [Gauge] [DEBUG] Validation started.
22-08-2022 13:31:03.344 [Gauge] [DEBUG] Validation completed.
22-08-2022 13:31:04.554 [Gauge] [DEBUG] Validation started.
22-08-2022 13:31:04.561 [Gauge] [DEBUG] Validation completed.
22-08-2022 13:31:08.404 [Gauge] [DEBUG] Validation started.
22-08-2022 13:31:08.407 [Gauge] [DEBUG] Validation completed.
22-08-2022 13:31:17.095 [Gauge] [DEBUG] Validation started.
22-08-2022 13:31:17.097 [Gauge] [DEBUG] Validation completed.
22-08-2022 13:31:17.385 [Gauge] [DEBUG] Spec file added / modified: /home/xs242-saykun/Desktop/Office/SmokeRegression/trail3/specs/example.spec
22-08-2022 13:31:17.386 [Gauge] [DEBUG] Spec file added / modified: /home/xs242-saykun/Desktop/Office/SmokeRegression/trail3/specs/example.spec
22-08-2022 13:31:18.626 [Gauge] [DEBUG] Validation started.
22-08-2022 13:31:18.626 [Gauge] [DEBUG] Validation completed.
22-08-2022 13:31:18.985 [Gauge] [DEBUG] Validation started.
22-08-2022 13:31:18.985 [Gauge] [DEBUG] Validation completed.
22-08-2022 13:31:19.014 [Gauge] [DEBUG] request #1029: textDocument/codeLens: failed to parse /home/xs242-saykun/Desktop/Office/SmokeRegression/trail3/specs/example.spec
/home/xs242-saykun/Desktop/Office/SmokeRegression/trail3/specs/example.spec:14 Step should not be blank
22-08-2022 13:31:19.112 [Gauge] [DEBUG] request #1030: textDocument/documentSymbol: parsing failed for /home/xs242-saykun/Desktop/Office/SmokeRegression/trail3/specs/example.spec. [[ParseError] /home/xs242-saykun/Desktop/Office/SmokeRegression/trail3/specs/example.spec:14 Step should not be blank => '']
22-08-2022 13:31:19.264 [Gauge] [DEBUG] Spec file added / modified: /home/xs242-saykun/Desktop/Office/SmokeRegression/trail3/specs/example.spec
22-08-2022 13:31:19.264 [Gauge] [DEBUG] Spec file added / modified: /home/xs242-saykun/Desktop/Office/SmokeRegression/trail3/specs/example.spec
22-08-2022 13:31:19.404 [Gauge] [DEBUG] Validation started.
22-08-2022 13:31:20.069 [Gauge] [DEBUG] Validation started.
22-08-2022 13:31:20.380 [Gauge] [DEBUG] Validation started.
22-08-2022 13:31:21.272 [Gauge] [DEBUG] Validation started.
22-08-2022 13:31:21.551 [Gauge] [DEBUG] Spec file added / modified: /home/xs242-saykun/Desktop/Office/SmokeRegression/trail3/specs/example.spec
22-08-2022 13:31:21.552 [Gauge] [DEBUG] Spec file added / modified: /home/xs242-saykun/Desktop/Office/SmokeRegression/trail3/specs/example.spec
22-08-2022 13:31:46.624 [Gauge] [DEBUG] Validation started.
22-08-2022 13:31:46.644 [Gauge] [DEBUG] Validation completed.
22-08-2022 13:31:50.725 [Gauge] [DEBUG] Validation started.
22-08-2022 13:31:50.731 [Gauge] [DEBUG] Validation completed.
22-08-2022 13:31:51.006 [Gauge] [DEBUG] Validation started.
22-08-2022 13:31:51.010 [Gauge] [DEBUG] Validation completed.
22-08-2022 13:31:52.216 [Gauge] [DEBUG] Validation started.
22-08-2022 13:31:52.218 [Gauge] [DEBUG] Validation completed.
22-08-2022 13:31:52.648 [Gauge] [DEBUG] Validation started.
22-08-2022 13:31:52.653 [Gauge] [DEBUG] Validation completed.
22-08-2022 13:31:53.534 [Gauge] [DEBUG] Validation started.
22-08-2022 13:31:53.537 [Gauge] [DEBUG] Validation completed.
22-08-2022 13:31:54.401 [Gauge] [DEBUG] Validation started.
22-08-2022 13:31:54.403 [Gauge] [DEBUG] Validation completed.
22-08-2022 13:31:55.832 [Gauge] [DEBUG] Validation started.
22-08-2022 13:31:56.457 [Gauge] [DEBUG] Validation started.
22-08-2022 13:31:57.263 [Gauge] [DEBUG] Validation started.
22-08-2022 13:31:57.980 [Gauge] [DEBUG] Validation started.
22-08-2022 13:31:58.361 [Gauge] [DEBUG] Validation started.
22-08-2022 13:31:59.530 [Gauge] [DEBUG] Validation started.
22-08-2022 13:32:02.644 [Gauge] [DEBUG] Validation started.
22-08-2022 13:32:03.767 [Gauge] [DEBUG] Validation started.
22-08-2022 13:32:03.771 [Gauge] [DEBUG] Validation completed.
22-08-2022 13:32:08.391 [Gauge] [DEBUG] Validation started.
22-08-2022 13:32:08.396 [Gauge] [DEBUG] Validation completed.
22-08-2022 13:32:08.697 [Gauge] [DEBUG] Validation started.
22-08-2022 13:32:08.698 [Gauge] [DEBUG] Validation completed.
22-08-2022 13:32:09.431 [Gauge] [DEBUG] Validation started.
22-08-2022 13:32:09.434 [Gauge] [DEBUG] Validation completed.
22-08-2022 13:32:09.872 [Gauge] [DEBUG] Validation started.
22-08-2022 13:32:09.876 [Gauge] [DEBUG] Validation completed.
22-08-2022 13:32:10.404 [Gauge] [DEBUG] Validation started.
22-08-2022 13:32:11.036 [Gauge] [DEBUG] Validation started.
22-08-2022 13:32:11.779 [Gauge] [DEBUG] Validation started.
22-08-2022 13:32:12.286 [Gauge] [DEBUG] Validation started.
22-08-2022 13:32:12.569 [Gauge] [DEBUG] Validation started.
22-08-2022 13:32:33.813 [Gauge] [DEBUG] Validation started.
22-08-2022 13:32:34.239 [Gauge] [DEBUG] Validation started.
22-08-2022 13:32:34.701 [Gauge] [DEBUG] Validation started.
22-08-2022 13:32:36.119 [Gauge] [DEBUG] Validation started.
22-08-2022 13:32:36.121 [Gauge] [DEBUG] Validation completed.
22-08-2022 13:33:12.343 [Gauge] [DEBUG] Validation started.
22-08-2022 13:33:12.352 [Gauge] [DEBUG] Validation completed.
22-08-2022 13:33:13.359 [Gauge] [DEBUG] Validation started.
22-08-2022 13:33:13.372 [Gauge] [DEBUG] Validation completed.
22-08-2022 13:33:13.869 [Gauge] [DEBUG] Validation started.
22-08-2022 13:33:13.875 [Gauge] [DEBUG] Validation completed.
22-08-2022 13:33:14.043 [Gauge] [DEBUG] Validation started.
22-08-2022 13:33:14.046 [Gauge] [DEBUG] Validation completed.
22-08-2022 13:33:14.323 [Gauge] [DEBUG] Validation started.
22-08-2022 13:33:14.328 [Gauge] [DEBUG] Validation completed.
22-08-2022 13:33:15.291 [Gauge] [DEBUG] Validation started.
22-08-2022 13:33:15.295 [Gauge] [DEBUG] Validation completed.
22-08-2022 13:33:16.269 [Gauge] [DEBUG] Validation started.
22-08-2022 13:33:16.270 [Gauge] [DEBUG] Validation completed.
22-08-2022 13:33:16.625 [Gauge] [DEBUG] Validation started.
22-08-2022 13:33:16.629 [Gauge] [DEBUG] Validation completed.
22-08-2022 13:33:17.373 [Gauge] [DEBUG] Validation started.
22-08-2022 13:33:21.078 [Gauge] [DEBUG] Validation started.
22-08-2022 13:33:21.083 [Gauge] [DEBUG] Validation completed.
22-08-2022 13:33:28.103 [Gauge] [DEBUG] Validation started.
22-08-2022 13:33:28.107 [Gauge] [DEBUG] Validation completed.
22-08-2022 13:33:29.021 [Gauge] [DEBUG] Validation started.
22-08-2022 13:33:29.026 [Gauge] [DEBUG] Validation completed.
22-08-2022 13:33:31.019 [Gauge] [DEBUG] Validation started.
22-08-2022 13:33:31.025 [Gauge] [DEBUG] Validation completed.
22-08-2022 13:33:31.540 [Gauge] [DEBUG] Validation started.
22-08-2022 13:33:31.542 [Gauge] [DEBUG] Validation completed.
22-08-2022 13:33:32.641 [Gauge] [DEBUG] Validation started.
22-08-2022 13:33:32.646 [Gauge] [DEBUG] Validation completed.
22-08-2022 13:33:34.336 [Gauge] [DEBUG] Validation started.
22-08-2022 13:33:34.341 [Gauge] [DEBUG] Validation completed.
22-08-2022 13:33:35.064 [Gauge] [DEBUG] Validation started.
22-08-2022 13:33:35.068 [Gauge] [DEBUG] Validation completed.
22-08-2022 13:33:54.862 [Gauge] [DEBUG] Validation started.
22-08-2022 13:33:54.867 [Gauge] [DEBUG] Validation completed.
22-08-2022 13:33:56.506 [Gauge] [DEBUG] Validation started.
22-08-2022 13:33:56.509 [Gauge] [DEBUG] Validation completed.
22-08-2022 13:33:57.413 [Gauge] [DEBUG] Validation started.
22-08-2022 13:33:57.417 [Gauge] [DEBUG] Validation completed.
22-08-2022 13:33:59.892 [Gauge] [DEBUG] Validation started.
22-08-2022 13:33:59.893 [Gauge] [DEBUG] Validation completed.
22-08-2022 13:34:00.276 [Gauge] [DEBUG] Validation started.
22-08-2022 13:34:00.279 [Gauge] [DEBUG] Validation completed.
22-08-2022 13:34:00.481 [Gauge] [DEBUG] Validation started.
22-08-2022 13:34:00.490 [Gauge] [DEBUG] Validation completed.
22-08-2022 13:34:01.498 [Gauge] [DEBUG] Validation started.
22-08-2022 13:34:01.499 [Gauge] [DEBUG] Validation completed.
22-08-2022 13:34:02.342 [Gauge] [DEBUG] Validation started.
22-08-2022 13:34:02.582 [Gauge] [DEBUG] Validation started.
22-08-2022 13:34:14.525 [Gauge] [DEBUG] Validation started.
22-08-2022 13:34:14.527 [Gauge] [DEBUG] Validation completed.
22-08-2022 13:34:20.923 [Gauge] [DEBUG] Validation started.
22-08-2022 13:34:20.925 [Gauge] [DEBUG] Validation completed.
22-08-2022 13:34:21.536 [Gauge] [DEBUG] Validation started.
22-08-2022 13:34:21.537 [Gauge] [DEBUG] Validation completed.
22-08-2022 13:34:23.320 [Gauge] [DEBUG] Validation started.
22-08-2022 13:34:23.335 [Gauge] [DEBUG] Validation completed.
22-08-2022 13:37:26.964 [Gauge] [DEBUG] Validation started.
22-08-2022 13:37:26.982 [Gauge] [DEBUG] Validation completed.
22-08-2022 13:37:27.257 [Gauge] [DEBUG] Spec file added / modified: /home/xs242-saykun/Desktop/Office/SmokeRegression/trail3/specs/example.spec
22-08-2022 13:37:27.257 [Gauge] [DEBUG] Spec file added / modified: /home/xs242-saykun/Desktop/Office/SmokeRegression/trail3/specs/example.spec
22-08-2022 13:37:29.284 [Gauge] [DEBUG] Validation started.
22-08-2022 13:37:29.288 [Gauge] [DEBUG] Validation completed.
22-08-2022 13:37:29.579 [Gauge] [DEBUG] Spec file added / modified: /home/xs242-saykun/Desktop/Office/SmokeRegression/trail3/specs/example.spec
22-08-2022 13:37:29.632 [Gauge] [DEBUG] Spec file added / modified: /home/xs242-saykun/Desktop/Office/SmokeRegression/trail3/specs/example.spec
22-08-2022 13:37:30.431 [Gauge] [DEBUG] Validation started.
22-08-2022 13:37:30.435 [Gauge] [DEBUG] Validation completed.
22-08-2022 13:37:30.934 [Gauge] [DEBUG] Spec file added / modified: /home/xs242-saykun/Desktop/Office/SmokeRegression/trail3/specs/example.spec
22-08-2022 13:37:30.935 [Gauge] [DEBUG] Spec file added / modified: /home/xs242-saykun/Desktop/Office/SmokeRegression/trail3/specs/example.spec
22-08-2022 13:37:32.148 [Gauge] [DEBUG] Validation started.
22-08-2022 13:37:32.151 [Gauge] [DEBUG] Validation completed.
22-08-2022 13:37:32.386 [Gauge] [DEBUG] Validation started.
22-08-2022 13:37:32.390 [Gauge] [DEBUG] Validation completed.
22-08-2022 13:37:32.758 [Gauge] [DEBUG] Validation started.
22-08-2022 13:37:32.761 [Gauge] [DEBUG] Validation completed.
22-08-2022 13:37:33.262 [Gauge] [DEBUG] Validation started.
22-08-2022 13:37:33.265 [Gauge] [DEBUG] Validation completed.
22-08-2022 13:37:33.556 [Gauge] [DEBUG] Spec file added / modified: /home/xs242-saykun/Desktop/Office/SmokeRegression/trail3/specs/example.spec
22-08-2022 13:37:33.557 [Gauge] [DEBUG] Spec file added / modified: /home/xs242-saykun/Desktop/Office/SmokeRegression/trail3/specs/example.spec
22-08-2022 13:37:33.599 [Gauge] [DEBUG] Validation started.
22-08-2022 13:37:33.601 [Gauge] [DEBUG] Validation completed.
22-08-2022 13:37:33.923 [Gauge] [DEBUG] Validation started.
22-08-2022 13:37:33.927 [Gauge] [DEBUG] Validation completed.
22-08-2022 13:37:34.255 [Gauge] [DEBUG] Validation started.
22-08-2022 13:37:34.260 [Gauge] [DEBUG] Validation completed.
22-08-2022 13:37:34.554 [Gauge] [DEBUG] Spec file added / modified: /home/xs242-saykun/Desktop/Office/SmokeRegression/trail3/specs/example.spec
22-08-2022 13:37:34.555 [Gauge] [DEBUG] Spec file added / modified: /home/xs242-saykun/Desktop/Office/SmokeRegression/trail3/specs/example.spec
22-08-2022 13:55:59.915 [Gauge] [DEBUG] Validation started.
22-08-2022 13:55:59.920 [Gauge] [DEBUG] Validation completed.
22-08-2022 13:56:00.205 [Gauge] [DEBUG] Spec file added / modified: /home/xs242-saykun/Desktop/Office/SmokeRegression/trail3/specs/example.spec
22-08-2022 13:56:00.205 [Gauge] [DEBUG] Spec file added / modified: /home/xs242-saykun/Desktop/Office/SmokeRegression/trail3/specs/example.spec
22-08-2022 13:56:01.537 [Gauge] [DEBUG] Validation started.
22-08-2022 13:56:01.537 [Gauge] [DEBUG] Validation completed.
22-08-2022 13:56:01.770 [Gauge] [DEBUG] Validation started.
22-08-2022 13:56:01.770 [Gauge] [DEBUG] Validation completed.
22-08-2022 13:56:01.800 [Gauge] [DEBUG] request #1136: textDocument/codeLens: failed to parse /home/xs242-saykun/Desktop/Office/SmokeRegression/trail3/specs/example.spec
/home/xs242-saykun/Desktop/Office/SmokeRegression/trail3/specs/example.spec:18 Scenario heading should have at least one character
/home/xs242-saykun/Desktop/Office/SmokeRegression/trail3/specs/example.spec:18 Scenario should have atleast one step
22-08-2022 13:56:01.899 [Gauge] [DEBUG] request #1137: textDocument/documentSymbol: parsing failed for /home/xs242-saykun/Desktop/Office/SmokeRegression/trail3/specs/example.spec. [[ParseError] /home/xs242-saykun/Desktop/Office/SmokeRegression/trail3/specs/example.spec:18 Scenario heading should have at least one character => '' [ParseError] /home/xs242-saykun/Desktop/Office/SmokeRegression/trail3/specs/example.spec:18 Scenario should have atleast one step => '']
22-08-2022 13:56:02.057 [Gauge] [DEBUG] Spec file added / modified: /home/xs242-saykun/Desktop/Office/SmokeRegression/trail3/specs/example.spec
22-08-2022 13:56:02.058 [Gauge] [DEBUG] Spec file added / modified: /home/xs242-saykun/Desktop/Office/SmokeRegression/trail3/specs/example.spec
22-08-2022 13:56:02.656 [Gauge] [DEBUG] Validation started.
22-08-2022 13:56:02.656 [Gauge] [DEBUG] Validation completed.
22-08-2022 13:56:02.886 [Gauge] [DEBUG] Validation started.
22-08-2022 13:56:02.886 [Gauge] [DEBUG] Validation completed.
22-08-2022 13:56:02.919 [Gauge] [DEBUG] request #1138: textDocument/codeLens: failed to parse /home/xs242-saykun/Desktop/Office/SmokeRegression/trail3/specs/example.spec
/home/xs242-saykun/Desktop/Office/SmokeRegression/trail3/specs/example.spec:18 Scenario should have atleast one step
22-08-2022 13:56:03.018 [Gauge] [DEBUG] request #1139: textDocument/documentSymbol: parsing failed for /home/xs242-saykun/Desktop/Office/SmokeRegression/trail3/specs/example.spec. [[ParseError] /home/xs242-saykun/Desktop/Office/SmokeRegression/trail3/specs/example.spec:18 Scenario should have atleast one step => '']
22-08-2022 13:56:03.178 [Gauge] [DEBUG] Spec file added / modified: /home/xs242-saykun/Desktop/Office/SmokeRegression/trail3/specs/example.spec
22-08-2022 13:56:03.181 [Gauge] [DEBUG] Spec file added / modified: /home/xs242-saykun/Desktop/Office/SmokeRegression/trail3/specs/example.spec
22-08-2022 13:56:04.015 [Gauge] [DEBUG] Validation started.
22-08-2022 13:56:04.015 [Gauge] [DEBUG] Validation completed.
22-08-2022 13:56:04.058 [Gauge] [DEBUG] request #1141: textDocument/codeLens: failed to parse /home/xs242-saykun/Desktop/Office/SmokeRegression/trail3/specs/example.spec
/home/xs242-saykun/Desktop/Office/SmokeRegression/trail3/specs/example.spec:18 Scenario should have atleast one step
22-08-2022 13:56:04.157 [Gauge] [DEBUG] request #1142: textDocument/documentSymbol: parsing failed for /home/xs242-saykun/Desktop/Office/SmokeRegression/trail3/specs/example.spec. [[ParseError] /home/xs242-saykun/Desktop/Office/SmokeRegression/trail3/specs/example.spec:18 Scenario should have atleast one step => '']
22-08-2022 13:56:04.316 [Gauge] [DEBUG] Spec file added / modified: /home/xs242-saykun/Desktop/Office/SmokeRegression/trail3/specs/example.spec
22-08-2022 13:56:04.317 [Gauge] [DEBUG] Spec file added / modified: /home/xs242-saykun/Desktop/Office/SmokeRegression/trail3/specs/example.spec
22-08-2022 13:56:05.012 [Gauge] [DEBUG] Validation started.
22-08-2022 13:56:05.012 [Gauge] [DEBUG] Validation completed.
22-08-2022 13:56:05.056 [Gauge] [DEBUG] request #1144: textDocument/codeLens: failed to parse /home/xs242-saykun/Desktop/Office/SmokeRegression/trail3/specs/example.spec
/home/xs242-saykun/Desktop/Office/SmokeRegression/trail3/specs/example.spec:18 Scenario should have atleast one step
22-08-2022 13:56:05.156 [Gauge] [DEBUG] request #1145: textDocument/documentSymbol: parsing failed for /home/xs242-saykun/Desktop/Office/SmokeRegression/trail3/specs/example.spec. [[ParseError] /home/xs242-saykun/Desktop/Office/SmokeRegression/trail3/specs/example.spec:18 Scenario should have atleast one step => '']
22-08-2022 13:56:05.330 [Gauge] [DEBUG] Spec file added / modified: /home/xs242-saykun/Desktop/Office/SmokeRegression/trail3/specs/example.spec
22-08-2022 13:56:05.331 [Gauge] [DEBUG] Spec file added / modified: /home/xs242-saykun/Desktop/Office/SmokeRegression/trail3/specs/example.spec
22-08-2022 13:56:05.353 [Gauge] [DEBUG] Validation started.
22-08-2022 13:56:05.353 [Gauge] [DEBUG] Validation completed.
22-08-2022 13:56:05.578 [Gauge] [DEBUG] request #1147: textDocument/codeLens: failed to parse /home/xs242-saykun/Desktop/Office/SmokeRegression/trail3/specs/example.spec
/home/xs242-saykun/Desktop/Office/SmokeRegression/trail3/specs/example.spec:18 Scenario should have atleast one step
22-08-2022 13:56:05.677 [Gauge] [DEBUG] request #1149: textDocument/documentSymbol: parsing failed for /home/xs242-saykun/Desktop/Office/SmokeRegression/trail3/specs/example.spec. [[ParseError] /home/xs242-saykun/Desktop/Office/SmokeRegression/trail3/specs/example.spec:18 Scenario should have atleast one step => '']
22-08-2022 13:56:05.827 [Gauge] [DEBUG] Spec file added / modified: /home/xs242-saykun/Desktop/Office/SmokeRegression/trail3/specs/example.spec
22-08-2022 13:56:05.828 [Gauge] [DEBUG] Spec file added / modified: /home/xs242-saykun/Desktop/Office/SmokeRegression/trail3/specs/example.spec
22-08-2022 13:56:06.404 [Gauge] [DEBUG] Validation started.
22-08-2022 13:56:06.404 [Gauge] [DEBUG] Validation completed.
22-08-2022 13:56:06.448 [Gauge] [DEBUG] request #1150: textDocument/codeLens: failed to parse /home/xs242-saykun/Desktop/Office/SmokeRegression/trail3/specs/example.spec
/home/xs242-saykun/Desktop/Office/SmokeRegression/trail3/specs/example.spec:18 Scenario should have atleast one step
22-08-2022 13:56:06.549 [Gauge] [DEBUG] request #1151: textDocument/documentSymbol: parsing failed for /home/xs242-saykun/Desktop/Office/SmokeRegression/trail3/specs/example.spec. [[ParseError] /home/xs242-saykun/Desktop/Office/SmokeRegression/trail3/specs/example.spec:18 Scenario should have atleast one step => '']
22-08-2022 13:56:06.709 [Gauge] [DEBUG] Spec file added / modified: /home/xs242-saykun/Desktop/Office/SmokeRegression/trail3/specs/example.spec
22-08-2022 13:56:06.709 [Gauge] [DEBUG] Spec file added / modified: /home/xs242-saykun/Desktop/Office/SmokeRegression/trail3/specs/example.spec
22-08-2022 13:56:07.220 [Gauge] [DEBUG] Validation started.
22-08-2022 13:56:07.221 [Gauge] [DEBUG] Validation completed.
22-08-2022 13:56:07.253 [Gauge] [DEBUG] request #1153: textDocument/codeLens: failed to parse /home/xs242-saykun/Desktop/Office/SmokeRegression/trail3/specs/example.spec
/home/xs242-saykun/Desktop/Office/SmokeRegression/trail3/specs/example.spec:18 Scenario should have atleast one step
22-08-2022 13:56:07.351 [Gauge] [DEBUG] request #1154: textDocument/documentSymbol: parsing failed for /home/xs242-saykun/Desktop/Office/SmokeRegression/trail3/specs/example.spec. [[ParseError] /home/xs242-saykun/Desktop/Office/SmokeRegression/trail3/specs/example.spec:18 Scenario should have atleast one step => '']
22-08-2022 13:56:07.590 [Gauge] [DEBUG] Validation started.
22-08-2022 13:56:07.590 [Gauge] [DEBUG] Validation completed.
22-08-2022 13:56:07.640 [Gauge] [DEBUG] request #1155: textDocument/codeLens: failed to parse /home/xs242-saykun/Desktop/Office/SmokeRegression/trail3/specs/example.spec
/home/xs242-saykun/Desktop/Office/SmokeRegression/trail3/specs/example.spec:18 Scenario should have atleast one step
22-08-2022 13:56:07.741 [Gauge] [DEBUG] request #1156: textDocument/documentSymbol: parsing failed for /home/xs242-saykun/Desktop/Office/SmokeRegression/trail3/specs/example.spec. [[ParseError] /home/xs242-saykun/Desktop/Office/SmokeRegression/trail3/specs/example.spec:18 Scenario should have atleast one step => '']
22-08-2022 13:56:07.904 [Gauge] [DEBUG] Spec file added / modified: /home/xs242-saykun/Desktop/Office/SmokeRegression/trail3/specs/example.spec
22-08-2022 13:56:07.905 [Gauge] [DEBUG] Spec file added / modified: /home/xs242-saykun/Desktop/Office/SmokeRegression/trail3/specs/example.spec
22-08-2022 13:56:08.833 [Gauge] [DEBUG] Validation started.
22-08-2022 13:56:08.833 [Gauge] [DEBUG] Validation completed.
22-08-2022 13:56:08.873 [Gauge] [DEBUG] request #1157: textDocument/codeLens: failed to parse /home/xs242-saykun/Desktop/Office/SmokeRegression/trail3/specs/example.spec
/home/xs242-saykun/Desktop/Office/SmokeRegression/trail3/specs/example.spec:18 Scenario should have atleast one step
22-08-2022 13:56:08.963 [Gauge] [DEBUG] request #1158: textDocument/documentSymbol: parsing failed for /home/xs242-saykun/Desktop/Office/SmokeRegression/trail3/specs/example.spec. [[ParseError] /home/xs242-saykun/Desktop/Office/SmokeRegression/trail3/specs/example.spec:18 Scenario should have atleast one step => '']
22-08-2022 13:56:09.123 [Gauge] [DEBUG] Spec file added / modified: /home/xs242-saykun/Desktop/Office/SmokeRegression/trail3/specs/example.spec
22-08-2022 13:56:09.123 [Gauge] [DEBUG] Spec file added / modified: /home/xs242-saykun/Desktop/Office/SmokeRegression/trail3/specs/example.spec
22-08-2022 13:56:09.570 [Gauge] [DEBUG] Validation started.
22-08-2022 13:56:09.570 [Gauge] [DEBUG] Validation completed.
22-08-2022 13:56:09.720 [Gauge] [DEBUG] Validation started.
22-08-2022 13:56:09.720 [Gauge] [DEBUG] Validation completed.
22-08-2022 13:56:10.170 [Gauge] [DEBUG] Validation started.
22-08-2022 13:56:11.132 [Gauge] [DEBUG] Validation started.
22-08-2022 13:56:11.378 [Gauge] [DEBUG] Validation started.
22-08-2022 13:56:11.681 [Gauge] [DEBUG] Spec file added / modified: /home/xs242-saykun/Desktop/Office/SmokeRegression/trail3/specs/example.spec
22-08-2022 13:56:11.681 [Gauge] [DEBUG] Spec file added / modified: /home/xs242-saykun/Desktop/Office/SmokeRegression/trail3/specs/example.spec
22-08-2022 13:56:11.780 [Gauge] [DEBUG] Validation started.
22-08-2022 13:56:12.206 [Gauge] [DEBUG] Validation started.
22-08-2022 13:56:12.330 [Gauge] [DEBUG] Validation started.
22-08-2022 13:56:12.447 [Gauge] [DEBUG] Validation started.
22-08-2022 13:56:12.533 [Gauge] [DEBUG] Validation started.
22-08-2022 13:56:12.767 [Gauge] [DEBUG] Validation started.
22-08-2022 13:56:13.264 [Gauge] [DEBUG] Spec file added / modified: /home/xs242-saykun/Desktop/Office/SmokeRegression/trail3/specs/example.spec
22-08-2022 13:56:13.265 [Gauge] [DEBUG] Spec file added / modified: /home/xs242-saykun/Desktop/Office/SmokeRegression/trail3/specs/example.spec
22-08-2022 13:56:17.261 [Gauge] [DEBUG] Validation started.
22-08-2022 13:56:17.263 [Gauge] [DEBUG] Validation completed.
22-08-2022 13:56:21.258 [Gauge] [DEBUG] Validation started.
22-08-2022 13:56:21.263 [Gauge] [DEBUG] Validation completed.
22-08-2022 13:56:21.488 [Gauge] [DEBUG] Validation started.
22-08-2022 13:56:21.493 [Gauge] [DEBUG] Validation completed.
22-08-2022 13:56:21.747 [Gauge] [DEBUG] Validation started.
22-08-2022 13:56:21.750 [Gauge] [DEBUG] Validation completed.
22-08-2022 13:56:22.359 [Gauge] [DEBUG] Validation started.
22-08-2022 13:56:22.365 [Gauge] [DEBUG] Validation completed.
22-08-2022 13:56:23.478 [Gauge] [DEBUG] Validation started.
22-08-2022 13:56:23.480 [Gauge] [DEBUG] Validation completed.
22-08-2022 13:56:23.668 [Gauge] [DEBUG] Validation started.
22-08-2022 13:56:23.683 [Gauge] [DEBUG] Validation completed.
22-08-2022 13:56:23.997 [Gauge] [DEBUG] Validation started.
22-08-2022 13:56:24.004 [Gauge] [DEBUG] Validation completed.
22-08-2022 13:56:24.326 [Gauge] [DEBUG] Validation started.
22-08-2022 13:56:24.331 [Gauge] [DEBUG] Validation completed.
22-08-2022 13:56:25.648 [Gauge] [DEBUG] Validation started.
22-08-2022 13:56:25.956 [Gauge] [DEBUG] Validation started.
22-08-2022 13:56:27.394 [Gauge] [DEBUG] Validation started.
22-08-2022 13:56:27.779 [Gauge] [DEBUG] Validation started.
22-08-2022 13:56:27.781 [Gauge] [DEBUG] Validation completed.
22-08-2022 13:56:28.574 [Gauge] [DEBUG] Validation started.
22-08-2022 13:56:28.582 [Gauge] [DEBUG] Validation completed.
22-08-2022 13:56:29.008 [Gauge] [DEBUG] Validation started.
22-08-2022 13:56:29.017 [Gauge] [DEBUG] Validation completed.
22-08-2022 13:56:42.005 [Gauge] [DEBUG] Validation started.
22-08-2022 13:56:42.006 [Gauge] [DEBUG] Validation completed.
22-08-2022 13:56:42.318 [Gauge] [DEBUG] Validation started.
22-08-2022 13:56:42.320 [Gauge] [DEBUG] Validation completed.
22-08-2022 13:56:50.449 [Gauge] [DEBUG] Validation started.
22-08-2022 13:56:50.450 [Gauge] [DEBUG] Validation completed.
22-08-2022 13:56:51.189 [Gauge] [DEBUG] Validation started.
22-08-2022 13:56:51.195 [Gauge] [DEBUG] Validation completed.
22-08-2022 13:56:52.262 [Gauge] [DEBUG] Validation started.
22-08-2022 13:56:52.269 [Gauge] [DEBUG] Validation completed.
22-08-2022 13:56:52.729 [Gauge] [DEBUG] Validation started.
22-08-2022 13:56:52.735 [Gauge] [DEBUG] Validation completed.
22-08-2022 13:56:54.544 [Gauge] [DEBUG] Validation started.
22-08-2022 13:56:54.550 [Gauge] [DEBUG] Validation completed.
22-08-2022 13:56:55.381 [Gauge] [DEBUG] Validation started.
22-08-2022 13:56:55.387 [Gauge] [DEBUG] Validation completed.
22-08-2022 13:56:56.158 [Gauge] [DEBUG] Validation started.
22-08-2022 13:56:56.164 [Gauge] [DEBUG] Validation completed.
22-08-2022 13:56:56.385 [Gauge] [DEBUG] Validation started.
22-08-2022 13:56:56.398 [Gauge] [DEBUG] Validation completed.
22-08-2022 13:56:57.074 [Gauge] [DEBUG] Validation started.
22-08-2022 13:56:57.080 [Gauge] [DEBUG] Validation completed.
22-08-2022 13:56:57.269 [Gauge] [DEBUG] Validation started.
22-08-2022 13:56:57.271 [Gauge] [DEBUG] Validation completed.
22-08-2022 13:56:57.693 [Gauge] [DEBUG] Validation started.
22-08-2022 13:56:57.699 [Gauge] [DEBUG] Validation completed.
22-08-2022 13:56:59.324 [Gauge] [DEBUG] Validation started.
22-08-2022 13:56:59.326 [Gauge] [DEBUG] Validation completed.
22-08-2022 13:57:00.521 [Gauge] [DEBUG] Validation started.
22-08-2022 13:57:00.528 [Gauge] [DEBUG] Validation completed.
22-08-2022 13:57:01.135 [Gauge] [DEBUG] Validation started.
22-08-2022 13:57:01.151 [Gauge] [DEBUG] Validation completed.
22-08-2022 13:57:01.653 [Gauge] [DEBUG] Validation started.
22-08-2022 13:57:01.665 [Gauge] [DEBUG] Validation completed.
22-08-2022 13:57:01.950 [Gauge] [DEBUG] Validation started.
22-08-2022 13:57:01.951 [Gauge] [DEBUG] Validation completed.
22-08-2022 13:57:27.467 [Gauge] [DEBUG] Validation started.
22-08-2022 13:57:27.472 [Gauge] [DEBUG] Validation completed.
22-08-2022 13:57:28.026 [Gauge] [DEBUG] Validation started.
22-08-2022 13:57:28.028 [Gauge] [DEBUG] Validation completed.
22-08-2022 13:57:32.553 [Gauge] [DEBUG] Validation started.
22-08-2022 13:57:32.554 [Gauge] [DEBUG] Validation completed.
22-08-2022 13:57:32.809 [Gauge] [DEBUG] Validation started.
22-08-2022 13:57:32.815 [Gauge] [DEBUG] Validation completed.
22-08-2022 13:57:33.346 [Gauge] [DEBUG] Validation started.
22-08-2022 13:57:33.348 [Gauge] [DEBUG] Validation completed.
22-08-2022 13:58:23.832 [Gauge] [DEBUG] Validation started.
22-08-2022 13:58:23.836 [Gauge] [DEBUG] Validation completed.
22-08-2022 13:58:24.190 [Gauge] [DEBUG] Validation started.
22-08-2022 13:58:24.195 [Gauge] [DEBUG] Validation completed.
22-08-2022 13:58:24.427 [Gauge] [DEBUG] Validation started.
22-08-2022 13:58:24.432 [Gauge] [DEBUG] Validation completed.
22-08-2022 13:58:24.830 [Gauge] [DEBUG] Validation started.
22-08-2022 13:58:24.836 [Gauge] [DEBUG] Validation completed.
22-08-2022 13:58:30.147 [Gauge] [DEBUG] Validation started.
22-08-2022 13:58:30.153 [Gauge] [DEBUG] Validation completed.
22-08-2022 13:58:30.449 [Gauge] [DEBUG] Spec file added / modified: /home/xs242-saykun/Desktop/Office/SmokeRegression/trail3/specs/example.spec
22-08-2022 13:58:30.450 [Gauge] [DEBUG] Spec file added / modified: /home/xs242-saykun/Desktop/Office/SmokeRegression/trail3/specs/example.spec
22-08-2022 13:58:31.009 [Gauge] [DEBUG] Validation started.
22-08-2022 13:58:31.009 [Gauge] [DEBUG] Validation completed.
22-08-2022 13:58:31.383 [Gauge] [DEBUG] Validation started.
22-08-2022 13:58:31.383 [Gauge] [DEBUG] Validation completed.
22-08-2022 13:58:31.413 [Gauge] [DEBUG] request #1233: textDocument/codeLens: failed to parse /home/xs242-saykun/Desktop/Office/SmokeRegression/trail3/specs/example.spec
/home/xs242-saykun/Desktop/Office/SmokeRegression/trail3/specs/example.spec:21 Step should not be blank
22-08-2022 13:58:31.511 [Gauge] [DEBUG] request #1234: textDocument/documentSymbol: parsing failed for /home/xs242-saykun/Desktop/Office/SmokeRegression/trail3/specs/example.spec. [[ParseError] /home/xs242-saykun/Desktop/Office/SmokeRegression/trail3/specs/example.spec:21 Step should not be blank => '']
22-08-2022 13:58:31.598 [Gauge] [DEBUG] Validation started.
22-08-2022 13:58:32.009 [Gauge] [DEBUG] Validation started.
22-08-2022 13:58:32.281 [Gauge] [DEBUG] Spec file added / modified: /home/xs242-saykun/Desktop/Office/SmokeRegression/trail3/specs/example.spec
22-08-2022 13:58:32.281 [Gauge] [DEBUG] Spec file added / modified: /home/xs242-saykun/Desktop/Office/SmokeRegression/trail3/specs/example.spec
22-08-2022 13:58:32.611 [Gauge] [DEBUG] Validation started.
22-08-2022 13:58:33.012 [Gauge] [DEBUG] Validation started.
22-08-2022 13:58:33.594 [Gauge] [DEBUG] Validation started.
22-08-2022 13:58:33.866 [Gauge] [DEBUG] Spec file added / modified: /home/xs242-saykun/Desktop/Office/SmokeRegression/trail3/specs/example.spec
22-08-2022 13:58:33.868 [Gauge] [DEBUG] Spec file added / modified: /home/xs242-saykun/Desktop/Office/SmokeRegression/trail3/specs/example.spec
22-08-2022 13:58:34.993 [Gauge] [DEBUG] Validation started.
22-08-2022 13:58:35.286 [Gauge] [DEBUG] Spec file added / modified: /home/xs242-saykun/Desktop/Office/SmokeRegression/trail3/specs/example.spec
22-08-2022 13:58:35.287 [Gauge] [DEBUG] Spec file added / modified: /home/xs242-saykun/Desktop/Office/SmokeRegression/trail3/specs/example.spec
22-08-2022 13:58:36.080 [Gauge] [DEBUG] Validation started.
22-08-2022 13:58:36.260 [Gauge] [DEBUG] Validation started.
22-08-2022 13:58:36.368 [Gauge] [DEBUG] Validation started.
22-08-2022 13:58:36.860 [Gauge] [DEBUG] Spec file added / modified: /home/xs242-saykun/Desktop/Office/SmokeRegression/trail3/specs/example.spec
22-08-2022 13:58:36.861 [Gauge] [DEBUG] Spec file added / modified: /home/xs242-saykun/Desktop/Office/SmokeRegression/trail3/specs/example.spec
22-08-2022 13:58:40.038 [Gauge] [DEBUG] Validation started.
22-08-2022 13:58:40.041 [Gauge] [DEBUG] Validation completed.
22-08-2022 13:58:44.089 [Gauge] [DEBUG] Validation started.
22-08-2022 13:58:44.095 [Gauge] [DEBUG] Validation completed.
22-08-2022 13:58:44.310 [Gauge] [DEBUG] Validation started.
22-08-2022 13:58:44.319 [Gauge] [DEBUG] Validation completed.
22-08-2022 13:58:48.584 [Gauge] [DEBUG] Validation started.
22-08-2022 13:58:48.586 [Gauge] [DEBUG] Validation completed.
22-08-2022 13:58:49.212 [Gauge] [DEBUG] Validation started.
22-08-2022 13:58:49.221 [Gauge] [DEBUG] Validation completed.
22-08-2022 13:58:50.249 [Gauge] [DEBUG] Validation started.
22-08-2022 13:58:50.258 [Gauge] [DEBUG] Validation completed.
22-08-2022 13:58:50.665 [Gauge] [DEBUG] Validation started.
22-08-2022 13:58:50.667 [Gauge] [DEBUG] Validation completed.
22-08-2022 13:58:51.983 [Gauge] [DEBUG] Validation started.
22-08-2022 13:58:52.247 [Gauge] [DEBUG] Validation started.
22-08-2022 13:58:52.551 [Gauge] [DEBUG] Validation started.
22-08-2022 13:58:52.853 [Gauge] [DEBUG] Validation started.
22-08-2022 13:58:53.978 [Gauge] [DEBUG] Validation started.
22-08-2022 13:58:54.963 [Gauge] [DEBUG] Validation started.
22-08-2022 13:58:55.469 [Gauge] [DEBUG] Validation started.
22-08-2022 13:58:56.390 [Gauge] [DEBUG] Validation started.
22-08-2022 13:58:56.656 [Gauge] [DEBUG] Validation started.
22-08-2022 13:58:57.348 [Gauge] [DEBUG] Validation started.
22-08-2022 13:58:58.017 [Gauge] [DEBUG] Validation started.
22-08-2022 13:58:58.500 [Gauge] [DEBUG] Validation started.
22-08-2022 13:58:59.273 [Gauge] [DEBUG] Validation started.
22-08-2022 13:59:00.195 [Gauge] [DEBUG] Validation started.
22-08-2022 13:59:00.474 [Gauge] [DEBUG] Validation started.
22-08-2022 13:59:00.743 [Gauge] [DEBUG] Validation started.
22-08-2022 13:59:01.197 [Gauge] [DEBUG] Validation started.
22-08-2022 13:59:06.043 [Gauge] [DEBUG] Validation started.
22-08-2022 13:59:06.568 [Gauge] [DEBUG] Validation started.
22-08-2022 13:59:07.743 [Gauge] [DEBUG] Validation started.
22-08-2022 13:59:08.795 [Gauge] [DEBUG] Validation started.
22-08-2022 13:59:09.016 [Gauge] [DEBUG] Validation started.
22-08-2022 13:59:09.026 [Gauge] [DEBUG] Validation completed.
22-08-2022 13:59:09.408 [Gauge] [DEBUG] Validation started.
22-08-2022 13:59:09.417 [Gauge] [DEBUG] Validation completed.
22-08-2022 13:59:10.402 [Gauge] [DEBUG] Validation started.
22-08-2022 13:59:10.411 [Gauge] [DEBUG] Validation completed.
22-08-2022 13:59:11.637 [Gauge] [DEBUG] Validation started.
22-08-2022 13:59:11.648 [Gauge] [DEBUG] Validation completed.
22-08-2022 13:59:12.058 [Gauge] [DEBUG] Validation started.
22-08-2022 13:59:12.066 [Gauge] [DEBUG] Validation completed.
22-08-2022 13:59:14.113 [Gauge] [DEBUG] Validation started.
22-08-2022 13:59:14.445 [Gauge] [DEBUG] Validation started.
22-08-2022 13:59:16.642 [Gauge] [DEBUG] Validation started.
22-08-2022 13:59:16.910 [Gauge] [DEBUG] Validation started.
22-08-2022 13:59:17.216 [Gauge] [DEBUG] Validation started.
22-08-2022 13:59:17.704 [Gauge] [DEBUG] Validation started.
22-08-2022 13:59:18.322 [Gauge] [DEBUG] Validation started.
22-08-2022 13:59:18.648 [Gauge] [DEBUG] Validation started.
22-08-2022 13:59:18.962 [Gauge] [DEBUG] Validation started.
22-08-2022 13:59:19.611 [Gauge] [DEBUG] Validation started.
22-08-2022 13:59:20.238 [Gauge] [DEBUG] Validation started.
22-08-2022 13:59:30.568 [Gauge] [DEBUG] Validation started.
22-08-2022 13:59:31.928 [Gauge] [DEBUG] Validation started.
22-08-2022 13:59:31.931 [Gauge] [DEBUG] Validation completed.
22-08-2022 13:59:34.140 [Gauge] [DEBUG] Validation started.
22-08-2022 13:59:34.144 [Gauge] [DEBUG] Validation completed.
22-08-2022 13:59:34.513 [Gauge] [DEBUG] Validation started.
22-08-2022 13:59:34.514 [Gauge] [DEBUG] Validation completed.
22-08-2022 13:59:34.923 [Gauge] [DEBUG] Validation started.
22-08-2022 13:59:34.936 [Gauge] [DEBUG] Validation completed.
22-08-2022 13:59:35.419 [Gauge] [DEBUG] Validation started.
22-08-2022 13:59:35.420 [Gauge] [DEBUG] Validation completed.
22-08-2022 13:59:36.142 [Gauge] [DEBUG] Validation started.
22-08-2022 13:59:36.388 [Gauge] [DEBUG] Validation started.
22-08-2022 13:59:36.862 [Gauge] [DEBUG] Validation started.
22-08-2022 13:59:36.868 [Gauge] [DEBUG] Validation completed.
22-08-2022 13:59:39.659 [Gauge] [DEBUG] Validation started.
22-08-2022 13:59:39.661 [Gauge] [DEBUG] Validation completed.
22-08-2022 13:59:40.461 [Gauge] [DEBUG] Validation started.
22-08-2022 13:59:40.463 [Gauge] [DEBUG] Validation completed.
22-08-2022 13:59:40.901 [Gauge] [DEBUG] Validation started.
22-08-2022 13:59:40.902 [Gauge] [DEBUG] Validation completed.
22-08-2022 13:59:42.292 [Gauge] [DEBUG] Validation started.
22-08-2022 13:59:42.295 [Gauge] [DEBUG] Validation completed.
22-08-2022 13:59:43.529 [Gauge] [DEBUG] Validation started.
22-08-2022 13:59:43.535 [Gauge] [DEBUG] Validation completed.
22-08-2022 13:59:43.816 [Gauge] [DEBUG] Validation started.
22-08-2022 13:59:43.834 [Gauge] [DEBUG] Validation completed.
22-08-2022 13:59:44.386 [Gauge] [DEBUG] Validation started.
22-08-2022 13:59:44.389 [Gauge] [DEBUG] Validation completed.
22-08-2022 14:00:26.649 [Gauge] [DEBUG] Validation started.
22-08-2022 14:00:26.655 [Gauge] [DEBUG] Validation completed.
22-08-2022 14:00:27.659 [Gauge] [DEBUG] Validation started.
22-08-2022 14:00:27.660 [Gauge] [DEBUG] Validation completed.
22-08-2022 14:00:28.377 [Gauge] [DEBUG] Validation started.
22-08-2022 14:00:28.384 [Gauge] [DEBUG] Validation completed.
22-08-2022 14:00:28.730 [Gauge] [DEBUG] Validation started.
22-08-2022 14:00:29.286 [Gauge] [DEBUG] Validation started.
22-08-2022 14:00:29.558 [Gauge] [DEBUG] Validation started.
22-08-2022 14:00:29.975 [Gauge] [DEBUG] Validation started.
22-08-2022 14:00:30.268 [Gauge] [DEBUG] Validation started.
22-08-2022 14:00:30.274 [Gauge] [DEBUG] Validation completed.
22-08-2022 14:00:31.217 [Gauge] [DEBUG] Validation started.
22-08-2022 14:00:31.223 [Gauge] [DEBUG] Validation completed.
22-08-2022 14:00:31.554 [Gauge] [DEBUG] Validation started.
22-08-2022 14:00:31.556 [Gauge] [DEBUG] Validation completed.
22-08-2022 14:00:33.572 [Gauge] [DEBUG] Validation started.
22-08-2022 14:00:33.576 [Gauge] [DEBUG] Validation completed.
22-08-2022 14:00:40.154 [Gauge] [DEBUG] Validation started.
22-08-2022 14:00:40.163 [Gauge] [DEBUG] Validation completed.
22-08-2022 14:00:40.963 [Gauge] [DEBUG] Validation started.
22-08-2022 14:00:40.980 [Gauge] [DEBUG] Validation completed.
22-08-2022 14:00:41.390 [Gauge] [DEBUG] Validation started.
22-08-2022 14:00:41.402 [Gauge] [DEBUG] Validation completed.
22-08-2022 14:00:41.870 [Gauge] [DEBUG] Validation started.
22-08-2022 14:00:41.876 [Gauge] [DEBUG] Validation completed.
22-08-2022 14:00:42.842 [Gauge] [DEBUG] Validation started.
22-08-2022 14:00:42.844 [Gauge] [DEBUG] Validation completed.
22-08-2022 14:00:44.080 [Gauge] [DEBUG] Validation started.
22-08-2022 14:00:44.088 [Gauge] [DEBUG] Validation completed.
22-08-2022 14:00:45.179 [Gauge] [DEBUG] Validation started.
22-08-2022 14:00:45.511 [Gauge] [DEBUG] Validation started.
22-08-2022 14:00:45.514 [Gauge] [DEBUG] Validation completed.
22-08-2022 14:00:46.884 [Gauge] [DEBUG] Validation started.
22-08-2022 14:00:46.893 [Gauge] [DEBUG] Validation completed.
22-08-2022 14:00:50.347 [Gauge] [DEBUG] Validation started.
22-08-2022 14:00:50.352 [Gauge] [DEBUG] Validation completed.
22-08-2022 14:00:58.445 [Gauge] [DEBUG] Validation started.
22-08-2022 14:00:58.451 [Gauge] [DEBUG] Validation completed.
22-08-2022 14:02:01.477 [Gauge] [DEBUG] Validation started.
22-08-2022 14:02:01.483 [Gauge] [DEBUG] Validation completed.
22-08-2022 14:02:07.045 [Gauge] [DEBUG] Validation started.
22-08-2022 14:02:07.053 [Gauge] [DEBUG] Validation completed.
22-08-2022 14:02:07.249 [Gauge] [DEBUG] Validation started.
22-08-2022 14:02:07.255 [Gauge] [DEBUG] Validation completed.
22-08-2022 14:02:07.945 [Gauge] [DEBUG] Validation started.
22-08-2022 14:02:07.949 [Gauge] [DEBUG] Validation completed.
22-08-2022 14:02:08.162 [Gauge] [DEBUG] Validation started.
22-08-2022 14:02:08.168 [Gauge] [DEBUG] Validation completed.
22-08-2022 14:02:08.708 [Gauge] [DEBUG] Validation started.
22-08-2022 14:02:08.714 [Gauge] [DEBUG] Validation completed.
22-08-2022 14:02:09.043 [Gauge] [DEBUG] Spec file added / modified: /home/xs242-saykun/Desktop/Office/SmokeRegression/trail3/specs/example.spec
22-08-2022 14:02:09.044 [Gauge] [DEBUG] Spec file added / modified: /home/xs242-saykun/Desktop/Office/SmokeRegression/trail3/specs/example.spec
22-08-2022 14:02:09.072 [Gauge] [DEBUG] Validation started.
22-08-2022 14:02:09.078 [Gauge] [DEBUG] Validation completed.
23-08-2022 09:09:24.069 [java] [DEBUG] Killing Java runner...
23-08-2022 09:09:24.093 [java] [DEBUG] Stopping execution pool...
23-08-2022 09:09:24.093 [java] [DEBUG] Shutting down grpc server...
23-08-2022 09:09:24.106 [java] [DEBUG] Runner killed gracefully.
23-08-2022 09:09:24.153 [Gauge] [INFO] failed to kill runner with pid 1047986
23-08-2022 09:09:24.153 [Gauge] [ERROR] Unable to log error 'failed to kill runner with pid 1047986' to LSP: jsonrpc2: connection is closed
23-08-2022 09:09:24.153 [Gauge] [INFO] Connection closed
23-08-2022 09:09:24.153 [Gauge] [ERROR] Unable to log error 'Connection closed' to LSP: jsonrpc2: connection is closed
29-08-2022 09:18:45.449 [Gauge] [INFO] Initializing concepts cache with 0 concepts
29-08-2022 09:18:45.502 [Gauge] [INFO] Initializing specs cache with 1 specs
29-08-2022 09:18:45.502 [Gauge] [DEBUG] Adding specs from /home/xs242-saykun/Desktop/Office/SmokeRegression/trail3/specs/example.spec
29-08-2022 09:18:45.502 [Gauge] [INFO] Initializing steps cache with 1 steps
29-08-2022 09:18:45.502 [Gauge] [DEBUG] Watching directory: /home/xs242-saykun/Desktop/Office/SmokeRegression/trail3/specs
29-08-2022 09:18:45.502 [Gauge] [DEBUG] Found 1 files
29-08-2022 09:18:45.544 [Gauge] [INFO] Starting language runner
29-08-2022 09:18:45.667 [java] [DEBUG] ***** Printing Properties/Env Values *****
29-08-2022 09:18:45.667 [java] [DEBUG] PATH: /home/xs242-saykun/bin:/usr/local/sbin:/usr/local/bin:/usr/sbin:/usr/bin:/sbin:/bin:/usr/games:/usr/local/games:/snap/bin:/home/xs242-saykun/.dotnet/tools:/home/xs242-saykun/.gauge/plugins/screenshot/0.1.0
29-08-2022 09:18:45.667 [java] [DEBUG] JAVA_HOME: 
29-08-2022 09:18:45.667 [java] [DEBUG] gauge_project_root: 
29-08-2022 09:18:45.667 [java] [DEBUG] gauge_parallel_streams_count: 
29-08-2022 09:18:45.667 [java] [DEBUG] gauge_reports_dir: reports
29-08-2022 09:18:45.667 [java] [DEBUG] overwrite_reports: true
29-08-2022 09:18:45.667 [java] [DEBUG] logs_directory: logs
29-08-2022 09:18:45.667 [java] [DEBUG] enable_multithreading: false
29-08-2022 09:18:45.667 [java] [DEBUG] gauge_specs_dir: specs
29-08-2022 09:18:45.667 [java] [DEBUG] csv_delimiter: ,
29-08-2022 09:18:45.667 [java] [DEBUG] gauge_java_home: 
29-08-2022 09:18:45.667 [java] [DEBUG] gauge_custom_build_path: 
29-08-2022 09:18:45.667 [java] [DEBUG] gauge_additional_libs: libs/*
29-08-2022 09:18:45.667 [java] [DEBUG] gauge_jvm_args: 
29-08-2022 09:18:45.667 [java] [DEBUG] gauge_custom_compile_dir: 
29-08-2022 09:18:45.667 [java] [DEBUG] gauge_clear_state_level: scenario
29-08-2022 09:18:45.667 [java] [DEBUG] ***** END *****
29-08-2022 09:18:46.725 [java] [ERROR] WARNING: An illegal reflective access operation has occurred
29-08-2022 09:18:46.725 [java] [ERROR] WARNING: Illegal reflective access by com.google.inject.internal.cglib.core.$ReflectUtils$1 (file:/usr/share/maven/lib/guice.jar) to method java.lang.ClassLoader.defineClass(java.lang.String,byte[],int,int,java.security.ProtectionDomain)
29-08-2022 09:18:46.725 [java] [ERROR] WARNING: Please consider reporting this to the maintainers of com.google.inject.internal.cglib.core.$ReflectUtils$1
29-08-2022 09:18:46.725 [java] [ERROR] WARNING: Use --illegal-access=warn to enable warnings of further illegal reflective access operations
29-08-2022 09:18:46.725 [java] [ERROR] WARNING: All illegal access operations will be denied in a future release
29-08-2022 09:18:53.335 [java] [ERROR] Installed version of gauge-java (0.9.1) does not match with dependency gauge-java (0.7.15) specified in pom.xml file
29-08-2022 09:18:53.368 [java] [DEBUG] classpath set to /home/xs242-saykun/Desktop/Office/SmokeRegression/trail3/target/test-classes:/home/xs242-saykun/Desktop/Office/SmokeRegression/trail3/target/classes:/home/xs242-saykun/.m2/repository/com/thoughtworks/gauge/gauge-java/0.7.15/gauge-java-0.7.15.jar:/home/xs242-saykun/.m2/repository/com/github/javaparser/javaparser-core/3.16.3/javaparser-core-3.16.3.jar:/home/xs242-saykun/.m2/repository/commons-io/commons-io/2.8.0/commons-io-2.8.0.jar:/home/xs242-saykun/.m2/repository/commons-lang/commons-lang/2.6/commons-lang-2.6.jar:/home/xs242-saykun/.m2/repository/org/json/json/20210307/json-20210307.jar:/home/xs242-saykun/.m2/repository/com/google/protobuf/protobuf-java/3.15.8/protobuf-java-3.15.8.jar:/home/xs242-saykun/.m2/repository/com/google/guava/guava/30.1.1-jre/guava-30.1.1-jre.jar:/home/xs242-saykun/.m2/repository/com/google/guava/failureaccess/1.0.1/failureaccess-1.0.1.jar:/home/xs242-saykun/.m2/repository/com/google/guava/listenablefuture/9999.0-empty-to-avoid-conflict-with-guava/listenablefuture-9999.0-empty-to-avoid-conflict-with-guava.jar:/home/xs242-saykun/.m2/repository/com/google/code/findbugs/jsr305/3.0.2/jsr305-3.0.2.jar:/home/xs242-saykun/.m2/repository/org/checkerframework/checker-qual/3.8.0/checker-qual-3.8.0.jar:/home/xs242-saykun/.m2/repository/com/google/errorprone/error_prone_annotations/2.5.1/error_prone_annotations-2.5.1.jar:/home/xs242-saykun/.m2/repository/com/google/j2objc/j2objc-annotations/1.3/j2objc-annotations-1.3.jar:/home/xs242-saykun/.m2/repository/io/grpc/grpc-netty-shaded/1.37.0/grpc-netty-shaded-1.37.0.jar:/home/xs242-saykun/.m2/repository/io/grpc/grpc-core/1.37.0/grpc-core-1.37.0.jar:/home/xs242-saykun/.m2/repository/com/google/android/annotations/4.1.1.4/annotations-4.1.1.4.jar:/home/xs242-saykun/.m2/repository/io/perfmark/perfmark-api/0.23.0/perfmark-api-0.23.0.jar:/home/xs242-saykun/.m2/repository/io/grpc/grpc-protobuf/1.37.0/grpc-protobuf-1.37.0.jar:/home/xs242-saykun/.m2/repository/io/grpc/grpc-api/1.37.0/grpc-api-1.37.0.jar:/home/xs242-saykun/.m2/repository/io/grpc/grpc-context/1.37.0/grpc-context-1.37.0.jar:/home/xs242-saykun/.m2/repository/com/google/api/grpc/proto-google-common-protos/2.0.1/proto-google-common-protos-2.0.1.jar:/home/xs242-saykun/.m2/repository/io/grpc/grpc-protobuf-lite/1.37.0/grpc-protobuf-lite-1.37.0.jar:/home/xs242-saykun/.m2/repository/org/codehaus/mojo/animal-sniffer-annotations/1.19/animal-sniffer-annotations-1.19.jar:/home/xs242-saykun/.m2/repository/io/grpc/grpc-stub/1.37.0/grpc-stub-1.37.0.jar:/home/xs242-saykun/.m2/repository/javax/annotation/javax.annotation-api/1.3.2/javax.annotation-api-1.3.2.jar:/home/xs242-saykun/.m2/repository/org/assertj/assertj-core/3.19.0/assertj-core-3.19.0.jar:/home/xs242-saykun/.m2/repository/org/testng/testng/6.14.3/testng-6.14.3.jar:/home/xs242-saykun/.m2/repository/com/beust/jcommander/1.72/jcommander-1.72.jar:/home/xs242-saykun/.m2/repository/org/apache-extras/beanshell/bsh/2.0b6/bsh-2.0b6.jar:/home/xs242-saykun/.m2/repository/org/seleniumhq/selenium/selenium-java/3.141.59/selenium-java-3.141.59.jar:/home/xs242-saykun/.m2/repository/org/seleniumhq/selenium/selenium-api/3.141.59/selenium-api-3.141.59.jar:/home/xs242-saykun/.m2/repository/org/seleniumhq/selenium/selenium-chrome-driver/3.141.59/selenium-chrome-driver-3.141.59.jar:/home/xs242-saykun/.m2/repository/org/seleniumhq/selenium/selenium-edge-driver/3.141.59/selenium-edge-driver-3.141.59.jar:/home/xs242-saykun/.m2/repository/org/seleniumhq/selenium/selenium-firefox-driver/3.141.59/selenium-firefox-driver-3.141.59.jar:/home/xs242-saykun/.m2/repository/org/seleniumhq/selenium/selenium-ie-driver/3.141.59/selenium-ie-driver-3.141.59.jar:/home/xs242-saykun/.m2/repository/org/seleniumhq/selenium/selenium-opera-driver/3.141.59/selenium-opera-driver-3.141.59.jar:/home/xs242-saykun/.m2/repository/org/seleniumhq/selenium/selenium-remote-driver/3.141.59/selenium-remote-driver-3.141.59.jar:/home/xs242-saykun/.m2/repository/org/seleniumhq/selenium/selenium-safari-driver/3.141.59/selenium-safari-driver-3.141.59.jar:/home/xs242-saykun/.m2/repository/org/seleniumhq/selenium/selenium-support/3.141.59/selenium-support-3.141.59.jar:/home/xs242-saykun/.m2/repository/net/bytebuddy/byte-buddy/1.8.15/byte-buddy-1.8.15.jar:/home/xs242-saykun/.m2/repository/org/apache/commons/commons-exec/1.3/commons-exec-1.3.jar:/home/xs242-saykun/.m2/repository/com/squareup/okhttp3/okhttp/3.11.0/okhttp-3.11.0.jar:/home/xs242-saykun/.m2/repository/com/squareup/okio/okio/1.14.0/okio-1.14.0.jar:/home/xs242-saykun/.m2/repository/io/github/bonigarcia/webdrivermanager/4.4.0/webdrivermanager-4.4.0.jar:/home/xs242-saykun/.m2/repository/org/slf4j/slf4j-api/1.7.30/slf4j-api-1.7.30.jar:/home/xs242-saykun/.m2/repository/com/google/code/gson/gson/2.8.6/gson-2.8.6.jar:/home/xs242-saykun/.m2/repository/org/apache/commons/commons-lang3/3.12.0/commons-lang3-3.12.0.jar:/home/xs242-saykun/.m2/repository/org/apache/httpcomponents/client5/httpclient5/5.0.3/httpclient5-5.0.3.jar:/home/xs242-saykun/.m2/repository/org/apache/httpcomponents/core5/httpcore5/5.0.2/httpcore5-5.0.2.jar:/home/xs242-saykun/.m2/repository/org/apache/httpcomponents/core5/httpcore5-h2/5.0.2/httpcore5-h2-5.0.2.jar:/home/xs242-saykun/.m2/repository/commons-codec/commons-codec/1.13/commons-codec-1.13.jar:/home/xs242-saykun/.m2/repository/org/rauschig/jarchivelib/1.1.0/jarchivelib-1.1.0.jar:/home/xs242-saykun/.m2/repository/org/apache/commons/commons-compress/1.20/commons-compress-1.20.jar:/home/xs242-saykun/.m2/repository/org/jsoup/jsoup/1.13.1/jsoup-1.13.1.jar:/home/xs242-saykun/.m2/repository/org/reflections/reflections/0.9.10/reflections-0.9.10.jar:/home/xs242-saykun/.m2/repository/org/javassist/javassist/3.19.0-GA/javassist-3.19.0-GA.jar:/home/xs242-saykun/.m2/repository/com/google/code/findbugs/annotations/2.0.1/annotations-2.0.1.jar
29-08-2022 09:18:53.368 [java] [DEBUG] found java executable in java
29-08-2022 09:18:53.368 [java] [DEBUG] running - java [-Dfile.encoding=UTF-8 com.thoughtworks.gauge.GaugeRuntime --start]
29-08-2022 09:18:53.368 [java] [DEBUG] stdout/stderr is logged to logs/714124-java.out
29-08-2022 09:18:53.509 [java] [DEBUG] multithreading is set to false
29-08-2022 09:18:53.950 [java] [DEBUG] Using reflection to scan dependencies for gauge implementations...
29-08-2022 09:18:54.051 [java] [ERROR] SLF4J: Failed to load class "org.slf4j.impl.StaticLoggerBinder".
29-08-2022 09:18:54.051 [java] [ERROR] SLF4J: Defaulting to no-operation (NOP) logger implementation
29-08-2022 09:18:54.051 [java] [ERROR] SLF4J: See http://www.slf4j.org/codes.html#StaticLoggerBinder for further details.
29-08-2022 09:18:54.581 [java] [DEBUG] gauge-java took 1070milliseconds to load and scan. This should be less than 'runner_connection_timeout' config value.
29-08-2022 09:18:54.581 [java] [DEBUG] run 'gauge config runner_connection_timeout' and verify that it is < 1070
29-08-2022 09:18:54.581 [java] [DEBUG] starting gRPC server...
29-08-2022 09:18:54.850 [Gauge] [DEBUG] Attempting to connect to grpc server at port: 45877
29-08-2022 09:18:55.060 [Gauge] [DEBUG] Successfully made the connection with runner with port: 45877
29-08-2022 09:18:55.060 [Gauge] [INFO] LangServer: reading on stdin, writing on stdout
29-08-2022 09:18:55.129 [Gauge] [DEBUG] request #2: textDocument/documentSymbol: parsing failed for /home/xs242-saykun/Desktop/Office/SmokeRegression/trail3/specs/example.spec. [[ParseError] /home/xs242-saykun/Desktop/Office/SmokeRegression/trail3/specs/example.spec:1 Spec does not have any elements => '']
29-08-2022 09:18:55.130 [Gauge] [DEBUG] Validation started.
29-08-2022 09:18:56.420 [java] [DEBUG] Scanning packages for steps
29-08-2022 09:18:56.432 [java] [DEBUG] Comparing 'StepImplementation.goToElixr' and 'StepImplementation.goToElixr'
29-08-2022 09:18:56.432 [java] [DEBUG] Found Go to elixr in current project scope.
29-08-2022 09:18:56.432 [java] [DEBUG] Comparing 'StepImplementation.pageTitle' and 'StepImplementation.pageTitle'
29-08-2022 09:18:56.432 [java] [DEBUG] Found Page title in current project scope.
29-08-2022 09:18:56.432 [java] [DEBUG] Comparing 'StepImplementation.validateThePageTitle' and 'StepImplementation.validateThePageTitle'
29-08-2022 09:18:56.433 [java] [DEBUG] Found Validate the page title in current project scope.
29-08-2022 09:18:56.433 [java] [DEBUG] Comparing 'StepImplementation.validateTitlepage' and 'StepImplementation.validateTitlepage'
29-08-2022 09:18:56.433 [java] [DEBUG] Found Validate titlePage in current project scope.
29-08-2022 09:18:56.433 [java] [DEBUG] Comparing 'StepImplementation.goToOnboard' and 'StepImplementation.goToOnboard'
29-08-2022 09:18:56.433 [java] [DEBUG] Found Go to onboard in current project scope.
29-08-2022 09:18:56.435 [java] [DEBUG] Comparing 'StepImplementation.goToXs' and 'StepImplementation.goToXs'
29-08-2022 09:18:56.435 [java] [DEBUG] Found Go to xs in current project scope.
29-08-2022 09:18:56.435 [java] [DEBUG] Scanning packages for hooks
29-08-2022 09:18:56.441 [java] [DEBUG] Scanned steps (using static parsing + reflections): 
29-08-2022 09:18:56.441 [java] [DEBUG] 	Go to elixr : public void goToElixr() throws InterruptedException
29-08-2022 09:18:56.441 [java] [DEBUG] 	Go to onboard : public void goToOnboard() throws InterruptedException
29-08-2022 09:18:56.441 [java] [DEBUG] 	Validate titlePage : public void validateTitlepage() throws InterruptedException
29-08-2022 09:18:56.443 [java] [DEBUG] 	Validate the page title : public void validateThePageTitle() throws InterruptedException
29-08-2022 09:18:56.443 [java] [DEBUG] 	Page title : public void pageTitle()
29-08-2022 09:18:56.443 [java] [DEBUG] 	Go to xs : public void goToXs() throws InterruptedException
29-08-2022 09:18:57.686 [Gauge] [DEBUG] Validation completed.
29-08-2022 09:18:57.687 [Gauge] [DEBUG] Validation started.
29-08-2022 09:18:57.699 [Gauge] [DEBUG] Validation completed.
29-08-2022 09:20:59.625 [Gauge] [DEBUG] Validation started.
29-08-2022 09:20:59.665 [Gauge] [DEBUG] Validation completed.
29-08-2022 09:21:00.048 [Gauge] [DEBUG] Validation started.
29-08-2022 09:21:00.118 [Gauge] [DEBUG] Validation completed.
29-08-2022 09:21:00.309 [Gauge] [DEBUG] Validation started.
29-08-2022 09:21:00.325 [Gauge] [DEBUG] Validation completed.
29-08-2022 09:21:00.522 [Gauge] [DEBUG] Validation started.
29-08-2022 09:21:00.544 [Gauge] [DEBUG] Validation completed.
29-08-2022 09:21:00.844 [Gauge] [DEBUG] Spec file added / modified: /home/xs242-saykun/Desktop/Office/SmokeRegression/trail3/specs/example.spec
29-08-2022 09:21:08.835 [Gauge] [DEBUG] Validation started.
29-08-2022 09:21:08.880 [Gauge] [DEBUG] Validation completed.
29-08-2022 09:21:09.379 [Gauge] [DEBUG] Validation started.
29-08-2022 09:21:09.387 [Gauge] [DEBUG] Validation completed.
29-08-2022 09:21:10.207 [Gauge] [DEBUG] Validation started.
29-08-2022 09:21:10.230 [Gauge] [DEBUG] Validation completed.
29-08-2022 09:21:10.497 [Gauge] [DEBUG] Spec file added / modified: /home/xs242-saykun/Desktop/Office/SmokeRegression/trail3/specs/example.spec
29-08-2022 09:21:10.500 [Gauge] [DEBUG] Spec file added / modified: /home/xs242-saykun/Desktop/Office/SmokeRegression/trail3/specs/example.spec
29-08-2022 09:26:50.671 [Gauge] [DEBUG] Validation started.
29-08-2022 09:26:50.694 [Gauge] [DEBUG] Validation completed.
29-08-2022 09:26:50.973 [Gauge] [DEBUG] Spec file added / modified: /home/xs242-saykun/Desktop/Office/SmokeRegression/trail3/specs/example.spec
29-08-2022 09:58:14.537 [java] [DEBUG] Killing Java runner...
29-08-2022 09:58:14.537 [java] [DEBUG] Stopping execution pool...
29-08-2022 09:58:14.537 [java] [DEBUG] Shutting down grpc server...
29-08-2022 09:58:14.549 [java] [DEBUG] Runner killed gracefully.
29-08-2022 09:58:14.704 [Gauge] [INFO] failed to kill runner with pid 714124
29-08-2022 09:58:14.704 [Gauge] [ERROR] Unable to log error 'failed to kill runner with pid 714124' to LSP: jsonrpc2: connection is closed
29-08-2022 09:58:14.704 [Gauge] [INFO] Connection closed
29-08-2022 09:58:14.705 [Gauge] [ERROR] Unable to log error 'Connection closed' to LSP: jsonrpc2: connection is closed
29-08-2022 11:44:02.600 [Gauge] [INFO] Initializing concepts cache with 0 concepts
29-08-2022 11:44:02.849 [Gauge] [INFO] Initializing specs cache with 1 specs
29-08-2022 11:44:02.849 [Gauge] [DEBUG] Adding specs from /home/xs242-saykun/Desktop/Office/SmokeRegression/trail3/specs/example.spec
29-08-2022 11:44:02.849 [Gauge] [INFO] Initializing steps cache with 1 steps
29-08-2022 11:44:02.929 [Gauge] [DEBUG] Watching directory: /home/xs242-saykun/Desktop/Office/SmokeRegression/trail3/specs
29-08-2022 11:44:02.929 [Gauge] [DEBUG] Found 1 files
29-08-2022 11:44:02.956 [Gauge] [INFO] Starting language runner
29-08-2022 11:44:04.419 [java] [DEBUG] ***** Printing Properties/Env Values *****
29-08-2022 11:44:04.419 [java] [DEBUG] PATH: /home/xs242-saykun/bin:/usr/local/sbin:/usr/local/bin:/usr/sbin:/usr/bin:/sbin:/bin:/usr/games:/usr/local/games:/snap/bin:/home/xs242-saykun/.dotnet/tools:/home/xs242-saykun/.gauge/plugins/screenshot/0.1.0
29-08-2022 11:44:04.419 [java] [DEBUG] JAVA_HOME: 
29-08-2022 11:44:04.419 [java] [DEBUG] gauge_project_root: 
29-08-2022 11:44:04.419 [java] [DEBUG] gauge_parallel_streams_count: 
29-08-2022 11:44:04.419 [java] [DEBUG] gauge_reports_dir: reports
29-08-2022 11:44:04.419 [java] [DEBUG] overwrite_reports: true
29-08-2022 11:44:04.419 [java] [DEBUG] logs_directory: logs
29-08-2022 11:44:04.419 [java] [DEBUG] enable_multithreading: false
29-08-2022 11:44:04.419 [java] [DEBUG] gauge_specs_dir: specs
29-08-2022 11:44:04.419 [java] [DEBUG] csv_delimiter: ,
29-08-2022 11:44:04.419 [java] [DEBUG] gauge_java_home: 
29-08-2022 11:44:04.419 [java] [DEBUG] gauge_custom_build_path: 
29-08-2022 11:44:04.419 [java] [DEBUG] gauge_additional_libs: libs/*
29-08-2022 11:44:04.419 [java] [DEBUG] gauge_jvm_args: 
29-08-2022 11:44:04.419 [java] [DEBUG] gauge_custom_compile_dir: 
29-08-2022 11:44:04.419 [java] [DEBUG] gauge_clear_state_level: scenario
29-08-2022 11:44:04.419 [java] [DEBUG] ***** END *****
29-08-2022 11:44:05.444 [java] [ERROR] WARNING: An illegal reflective access operation has occurred
29-08-2022 11:44:05.444 [java] [ERROR] WARNING: Illegal reflective access by com.google.inject.internal.cglib.core.$ReflectUtils$1 (file:/usr/share/maven/lib/guice.jar) to method java.lang.ClassLoader.defineClass(java.lang.String,byte[],int,int,java.security.ProtectionDomain)
29-08-2022 11:44:05.444 [java] [ERROR] WARNING: Please consider reporting this to the maintainers of com.google.inject.internal.cglib.core.$ReflectUtils$1
29-08-2022 11:44:05.444 [java] [ERROR] WARNING: Use --illegal-access=warn to enable warnings of further illegal reflective access operations
29-08-2022 11:44:05.444 [java] [ERROR] WARNING: All illegal access operations will be denied in a future release
29-08-2022 11:44:18.074 [java] [ERROR] Installed version of gauge-java (0.9.1) does not match with dependency gauge-java (0.7.15) specified in pom.xml file
29-08-2022 11:44:18.074 [java] [DEBUG] classpath set to /home/xs242-saykun/Desktop/Office/SmokeRegression/trail3/target/test-classes:/home/xs242-saykun/Desktop/Office/SmokeRegression/trail3/target/classes:/home/xs242-saykun/.m2/repository/com/thoughtworks/gauge/gauge-java/0.7.15/gauge-java-0.7.15.jar:/home/xs242-saykun/.m2/repository/com/github/javaparser/javaparser-core/3.16.3/javaparser-core-3.16.3.jar:/home/xs242-saykun/.m2/repository/commons-io/commons-io/2.8.0/commons-io-2.8.0.jar:/home/xs242-saykun/.m2/repository/commons-lang/commons-lang/2.6/commons-lang-2.6.jar:/home/xs242-saykun/.m2/repository/org/json/json/20210307/json-20210307.jar:/home/xs242-saykun/.m2/repository/com/google/protobuf/protobuf-java/3.15.8/protobuf-java-3.15.8.jar:/home/xs242-saykun/.m2/repository/com/google/guava/guava/30.1.1-jre/guava-30.1.1-jre.jar:/home/xs242-saykun/.m2/repository/com/google/guava/failureaccess/1.0.1/failureaccess-1.0.1.jar:/home/xs242-saykun/.m2/repository/com/google/guava/listenablefuture/9999.0-empty-to-avoid-conflict-with-guava/listenablefuture-9999.0-empty-to-avoid-conflict-with-guava.jar:/home/xs242-saykun/.m2/repository/com/google/code/findbugs/jsr305/3.0.2/jsr305-3.0.2.jar:/home/xs242-saykun/.m2/repository/org/checkerframework/checker-qual/3.8.0/checker-qual-3.8.0.jar:/home/xs242-saykun/.m2/repository/com/google/errorprone/error_prone_annotations/2.5.1/error_prone_annotations-2.5.1.jar:/home/xs242-saykun/.m2/repository/com/google/j2objc/j2objc-annotations/1.3/j2objc-annotations-1.3.jar:/home/xs242-saykun/.m2/repository/io/grpc/grpc-netty-shaded/1.37.0/grpc-netty-shaded-1.37.0.jar:/home/xs242-saykun/.m2/repository/io/grpc/grpc-core/1.37.0/grpc-core-1.37.0.jar:/home/xs242-saykun/.m2/repository/com/google/android/annotations/4.1.1.4/annotations-4.1.1.4.jar:/home/xs242-saykun/.m2/repository/io/perfmark/perfmark-api/0.23.0/perfmark-api-0.23.0.jar:/home/xs242-saykun/.m2/repository/io/grpc/grpc-protobuf/1.37.0/grpc-protobuf-1.37.0.jar:/home/xs242-saykun/.m2/repository/io/grpc/grpc-api/1.37.0/grpc-api-1.37.0.jar:/home/xs242-saykun/.m2/repository/io/grpc/grpc-context/1.37.0/grpc-context-1.37.0.jar:/home/xs242-saykun/.m2/repository/com/google/api/grpc/proto-google-common-protos/2.0.1/proto-google-common-protos-2.0.1.jar:/home/xs242-saykun/.m2/repository/io/grpc/grpc-protobuf-lite/1.37.0/grpc-protobuf-lite-1.37.0.jar:/home/xs242-saykun/.m2/repository/org/codehaus/mojo/animal-sniffer-annotations/1.19/animal-sniffer-annotations-1.19.jar:/home/xs242-saykun/.m2/repository/io/grpc/grpc-stub/1.37.0/grpc-stub-1.37.0.jar:/home/xs242-saykun/.m2/repository/javax/annotation/javax.annotation-api/1.3.2/javax.annotation-api-1.3.2.jar:/home/xs242-saykun/.m2/repository/org/assertj/assertj-core/3.19.0/assertj-core-3.19.0.jar:/home/xs242-saykun/.m2/repository/org/testng/testng/6.14.3/testng-6.14.3.jar:/home/xs242-saykun/.m2/repository/com/beust/jcommander/1.72/jcommander-1.72.jar:/home/xs242-saykun/.m2/repository/org/apache-extras/beanshell/bsh/2.0b6/bsh-2.0b6.jar:/home/xs242-saykun/.m2/repository/org/seleniumhq/selenium/selenium-java/3.141.59/selenium-java-3.141.59.jar:/home/xs242-saykun/.m2/repository/org/seleniumhq/selenium/selenium-api/3.141.59/selenium-api-3.141.59.jar:/home/xs242-saykun/.m2/repository/org/seleniumhq/selenium/selenium-chrome-driver/3.141.59/selenium-chrome-driver-3.141.59.jar:/home/xs242-saykun/.m2/repository/org/seleniumhq/selenium/selenium-edge-driver/3.141.59/selenium-edge-driver-3.141.59.jar:/home/xs242-saykun/.m2/repository/org/seleniumhq/selenium/selenium-firefox-driver/3.141.59/selenium-firefox-driver-3.141.59.jar:/home/xs242-saykun/.m2/repository/org/seleniumhq/selenium/selenium-ie-driver/3.141.59/selenium-ie-driver-3.141.59.jar:/home/xs242-saykun/.m2/repository/org/seleniumhq/selenium/selenium-opera-driver/3.141.59/selenium-opera-driver-3.141.59.jar:/home/xs242-saykun/.m2/repository/org/seleniumhq/selenium/selenium-remote-driver/3.141.59/selenium-remote-driver-3.141.59.jar:/home/xs242-saykun/.m2/repository/org/seleniumhq/selenium/selenium-safari-driver/3.141.59/selenium-safari-driver-3.141.59.jar:/home/xs242-saykun/.m2/repository/org/seleniumhq/selenium/selenium-support/3.141.59/selenium-support-3.141.59.jar:/home/xs242-saykun/.m2/repository/net/bytebuddy/byte-buddy/1.8.15/byte-buddy-1.8.15.jar:/home/xs242-saykun/.m2/repository/org/apache/commons/commons-exec/1.3/commons-exec-1.3.jar:/home/xs242-saykun/.m2/repository/com/squareup/okhttp3/okhttp/3.11.0/okhttp-3.11.0.jar:/home/xs242-saykun/.m2/repository/com/squareup/okio/okio/1.14.0/okio-1.14.0.jar:/home/xs242-saykun/.m2/repository/io/github/bonigarcia/webdrivermanager/4.4.0/webdrivermanager-4.4.0.jar:/home/xs242-saykun/.m2/repository/org/slf4j/slf4j-api/1.7.30/slf4j-api-1.7.30.jar:/home/xs242-saykun/.m2/repository/com/google/code/gson/gson/2.8.6/gson-2.8.6.jar:/home/xs242-saykun/.m2/repository/org/apache/commons/commons-lang3/3.12.0/commons-lang3-3.12.0.jar:/home/xs242-saykun/.m2/repository/org/apache/httpcomponents/client5/httpclient5/5.0.3/httpclient5-5.0.3.jar:/home/xs242-saykun/.m2/repository/org/apache/httpcomponents/core5/httpcore5/5.0.2/httpcore5-5.0.2.jar:/home/xs242-saykun/.m2/repository/org/apache/httpcomponents/core5/httpcore5-h2/5.0.2/httpcore5-h2-5.0.2.jar:/home/xs242-saykun/.m2/repository/commons-codec/commons-codec/1.13/commons-codec-1.13.jar:/home/xs242-saykun/.m2/repository/org/rauschig/jarchivelib/1.1.0/jarchivelib-1.1.0.jar:/home/xs242-saykun/.m2/repository/org/apache/commons/commons-compress/1.20/commons-compress-1.20.jar:/home/xs242-saykun/.m2/repository/org/jsoup/jsoup/1.13.1/jsoup-1.13.1.jar:/home/xs242-saykun/.m2/repository/org/reflections/reflections/0.9.10/reflections-0.9.10.jar:/home/xs242-saykun/.m2/repository/org/javassist/javassist/3.19.0-GA/javassist-3.19.0-GA.jar:/home/xs242-saykun/.m2/repository/com/google/code/findbugs/annotations/2.0.1/annotations-2.0.1.jar
29-08-2022 11:44:18.074 [java] [DEBUG] found java executable in java
29-08-2022 11:44:18.074 [java] [DEBUG] running - java [-Dfile.encoding=UTF-8 com.thoughtworks.gauge.GaugeRuntime --start]
29-08-2022 11:44:18.074 [java] [DEBUG] stdout/stderr is logged to logs/22709-java.out
29-08-2022 11:44:19.493 [java] [DEBUG] multithreading is set to false
29-08-2022 11:44:20.724 [java] [DEBUG] Using reflection to scan dependencies for gauge implementations...
29-08-2022 11:44:22.887 [java] [ERROR] SLF4J: Failed to load class "org.slf4j.impl.StaticLoggerBinder".
29-08-2022 11:44:22.888 [java] [ERROR] SLF4J: Defaulting to no-operation (NOP) logger implementation
29-08-2022 11:44:22.888 [java] [ERROR] SLF4J: See http://www.slf4j.org/codes.html#StaticLoggerBinder for further details.
29-08-2022 11:44:24.425 [java] [DEBUG] gauge-java took 4932milliseconds to load and scan. This should be less than 'runner_connection_timeout' config value.
29-08-2022 11:44:24.425 [java] [DEBUG] run 'gauge config runner_connection_timeout' and verify that it is < 4932
29-08-2022 11:44:24.425 [java] [DEBUG] starting gRPC server...
29-08-2022 11:44:24.764 [Gauge] [DEBUG] Attempting to connect to grpc server at port: 40705
29-08-2022 11:44:25.058 [Gauge] [DEBUG] Successfully made the connection with runner with port: 40705
29-08-2022 11:44:25.058 [Gauge] [INFO] LangServer: reading on stdin, writing on stdout
29-08-2022 11:44:25.082 [Gauge] [DEBUG] Validation started.
29-08-2022 11:44:27.856 [java] [DEBUG] Scanning packages for steps
29-08-2022 11:44:27.873 [java] [DEBUG] Comparing 'StepImplementation.goToElixr' and 'StepImplementation.goToElixr'
29-08-2022 11:44:27.873 [java] [DEBUG] Found Go to elixr in current project scope.
29-08-2022 11:44:27.874 [java] [DEBUG] Comparing 'StepImplementation.pageTitle' and 'StepImplementation.pageTitle'
29-08-2022 11:44:27.874 [java] [DEBUG] Found Page title in current project scope.
29-08-2022 11:44:27.874 [java] [DEBUG] Comparing 'StepImplementation.validateThePageTitle' and 'StepImplementation.validateThePageTitle'
29-08-2022 11:44:27.874 [java] [DEBUG] Found Validate the page title in current project scope.
29-08-2022 11:44:27.874 [java] [DEBUG] Comparing 'StepImplementation.validateTitlepage' and 'StepImplementation.validateTitlepage'
29-08-2022 11:44:27.874 [java] [DEBUG] Found Validate titlePage in current project scope.
29-08-2022 11:44:27.875 [java] [DEBUG] Comparing 'StepImplementation.goToOnboard' and 'StepImplementation.goToOnboard'
29-08-2022 11:44:27.875 [java] [DEBUG] Found Go to onboard in current project scope.
29-08-2022 11:44:27.875 [java] [DEBUG] Comparing 'StepImplementation.goToXs' and 'StepImplementation.goToXs'
29-08-2022 11:44:27.875 [java] [DEBUG] Found Go to xs in current project scope.
29-08-2022 11:44:27.875 [java] [DEBUG] Scanning packages for hooks
29-08-2022 11:44:27.878 [java] [DEBUG] Scanned steps (using static parsing + reflections): 
29-08-2022 11:44:27.878 [java] [DEBUG] 	Go to elixr : public void goToElixr() throws InterruptedException
29-08-2022 11:44:27.878 [java] [DEBUG] 	Go to onboard : public void goToOnboard() throws InterruptedException
29-08-2022 11:44:27.878 [java] [DEBUG] 	Validate titlePage : public void validateTitlepage() throws InterruptedException
29-08-2022 11:44:27.878 [java] [DEBUG] 	Validate the page title : public void validateThePageTitle() throws InterruptedException
29-08-2022 11:44:27.878 [java] [DEBUG] 	Page title : public void pageTitle()
29-08-2022 11:44:27.878 [java] [DEBUG] 	Go to xs : public void goToXs() throws InterruptedException
29-08-2022 11:44:28.852 [Gauge] [DEBUG] Validation completed.
29-08-2022 11:44:28.853 [Gauge] [DEBUG] Validation started.
29-08-2022 11:44:28.864 [Gauge] [DEBUG] Validation completed.
29-08-2022 11:45:29.001 [java] [DEBUG] Killing Java runner...
29-08-2022 11:45:29.063 [Gauge] [INFO] failed to kill runner with pid 22709
29-08-2022 11:45:29.063 [Gauge] [ERROR] Unable to log error 'failed to kill runner with pid 22709' to LSP: jsonrpc2: connection is closed
29-08-2022 11:45:29.063 [Gauge] [INFO] Connection closed
29-08-2022 11:45:29.063 [Gauge] [ERROR] Unable to log error 'Connection closed' to LSP: jsonrpc2: connection is closed
29-08-2022 11:45:46.754 [Gauge] [INFO] Initializing concepts cache with 0 concepts
29-08-2022 11:45:46.754 [Gauge] [INFO] Initializing specs cache with 1 specs
29-08-2022 11:45:46.755 [Gauge] [DEBUG] Adding specs from /home/xs242-saykun/Desktop/Office/SmokeRegression/trial4/specs/example.spec
29-08-2022 11:45:46.755 [Gauge] [INFO] Initializing steps cache with 1 steps
29-08-2022 11:45:46.755 [Gauge] [INFO] Starting language runner
29-08-2022 11:45:46.756 [Gauge] [DEBUG] Watching directory: /home/xs242-saykun/Desktop/Office/SmokeRegression/trial4/specs
29-08-2022 11:45:46.756 [Gauge] [DEBUG] Found 1 files
29-08-2022 11:45:46.758 [java] [DEBUG] ***** Printing Properties/Env Values *****
29-08-2022 11:45:46.758 [java] [DEBUG] PATH: /home/xs242-saykun/bin:/usr/local/sbin:/usr/local/bin:/usr/sbin:/usr/bin:/sbin:/bin:/usr/games:/usr/local/games:/snap/bin:/home/xs242-saykun/.dotnet/tools:/home/xs242-saykun/.gauge/plugins/screenshot/0.1.0
29-08-2022 11:45:46.758 [java] [DEBUG] JAVA_HOME: 
29-08-2022 11:45:46.758 [java] [DEBUG] gauge_project_root: 
29-08-2022 11:45:46.758 [java] [DEBUG] gauge_parallel_streams_count: 
29-08-2022 11:45:46.758 [java] [DEBUG] gauge_reports_dir: reports
29-08-2022 11:45:46.758 [java] [DEBUG] overwrite_reports: true
29-08-2022 11:45:46.758 [java] [DEBUG] logs_directory: logs
29-08-2022 11:45:46.758 [java] [DEBUG] enable_multithreading: false
29-08-2022 11:45:46.758 [java] [DEBUG] gauge_specs_dir: specs
29-08-2022 11:45:46.758 [java] [DEBUG] csv_delimiter: ,
29-08-2022 11:45:46.758 [java] [DEBUG] gauge_java_home: 
29-08-2022 11:45:46.758 [java] [DEBUG] gauge_custom_build_path: 
29-08-2022 11:45:46.758 [java] [DEBUG] gauge_additional_libs: libs/*
29-08-2022 11:45:46.758 [java] [DEBUG] gauge_jvm_args: 
29-08-2022 11:45:46.758 [java] [DEBUG] gauge_custom_compile_dir: 
29-08-2022 11:45:46.758 [java] [DEBUG] gauge_clear_state_level: scenario
29-08-2022 11:45:46.758 [java] [DEBUG] ***** END *****
29-08-2022 11:45:48.015 [java] [ERROR] WARNING: An illegal reflective access operation has occurred
29-08-2022 11:45:48.015 [java] [ERROR] WARNING: Illegal reflective access by com.google.inject.internal.cglib.core.$ReflectUtils$1 (file:/usr/share/maven/lib/guice.jar) to method java.lang.ClassLoader.defineClass(java.lang.String,byte[],int,int,java.security.ProtectionDomain)
29-08-2022 11:45:48.015 [java] [ERROR] WARNING: Please consider reporting this to the maintainers of com.google.inject.internal.cglib.core.$ReflectUtils$1
29-08-2022 11:45:48.015 [java] [ERROR] WARNING: Use --illegal-access=warn to enable warnings of further illegal reflective access operations
29-08-2022 11:45:48.015 [java] [ERROR] WARNING: All illegal access operations will be denied in a future release
29-08-2022 11:45:50.465 [java] [ERROR] Installed version of gauge-java (0.9.1) does not match with dependency gauge-java (0.7.15) specified in pom.xml file
29-08-2022 11:45:50.466 [java] [DEBUG] classpath set to /home/xs242-saykun/Desktop/Office/SmokeRegression/trial4/target/test-classes:/home/xs242-saykun/Desktop/Office/SmokeRegression/trial4/target/classes:/home/xs242-saykun/.m2/repository/com/thoughtworks/gauge/gauge-java/0.7.15/gauge-java-0.7.15.jar:/home/xs242-saykun/.m2/repository/com/github/javaparser/javaparser-core/3.16.3/javaparser-core-3.16.3.jar:/home/xs242-saykun/.m2/repository/commons-io/commons-io/2.8.0/commons-io-2.8.0.jar:/home/xs242-saykun/.m2/repository/commons-lang/commons-lang/2.6/commons-lang-2.6.jar:/home/xs242-saykun/.m2/repository/org/json/json/20210307/json-20210307.jar:/home/xs242-saykun/.m2/repository/com/google/protobuf/protobuf-java/3.15.8/protobuf-java-3.15.8.jar:/home/xs242-saykun/.m2/repository/com/google/guava/guava/30.1.1-jre/guava-30.1.1-jre.jar:/home/xs242-saykun/.m2/repository/com/google/guava/failureaccess/1.0.1/failureaccess-1.0.1.jar:/home/xs242-saykun/.m2/repository/com/google/guava/listenablefuture/9999.0-empty-to-avoid-conflict-with-guava/listenablefuture-9999.0-empty-to-avoid-conflict-with-guava.jar:/home/xs242-saykun/.m2/repository/com/google/code/findbugs/jsr305/3.0.2/jsr305-3.0.2.jar:/home/xs242-saykun/.m2/repository/org/checkerframework/checker-qual/3.8.0/checker-qual-3.8.0.jar:/home/xs242-saykun/.m2/repository/com/google/errorprone/error_prone_annotations/2.5.1/error_prone_annotations-2.5.1.jar:/home/xs242-saykun/.m2/repository/com/google/j2objc/j2objc-annotations/1.3/j2objc-annotations-1.3.jar:/home/xs242-saykun/.m2/repository/io/grpc/grpc-netty-shaded/1.37.0/grpc-netty-shaded-1.37.0.jar:/home/xs242-saykun/.m2/repository/io/grpc/grpc-core/1.37.0/grpc-core-1.37.0.jar:/home/xs242-saykun/.m2/repository/com/google/android/annotations/4.1.1.4/annotations-4.1.1.4.jar:/home/xs242-saykun/.m2/repository/io/perfmark/perfmark-api/0.23.0/perfmark-api-0.23.0.jar:/home/xs242-saykun/.m2/repository/io/grpc/grpc-protobuf/1.37.0/grpc-protobuf-1.37.0.jar:/home/xs242-saykun/.m2/repository/io/grpc/grpc-api/1.37.0/grpc-api-1.37.0.jar:/home/xs242-saykun/.m2/repository/io/grpc/grpc-context/1.37.0/grpc-context-1.37.0.jar:/home/xs242-saykun/.m2/repository/com/google/api/grpc/proto-google-common-protos/2.0.1/proto-google-common-protos-2.0.1.jar:/home/xs242-saykun/.m2/repository/io/grpc/grpc-protobuf-lite/1.37.0/grpc-protobuf-lite-1.37.0.jar:/home/xs242-saykun/.m2/repository/org/codehaus/mojo/animal-sniffer-annotations/1.19/animal-sniffer-annotations-1.19.jar:/home/xs242-saykun/.m2/repository/io/grpc/grpc-stub/1.37.0/grpc-stub-1.37.0.jar:/home/xs242-saykun/.m2/repository/javax/annotation/javax.annotation-api/1.3.2/javax.annotation-api-1.3.2.jar:/home/xs242-saykun/.m2/repository/org/assertj/assertj-core/3.19.0/assertj-core-3.19.0.jar:/home/xs242-saykun/.m2/repository/org/testng/testng/6.14.3/testng-6.14.3.jar:/home/xs242-saykun/.m2/repository/com/beust/jcommander/1.72/jcommander-1.72.jar:/home/xs242-saykun/.m2/repository/org/apache-extras/beanshell/bsh/2.0b6/bsh-2.0b6.jar:/home/xs242-saykun/.m2/repository/org/seleniumhq/selenium/selenium-java/3.141.59/selenium-java-3.141.59.jar:/home/xs242-saykun/.m2/repository/org/seleniumhq/selenium/selenium-api/3.141.59/selenium-api-3.141.59.jar:/home/xs242-saykun/.m2/repository/org/seleniumhq/selenium/selenium-chrome-driver/3.141.59/selenium-chrome-driver-3.141.59.jar:/home/xs242-saykun/.m2/repository/org/seleniumhq/selenium/selenium-edge-driver/3.141.59/selenium-edge-driver-3.141.59.jar:/home/xs242-saykun/.m2/repository/org/seleniumhq/selenium/selenium-firefox-driver/3.141.59/selenium-firefox-driver-3.141.59.jar:/home/xs242-saykun/.m2/repository/org/seleniumhq/selenium/selenium-ie-driver/3.141.59/selenium-ie-driver-3.141.59.jar:/home/xs242-saykun/.m2/repository/org/seleniumhq/selenium/selenium-opera-driver/3.141.59/selenium-opera-driver-3.141.59.jar:/home/xs242-saykun/.m2/repository/org/seleniumhq/selenium/selenium-remote-driver/3.141.59/selenium-remote-driver-3.141.59.jar:/home/xs242-saykun/.m2/repository/org/seleniumhq/selenium/selenium-safari-driver/3.141.59/selenium-safari-driver-3.141.59.jar:/home/xs242-saykun/.m2/repository/org/seleniumhq/selenium/selenium-support/3.141.59/selenium-support-3.141.59.jar:/home/xs242-saykun/.m2/repository/net/bytebuddy/byte-buddy/1.8.15/byte-buddy-1.8.15.jar:/home/xs242-saykun/.m2/repository/org/apache/commons/commons-exec/1.3/commons-exec-1.3.jar:/home/xs242-saykun/.m2/repository/com/squareup/okhttp3/okhttp/3.11.0/okhttp-3.11.0.jar:/home/xs242-saykun/.m2/repository/com/squareup/okio/okio/1.14.0/okio-1.14.0.jar:/home/xs242-saykun/.m2/repository/io/github/bonigarcia/webdrivermanager/4.4.0/webdrivermanager-4.4.0.jar:/home/xs242-saykun/.m2/repository/org/slf4j/slf4j-api/1.7.30/slf4j-api-1.7.30.jar:/home/xs242-saykun/.m2/repository/com/google/code/gson/gson/2.8.6/gson-2.8.6.jar:/home/xs242-saykun/.m2/repository/org/apache/commons/commons-lang3/3.12.0/commons-lang3-3.12.0.jar:/home/xs242-saykun/.m2/repository/org/apache/httpcomponents/client5/httpclient5/5.0.3/httpclient5-5.0.3.jar:/home/xs242-saykun/.m2/repository/org/apache/httpcomponents/core5/httpcore5/5.0.2/httpcore5-5.0.2.jar:/home/xs242-saykun/.m2/repository/org/apache/httpcomponents/core5/httpcore5-h2/5.0.2/httpcore5-h2-5.0.2.jar:/home/xs242-saykun/.m2/repository/commons-codec/commons-codec/1.13/commons-codec-1.13.jar:/home/xs242-saykun/.m2/repository/org/rauschig/jarchivelib/1.1.0/jarchivelib-1.1.0.jar:/home/xs242-saykun/.m2/repository/org/apache/commons/commons-compress/1.20/commons-compress-1.20.jar:/home/xs242-saykun/.m2/repository/org/jsoup/jsoup/1.13.1/jsoup-1.13.1.jar:/home/xs242-saykun/.m2/repository/org/reflections/reflections/0.9.10/reflections-0.9.10.jar:/home/xs242-saykun/.m2/repository/org/javassist/javassist/3.19.0-GA/javassist-3.19.0-GA.jar:/home/xs242-saykun/.m2/repository/com/google/code/findbugs/annotations/2.0.1/annotations-2.0.1.jar
29-08-2022 11:45:50.466 [java] [DEBUG] found java executable in java
29-08-2022 11:45:50.466 [java] [DEBUG] running - java [-Dfile.encoding=UTF-8 com.thoughtworks.gauge.GaugeRuntime --start]
29-08-2022 11:45:50.466 [java] [DEBUG] stdout/stderr is logged to logs/24441-java.out
29-08-2022 11:45:50.558 [java] [DEBUG] multithreading is set to false
29-08-2022 11:45:50.931 [java] [DEBUG] Using reflection to scan dependencies for gauge implementations...
29-08-2022 11:45:51.051 [java] [ERROR] SLF4J: Failed to load class "org.slf4j.impl.StaticLoggerBinder".
29-08-2022 11:45:51.051 [java] [ERROR] SLF4J: Defaulting to no-operation (NOP) logger implementation
29-08-2022 11:45:51.052 [java] [ERROR] SLF4J: See http://www.slf4j.org/codes.html#StaticLoggerBinder for further details.
29-08-2022 11:45:51.586 [java] [DEBUG] gauge-java took 1028milliseconds to load and scan. This should be less than 'runner_connection_timeout' config value.
29-08-2022 11:45:51.587 [java] [DEBUG] run 'gauge config runner_connection_timeout' and verify that it is < 1028
29-08-2022 11:45:51.587 [java] [DEBUG] starting gRPC server...
29-08-2022 11:45:51.760 [Gauge] [DEBUG] Attempting to connect to grpc server at port: 43277
29-08-2022 11:45:51.970 [Gauge] [DEBUG] Successfully made the connection with runner with port: 43277
29-08-2022 11:45:51.970 [Gauge] [INFO] LangServer: reading on stdin, writing on stdout
29-08-2022 11:45:54.498 [Gauge] [INFO] Initializing concepts cache with 0 concepts
29-08-2022 11:45:54.498 [Gauge] [INFO] Initializing specs cache with 1 specs
29-08-2022 11:45:54.498 [Gauge] [DEBUG] Adding specs from /home/xs242-saykun/Desktop/Office/SmokeRegression/trial4/specs/example.spec
29-08-2022 11:45:54.499 [Gauge] [INFO] Initializing steps cache with 1 steps
29-08-2022 11:45:54.499 [Gauge] [INFO] Starting language runner
29-08-2022 11:45:54.514 [Gauge] [DEBUG] Watching directory: /home/xs242-saykun/Desktop/Office/SmokeRegression/trial4/specs
29-08-2022 11:45:54.514 [Gauge] [DEBUG] Found 1 files
29-08-2022 11:45:54.514 [java] [DEBUG] ***** Printing Properties/Env Values *****
29-08-2022 11:45:54.514 [java] [DEBUG] PATH: /home/xs242-saykun/bin:/usr/local/sbin:/usr/local/bin:/usr/sbin:/usr/bin:/sbin:/bin:/usr/games:/usr/local/games:/snap/bin:/home/xs242-saykun/.dotnet/tools:/home/xs242-saykun/.gauge/plugins/screenshot/0.1.0
29-08-2022 11:45:54.514 [java] [DEBUG] JAVA_HOME: 
29-08-2022 11:45:54.514 [java] [DEBUG] gauge_project_root: 
29-08-2022 11:45:54.514 [java] [DEBUG] gauge_parallel_streams_count: 
29-08-2022 11:45:54.514 [java] [DEBUG] gauge_reports_dir: reports
29-08-2022 11:45:54.514 [java] [DEBUG] overwrite_reports: true
29-08-2022 11:45:54.514 [java] [DEBUG] logs_directory: logs
29-08-2022 11:45:54.514 [java] [DEBUG] enable_multithreading: false
29-08-2022 11:45:54.514 [java] [DEBUG] gauge_specs_dir: specs
29-08-2022 11:45:54.514 [java] [DEBUG] csv_delimiter: ,
29-08-2022 11:45:54.514 [java] [DEBUG] gauge_java_home: 
29-08-2022 11:45:54.514 [java] [DEBUG] gauge_custom_build_path: 
29-08-2022 11:45:54.514 [java] [DEBUG] gauge_additional_libs: libs/*
29-08-2022 11:45:54.515 [java] [DEBUG] gauge_jvm_args: 
29-08-2022 11:45:54.515 [java] [DEBUG] gauge_custom_compile_dir: 
29-08-2022 11:45:54.515 [java] [DEBUG] gauge_clear_state_level: scenario
29-08-2022 11:45:54.515 [java] [DEBUG] ***** END *****
29-08-2022 11:45:55.532 [java] [ERROR] WARNING: An illegal reflective access operation has occurred
29-08-2022 11:45:55.532 [java] [ERROR] WARNING: Illegal reflective access by com.google.inject.internal.cglib.core.$ReflectUtils$1 (file:/usr/share/maven/lib/guice.jar) to method java.lang.ClassLoader.defineClass(java.lang.String,byte[],int,int,java.security.ProtectionDomain)
29-08-2022 11:45:55.532 [java] [ERROR] WARNING: Please consider reporting this to the maintainers of com.google.inject.internal.cglib.core.$ReflectUtils$1
29-08-2022 11:45:55.532 [java] [ERROR] WARNING: Use --illegal-access=warn to enable warnings of further illegal reflective access operations
29-08-2022 11:45:55.532 [java] [ERROR] WARNING: All illegal access operations will be denied in a future release
29-08-2022 11:45:58.670 [java] [ERROR] Installed version of gauge-java (0.9.1) does not match with dependency gauge-java (0.7.15) specified in pom.xml file
29-08-2022 11:45:58.670 [java] [DEBUG] classpath set to /home/xs242-saykun/Desktop/Office/SmokeRegression/trial4/target/test-classes:/home/xs242-saykun/Desktop/Office/SmokeRegression/trial4/target/classes:/home/xs242-saykun/.m2/repository/com/thoughtworks/gauge/gauge-java/0.7.15/gauge-java-0.7.15.jar:/home/xs242-saykun/.m2/repository/com/github/javaparser/javaparser-core/3.16.3/javaparser-core-3.16.3.jar:/home/xs242-saykun/.m2/repository/commons-io/commons-io/2.8.0/commons-io-2.8.0.jar:/home/xs242-saykun/.m2/repository/commons-lang/commons-lang/2.6/commons-lang-2.6.jar:/home/xs242-saykun/.m2/repository/org/json/json/20210307/json-20210307.jar:/home/xs242-saykun/.m2/repository/com/google/protobuf/protobuf-java/3.15.8/protobuf-java-3.15.8.jar:/home/xs242-saykun/.m2/repository/com/google/guava/guava/30.1.1-jre/guava-30.1.1-jre.jar:/home/xs242-saykun/.m2/repository/com/google/guava/failureaccess/1.0.1/failureaccess-1.0.1.jar:/home/xs242-saykun/.m2/repository/com/google/guava/listenablefuture/9999.0-empty-to-avoid-conflict-with-guava/listenablefuture-9999.0-empty-to-avoid-conflict-with-guava.jar:/home/xs242-saykun/.m2/repository/com/google/code/findbugs/jsr305/3.0.2/jsr305-3.0.2.jar:/home/xs242-saykun/.m2/repository/org/checkerframework/checker-qual/3.8.0/checker-qual-3.8.0.jar:/home/xs242-saykun/.m2/repository/com/google/errorprone/error_prone_annotations/2.5.1/error_prone_annotations-2.5.1.jar:/home/xs242-saykun/.m2/repository/com/google/j2objc/j2objc-annotations/1.3/j2objc-annotations-1.3.jar:/home/xs242-saykun/.m2/repository/io/grpc/grpc-netty-shaded/1.37.0/grpc-netty-shaded-1.37.0.jar:/home/xs242-saykun/.m2/repository/io/grpc/grpc-core/1.37.0/grpc-core-1.37.0.jar:/home/xs242-saykun/.m2/repository/com/google/android/annotations/4.1.1.4/annotations-4.1.1.4.jar:/home/xs242-saykun/.m2/repository/io/perfmark/perfmark-api/0.23.0/perfmark-api-0.23.0.jar:/home/xs242-saykun/.m2/repository/io/grpc/grpc-protobuf/1.37.0/grpc-protobuf-1.37.0.jar:/home/xs242-saykun/.m2/repository/io/grpc/grpc-api/1.37.0/grpc-api-1.37.0.jar:/home/xs242-saykun/.m2/repository/io/grpc/grpc-context/1.37.0/grpc-context-1.37.0.jar:/home/xs242-saykun/.m2/repository/com/google/api/grpc/proto-google-common-protos/2.0.1/proto-google-common-protos-2.0.1.jar:/home/xs242-saykun/.m2/repository/io/grpc/grpc-protobuf-lite/1.37.0/grpc-protobuf-lite-1.37.0.jar:/home/xs242-saykun/.m2/repository/org/codehaus/mojo/animal-sniffer-annotations/1.19/animal-sniffer-annotations-1.19.jar:/home/xs242-saykun/.m2/repository/io/grpc/grpc-stub/1.37.0/grpc-stub-1.37.0.jar:/home/xs242-saykun/.m2/repository/javax/annotation/javax.annotation-api/1.3.2/javax.annotation-api-1.3.2.jar:/home/xs242-saykun/.m2/repository/org/assertj/assertj-core/3.19.0/assertj-core-3.19.0.jar:/home/xs242-saykun/.m2/repository/org/testng/testng/6.14.3/testng-6.14.3.jar:/home/xs242-saykun/.m2/repository/com/beust/jcommander/1.72/jcommander-1.72.jar:/home/xs242-saykun/.m2/repository/org/apache-extras/beanshell/bsh/2.0b6/bsh-2.0b6.jar:/home/xs242-saykun/.m2/repository/org/seleniumhq/selenium/selenium-java/3.141.59/selenium-java-3.141.59.jar:/home/xs242-saykun/.m2/repository/org/seleniumhq/selenium/selenium-api/3.141.59/selenium-api-3.141.59.jar:/home/xs242-saykun/.m2/repository/org/seleniumhq/selenium/selenium-chrome-driver/3.141.59/selenium-chrome-driver-3.141.59.jar:/home/xs242-saykun/.m2/repository/org/seleniumhq/selenium/selenium-edge-driver/3.141.59/selenium-edge-driver-3.141.59.jar:/home/xs242-saykun/.m2/repository/org/seleniumhq/selenium/selenium-firefox-driver/3.141.59/selenium-firefox-driver-3.141.59.jar:/home/xs242-saykun/.m2/repository/org/seleniumhq/selenium/selenium-ie-driver/3.141.59/selenium-ie-driver-3.141.59.jar:/home/xs242-saykun/.m2/repository/org/seleniumhq/selenium/selenium-opera-driver/3.141.59/selenium-opera-driver-3.141.59.jar:/home/xs242-saykun/.m2/repository/org/seleniumhq/selenium/selenium-remote-driver/3.141.59/selenium-remote-driver-3.141.59.jar:/home/xs242-saykun/.m2/repository/org/seleniumhq/selenium/selenium-safari-driver/3.141.59/selenium-safari-driver-3.141.59.jar:/home/xs242-saykun/.m2/repository/org/seleniumhq/selenium/selenium-support/3.141.59/selenium-support-3.141.59.jar:/home/xs242-saykun/.m2/repository/net/bytebuddy/byte-buddy/1.8.15/byte-buddy-1.8.15.jar:/home/xs242-saykun/.m2/repository/org/apache/commons/commons-exec/1.3/commons-exec-1.3.jar:/home/xs242-saykun/.m2/repository/com/squareup/okhttp3/okhttp/3.11.0/okhttp-3.11.0.jar:/home/xs242-saykun/.m2/repository/com/squareup/okio/okio/1.14.0/okio-1.14.0.jar:/home/xs242-saykun/.m2/repository/io/github/bonigarcia/webdrivermanager/4.4.0/webdrivermanager-4.4.0.jar:/home/xs242-saykun/.m2/repository/org/slf4j/slf4j-api/1.7.30/slf4j-api-1.7.30.jar:/home/xs242-saykun/.m2/repository/com/google/code/gson/gson/2.8.6/gson-2.8.6.jar:/home/xs242-saykun/.m2/repository/org/apache/commons/commons-lang3/3.12.0/commons-lang3-3.12.0.jar:/home/xs242-saykun/.m2/repository/org/apache/httpcomponents/client5/httpclient5/5.0.3/httpclient5-5.0.3.jar:/home/xs242-saykun/.m2/repository/org/apache/httpcomponents/core5/httpcore5/5.0.2/httpcore5-5.0.2.jar:/home/xs242-saykun/.m2/repository/org/apache/httpcomponents/core5/httpcore5-h2/5.0.2/httpcore5-h2-5.0.2.jar:/home/xs242-saykun/.m2/repository/commons-codec/commons-codec/1.13/commons-codec-1.13.jar:/home/xs242-saykun/.m2/repository/org/rauschig/jarchivelib/1.1.0/jarchivelib-1.1.0.jar:/home/xs242-saykun/.m2/repository/org/apache/commons/commons-compress/1.20/commons-compress-1.20.jar:/home/xs242-saykun/.m2/repository/org/jsoup/jsoup/1.13.1/jsoup-1.13.1.jar:/home/xs242-saykun/.m2/repository/org/reflections/reflections/0.9.10/reflections-0.9.10.jar:/home/xs242-saykun/.m2/repository/org/javassist/javassist/3.19.0-GA/javassist-3.19.0-GA.jar:/home/xs242-saykun/.m2/repository/com/google/code/findbugs/annotations/2.0.1/annotations-2.0.1.jar
29-08-2022 11:45:58.670 [java] [DEBUG] found java executable in java
29-08-2022 11:45:58.670 [java] [DEBUG] running - java [-Dfile.encoding=UTF-8 com.thoughtworks.gauge.GaugeRuntime --start]
29-08-2022 11:45:58.670 [java] [DEBUG] stdout/stderr is logged to logs/24820-java.out
29-08-2022 11:45:58.805 [java] [DEBUG] multithreading is set to false
29-08-2022 11:45:59.540 [java] [DEBUG] Using reflection to scan dependencies for gauge implementations...
29-08-2022 11:45:59.742 [java] [ERROR] SLF4J: Failed to load class "org.slf4j.impl.StaticLoggerBinder".
29-08-2022 11:45:59.742 [java] [ERROR] SLF4J: Defaulting to no-operation (NOP) logger implementation
29-08-2022 11:45:59.742 [java] [ERROR] SLF4J: See http://www.slf4j.org/codes.html#StaticLoggerBinder for further details.
29-08-2022 11:46:00.642 [java] [DEBUG] gauge-java took 1834milliseconds to load and scan. This should be less than 'runner_connection_timeout' config value.
29-08-2022 11:46:00.642 [java] [DEBUG] run 'gauge config runner_connection_timeout' and verify that it is < 1834
29-08-2022 11:46:00.642 [java] [DEBUG] starting gRPC server...
29-08-2022 11:46:01.081 [Gauge] [DEBUG] Attempting to connect to grpc server at port: 33139
29-08-2022 11:46:01.339 [Gauge] [DEBUG] Successfully made the connection with runner with port: 33139
29-08-2022 11:46:01.340 [Gauge] [INFO] LangServer: reading on stdin, writing on stdout
29-08-2022 11:46:01.507 [Gauge] [DEBUG] Validation started.
29-08-2022 11:46:02.843 [java] [DEBUG] Scanning packages for steps
29-08-2022 11:46:02.855 [java] [DEBUG] Comparing 'StepImplementation.goToElixr' and 'StepImplementation.goToElixr'
29-08-2022 11:46:02.855 [java] [DEBUG] Found Go to elixr in current project scope.
29-08-2022 11:46:02.855 [java] [DEBUG] Comparing 'StepImplementation.pageTitle' and 'StepImplementation.pageTitle'
29-08-2022 11:46:02.855 [java] [DEBUG] Found Page title in current project scope.
29-08-2022 11:46:02.855 [java] [DEBUG] Comparing 'StepImplementation.validateThePageTitle' and 'StepImplementation.validateThePageTitle'
29-08-2022 11:46:02.855 [java] [DEBUG] Found Validate the page title in current project scope.
29-08-2022 11:46:02.855 [java] [DEBUG] Comparing 'StepImplementation.validateTitlepage' and 'StepImplementation.validateTitlepage'
29-08-2022 11:46:02.855 [java] [DEBUG] Found Validate titlePage in current project scope.
29-08-2022 11:46:02.855 [java] [DEBUG] Comparing 'StepImplementation.goToOnboard' and 'StepImplementation.goToOnboard'
29-08-2022 11:46:02.855 [java] [DEBUG] Found Go to onboard in current project scope.
29-08-2022 11:46:02.855 [java] [DEBUG] Comparing 'StepImplementation.goToXs' and 'StepImplementation.goToXs'
29-08-2022 11:46:02.855 [java] [DEBUG] Found Go to xs in current project scope.
29-08-2022 11:46:02.855 [java] [DEBUG] Scanning packages for hooks
29-08-2022 11:46:02.858 [java] [DEBUG] Scanned steps (using static parsing + reflections): 
29-08-2022 11:46:02.858 [java] [DEBUG] 	Go to elixr : public void goToElixr() throws InterruptedException
29-08-2022 11:46:02.858 [java] [DEBUG] 	Go to onboard : public void goToOnboard() throws InterruptedException
29-08-2022 11:46:02.859 [java] [DEBUG] 	Validate titlePage : public void validateTitlepage() throws InterruptedException
29-08-2022 11:46:02.859 [java] [DEBUG] 	Validate the page title : public void validateThePageTitle() throws InterruptedException
29-08-2022 11:46:02.859 [java] [DEBUG] 	Page title : public void pageTitle()
29-08-2022 11:46:02.860 [java] [DEBUG] 	Go to xs : public void goToXs() throws InterruptedException
29-08-2022 11:46:03.862 [Gauge] [DEBUG] Validation completed.
